[2025-02-01T23:10:58.185+0000] {processor.py:186} INFO - Started process (PID=108) to work on /opt/airflow/dags/dag.py
[2025-02-01T23:10:58.205+0000] {processor.py:914} INFO - Processing file /opt/airflow/dags/dag.py for tasks to queue
[2025-02-01T23:10:58.295+0000] {logging_mixin.py:190} INFO - [2025-02-01T23:10:58.270+0000] {dagbag.py:588} INFO - Filling up the DagBag from /opt/airflow/dags/dag.py
[2025-02-01T23:10:58.884+0000] {processor.py:925} INFO - DAG(s) 'prim_pipelines' retrieved from /opt/airflow/dags/dag.py
[2025-02-01T23:11:03.465+0000] {logging_mixin.py:190} INFO - [2025-02-01T23:11:03.460+0000] {override.py:1911} INFO - Created Permission View: can edit on DAG:prim_pipelines
[2025-02-01T23:11:03.552+0000] {logging_mixin.py:190} INFO - [2025-02-01T23:11:03.552+0000] {override.py:1911} INFO - Created Permission View: can delete on DAG:prim_pipelines
[2025-02-01T23:11:03.590+0000] {logging_mixin.py:190} INFO - [2025-02-01T23:11:03.589+0000] {override.py:1911} INFO - Created Permission View: can read on DAG:prim_pipelines
[2025-02-01T23:11:03.639+0000] {logging_mixin.py:190} INFO - [2025-02-01T23:11:03.638+0000] {override.py:1911} INFO - Created Permission View: menu access on DAG Run:prim_pipelines
[2025-02-01T23:11:03.681+0000] {logging_mixin.py:190} INFO - [2025-02-01T23:11:03.680+0000] {override.py:1911} INFO - Created Permission View: can create on DAG Run:prim_pipelines
[2025-02-01T23:11:03.729+0000] {logging_mixin.py:190} INFO - [2025-02-01T23:11:03.728+0000] {override.py:1911} INFO - Created Permission View: can delete on DAG Run:prim_pipelines
[2025-02-01T23:11:03.771+0000] {logging_mixin.py:190} INFO - [2025-02-01T23:11:03.771+0000] {override.py:1911} INFO - Created Permission View: can read on DAG Run:prim_pipelines
[2025-02-01T23:11:03.782+0000] {logging_mixin.py:190} INFO - [2025-02-01T23:11:03.779+0000] {dag.py:3239} INFO - Sync 1 DAGs
[2025-02-01T23:11:03.972+0000] {logging_mixin.py:190} INFO - [2025-02-01T23:11:03.971+0000] {dag.py:3262} INFO - Creating ORM DAG for prim_pipelines
[2025-02-01T23:11:04.174+0000] {logging_mixin.py:190} INFO - [2025-02-01T23:11:04.173+0000] {dag.py:4180} INFO - Setting next_dagrun for prim_pipelines to 2025-01-31 00:00:00+00:00, run_after=2025-02-01 00:00:00+00:00
[2025-02-01T23:11:04.421+0000] {processor.py:208} INFO - Processing /opt/airflow/dags/dag.py took 6.431 seconds
[2025-02-01T23:11:36.541+0000] {processor.py:186} INFO - Started process (PID=115) to work on /opt/airflow/dags/dag.py
[2025-02-01T23:11:36.610+0000] {processor.py:914} INFO - Processing file /opt/airflow/dags/dag.py for tasks to queue
[2025-02-01T23:11:37.729+0000] {logging_mixin.py:190} INFO - [2025-02-01T23:11:37.658+0000] {dagbag.py:588} INFO - Filling up the DagBag from /opt/airflow/dags/dag.py
[2025-02-01T23:11:39.482+0000] {processor.py:925} INFO - DAG(s) 'prim_pipelines' retrieved from /opt/airflow/dags/dag.py
[2025-02-01T23:11:40.069+0000] {logging_mixin.py:190} INFO - [2025-02-01T23:11:40.068+0000] {dag.py:3239} INFO - Sync 1 DAGs
[2025-02-01T23:11:40.453+0000] {logging_mixin.py:190} INFO - [2025-02-01T23:11:40.449+0000] {dag.py:4180} INFO - Setting next_dagrun for prim_pipelines to 2025-01-31 00:00:00+00:00, run_after=2025-02-01 00:00:00+00:00
[2025-02-01T23:11:40.678+0000] {processor.py:208} INFO - Processing /opt/airflow/dags/dag.py took 4.915 seconds
[2025-02-01T23:12:11.870+0000] {processor.py:186} INFO - Started process (PID=128) to work on /opt/airflow/dags/dag.py
[2025-02-01T23:12:11.896+0000] {processor.py:914} INFO - Processing file /opt/airflow/dags/dag.py for tasks to queue
[2025-02-01T23:12:11.947+0000] {logging_mixin.py:190} INFO - [2025-02-01T23:12:11.942+0000] {dagbag.py:588} INFO - Filling up the DagBag from /opt/airflow/dags/dag.py
[2025-02-01T23:12:12.081+0000] {processor.py:925} INFO - DAG(s) 'prim_pipelines' retrieved from /opt/airflow/dags/dag.py
[2025-02-01T23:12:12.291+0000] {logging_mixin.py:190} INFO - [2025-02-01T23:12:12.291+0000] {dag.py:3239} INFO - Sync 1 DAGs
[2025-02-01T23:12:12.509+0000] {logging_mixin.py:190} INFO - [2025-02-01T23:12:12.508+0000] {dag.py:4180} INFO - Setting next_dagrun for prim_pipelines to 2025-01-31 00:00:00+00:00, run_after=2025-02-01 00:00:00+00:00
[2025-02-01T23:12:12.647+0000] {processor.py:208} INFO - Processing /opt/airflow/dags/dag.py took 0.873 seconds
[2025-02-01T23:12:43.352+0000] {processor.py:186} INFO - Started process (PID=135) to work on /opt/airflow/dags/dag.py
[2025-02-01T23:12:43.354+0000] {processor.py:914} INFO - Processing file /opt/airflow/dags/dag.py for tasks to queue
[2025-02-01T23:12:43.361+0000] {logging_mixin.py:190} INFO - [2025-02-01T23:12:43.361+0000] {dagbag.py:588} INFO - Filling up the DagBag from /opt/airflow/dags/dag.py
[2025-02-01T23:12:43.425+0000] {processor.py:925} INFO - DAG(s) 'prim_pipelines' retrieved from /opt/airflow/dags/dag.py
[2025-02-01T23:12:43.492+0000] {logging_mixin.py:190} INFO - [2025-02-01T23:12:43.491+0000] {dag.py:3239} INFO - Sync 1 DAGs
[2025-02-01T23:12:43.559+0000] {logging_mixin.py:190} INFO - [2025-02-01T23:12:43.559+0000] {dag.py:4180} INFO - Setting next_dagrun for prim_pipelines to 2025-01-31 00:00:00+00:00, run_after=2025-02-01 00:00:00+00:00
[2025-02-01T23:12:43.618+0000] {processor.py:208} INFO - Processing /opt/airflow/dags/dag.py took 0.316 seconds
[2025-02-01T23:13:13.966+0000] {processor.py:186} INFO - Started process (PID=148) to work on /opt/airflow/dags/dag.py
[2025-02-01T23:13:13.969+0000] {processor.py:914} INFO - Processing file /opt/airflow/dags/dag.py for tasks to queue
[2025-02-01T23:13:13.980+0000] {logging_mixin.py:190} INFO - [2025-02-01T23:13:13.979+0000] {dagbag.py:588} INFO - Filling up the DagBag from /opt/airflow/dags/dag.py
[2025-02-01T23:13:14.065+0000] {processor.py:925} INFO - DAG(s) 'prim_pipelines' retrieved from /opt/airflow/dags/dag.py
[2025-02-01T23:13:14.202+0000] {logging_mixin.py:190} INFO - [2025-02-01T23:13:14.202+0000] {dag.py:3239} INFO - Sync 1 DAGs
[2025-02-01T23:13:14.289+0000] {logging_mixin.py:190} INFO - [2025-02-01T23:13:14.288+0000] {dag.py:4180} INFO - Setting next_dagrun for prim_pipelines to 2025-02-01 00:00:00+00:00, run_after=2025-02-02 00:00:00+00:00
[2025-02-01T23:13:14.335+0000] {processor.py:208} INFO - Processing /opt/airflow/dags/dag.py took 0.391 seconds
[2025-02-01T23:13:44.916+0000] {processor.py:186} INFO - Started process (PID=159) to work on /opt/airflow/dags/dag.py
[2025-02-01T23:13:44.920+0000] {processor.py:914} INFO - Processing file /opt/airflow/dags/dag.py for tasks to queue
[2025-02-01T23:13:44.926+0000] {logging_mixin.py:190} INFO - [2025-02-01T23:13:44.924+0000] {dagbag.py:588} INFO - Filling up the DagBag from /opt/airflow/dags/dag.py
[2025-02-01T23:13:44.984+0000] {processor.py:925} INFO - DAG(s) 'prim_pipelines' retrieved from /opt/airflow/dags/dag.py
[2025-02-01T23:13:45.033+0000] {logging_mixin.py:190} INFO - [2025-02-01T23:13:45.032+0000] {dag.py:3239} INFO - Sync 1 DAGs
[2025-02-01T23:13:45.080+0000] {logging_mixin.py:190} INFO - [2025-02-01T23:13:45.079+0000] {dag.py:4180} INFO - Setting next_dagrun for prim_pipelines to 2025-02-01 00:00:00+00:00, run_after=2025-02-02 00:00:00+00:00
[2025-02-01T23:13:45.134+0000] {processor.py:208} INFO - Processing /opt/airflow/dags/dag.py took 0.231 seconds
[2025-02-01T23:14:15.685+0000] {processor.py:186} INFO - Started process (PID=166) to work on /opt/airflow/dags/dag.py
[2025-02-01T23:14:15.687+0000] {processor.py:914} INFO - Processing file /opt/airflow/dags/dag.py for tasks to queue
[2025-02-01T23:14:15.691+0000] {logging_mixin.py:190} INFO - [2025-02-01T23:14:15.690+0000] {dagbag.py:588} INFO - Filling up the DagBag from /opt/airflow/dags/dag.py
[2025-02-01T23:14:15.727+0000] {processor.py:925} INFO - DAG(s) 'prim_pipelines' retrieved from /opt/airflow/dags/dag.py
[2025-02-01T23:14:15.773+0000] {logging_mixin.py:190} INFO - [2025-02-01T23:14:15.773+0000] {dag.py:3239} INFO - Sync 1 DAGs
[2025-02-01T23:14:15.833+0000] {logging_mixin.py:190} INFO - [2025-02-01T23:14:15.832+0000] {dag.py:4180} INFO - Setting next_dagrun for prim_pipelines to 2025-02-01 00:00:00+00:00, run_after=2025-02-02 00:00:00+00:00
[2025-02-01T23:14:15.865+0000] {processor.py:208} INFO - Processing /opt/airflow/dags/dag.py took 0.191 seconds
[2025-02-01T23:14:46.153+0000] {processor.py:186} INFO - Started process (PID=173) to work on /opt/airflow/dags/dag.py
[2025-02-01T23:14:46.155+0000] {processor.py:914} INFO - Processing file /opt/airflow/dags/dag.py for tasks to queue
[2025-02-01T23:14:46.159+0000] {logging_mixin.py:190} INFO - [2025-02-01T23:14:46.158+0000] {dagbag.py:588} INFO - Filling up the DagBag from /opt/airflow/dags/dag.py
[2025-02-01T23:14:46.219+0000] {processor.py:925} INFO - DAG(s) 'prim_pipelines' retrieved from /opt/airflow/dags/dag.py
[2025-02-01T23:14:46.295+0000] {logging_mixin.py:190} INFO - [2025-02-01T23:14:46.294+0000] {dag.py:3239} INFO - Sync 1 DAGs
[2025-02-01T23:14:46.367+0000] {logging_mixin.py:190} INFO - [2025-02-01T23:14:46.366+0000] {dag.py:4180} INFO - Setting next_dagrun for prim_pipelines to 2025-02-01 00:00:00+00:00, run_after=2025-02-02 00:00:00+00:00
[2025-02-01T23:14:46.405+0000] {processor.py:208} INFO - Processing /opt/airflow/dags/dag.py took 0.262 seconds
[2025-02-01T23:15:16.662+0000] {processor.py:186} INFO - Started process (PID=180) to work on /opt/airflow/dags/dag.py
[2025-02-01T23:15:16.664+0000] {processor.py:914} INFO - Processing file /opt/airflow/dags/dag.py for tasks to queue
[2025-02-01T23:15:16.668+0000] {logging_mixin.py:190} INFO - [2025-02-01T23:15:16.667+0000] {dagbag.py:588} INFO - Filling up the DagBag from /opt/airflow/dags/dag.py
[2025-02-01T23:15:16.704+0000] {processor.py:925} INFO - DAG(s) 'prim_pipelines' retrieved from /opt/airflow/dags/dag.py
[2025-02-01T23:15:16.751+0000] {logging_mixin.py:190} INFO - [2025-02-01T23:15:16.751+0000] {dag.py:3239} INFO - Sync 1 DAGs
[2025-02-01T23:15:16.793+0000] {logging_mixin.py:190} INFO - [2025-02-01T23:15:16.793+0000] {dag.py:4180} INFO - Setting next_dagrun for prim_pipelines to 2025-02-01 00:00:00+00:00, run_after=2025-02-02 00:00:00+00:00
[2025-02-01T23:15:19.803+0000] {processor.py:208} INFO - Processing /opt/airflow/dags/dag.py took 3.151 seconds
[2025-02-01T23:15:50.421+0000] {processor.py:186} INFO - Started process (PID=187) to work on /opt/airflow/dags/dag.py
[2025-02-01T23:15:50.423+0000] {processor.py:914} INFO - Processing file /opt/airflow/dags/dag.py for tasks to queue
[2025-02-01T23:15:50.426+0000] {logging_mixin.py:190} INFO - [2025-02-01T23:15:50.426+0000] {dagbag.py:588} INFO - Filling up the DagBag from /opt/airflow/dags/dag.py
[2025-02-01T23:15:50.459+0000] {processor.py:925} INFO - DAG(s) 'prim_pipelines' retrieved from /opt/airflow/dags/dag.py
[2025-02-01T23:15:50.499+0000] {logging_mixin.py:190} INFO - [2025-02-01T23:15:50.499+0000] {dag.py:3239} INFO - Sync 1 DAGs
[2025-02-01T23:15:50.711+0000] {logging_mixin.py:190} INFO - [2025-02-01T23:15:50.711+0000] {dag.py:4180} INFO - Setting next_dagrun for prim_pipelines to 2025-02-01 00:00:00+00:00, run_after=2025-02-02 00:00:00+00:00
[2025-02-01T23:15:50.737+0000] {processor.py:208} INFO - Processing /opt/airflow/dags/dag.py took 0.325 seconds
[2025-02-01T23:16:21.146+0000] {processor.py:186} INFO - Started process (PID=198) to work on /opt/airflow/dags/dag.py
[2025-02-01T23:16:21.148+0000] {processor.py:914} INFO - Processing file /opt/airflow/dags/dag.py for tasks to queue
[2025-02-01T23:16:21.151+0000] {logging_mixin.py:190} INFO - [2025-02-01T23:16:21.151+0000] {dagbag.py:588} INFO - Filling up the DagBag from /opt/airflow/dags/dag.py
[2025-02-01T23:16:21.190+0000] {processor.py:925} INFO - DAG(s) 'prim_pipelines' retrieved from /opt/airflow/dags/dag.py
[2025-02-01T23:16:21.432+0000] {logging_mixin.py:190} INFO - [2025-02-01T23:16:21.432+0000] {dag.py:3239} INFO - Sync 1 DAGs
[2025-02-01T23:16:21.473+0000] {logging_mixin.py:190} INFO - [2025-02-01T23:16:21.473+0000] {dag.py:4180} INFO - Setting next_dagrun for prim_pipelines to 2025-02-01 00:00:00+00:00, run_after=2025-02-02 00:00:00+00:00
[2025-02-01T23:16:21.543+0000] {processor.py:208} INFO - Processing /opt/airflow/dags/dag.py took 0.406 seconds
[2025-02-01T23:16:52.044+0000] {processor.py:186} INFO - Started process (PID=205) to work on /opt/airflow/dags/dag.py
[2025-02-01T23:16:52.046+0000] {processor.py:914} INFO - Processing file /opt/airflow/dags/dag.py for tasks to queue
[2025-02-01T23:16:52.049+0000] {logging_mixin.py:190} INFO - [2025-02-01T23:16:52.049+0000] {dagbag.py:588} INFO - Filling up the DagBag from /opt/airflow/dags/dag.py
[2025-02-01T23:16:52.298+0000] {processor.py:925} INFO - DAG(s) 'prim_pipelines' retrieved from /opt/airflow/dags/dag.py
[2025-02-01T23:16:52.338+0000] {logging_mixin.py:190} INFO - [2025-02-01T23:16:52.338+0000] {dag.py:3239} INFO - Sync 1 DAGs
[2025-02-01T23:16:52.369+0000] {logging_mixin.py:190} INFO - [2025-02-01T23:16:52.369+0000] {dag.py:4180} INFO - Setting next_dagrun for prim_pipelines to 2025-02-01 00:00:00+00:00, run_after=2025-02-02 00:00:00+00:00
[2025-02-01T23:16:52.399+0000] {processor.py:208} INFO - Processing /opt/airflow/dags/dag.py took 0.364 seconds
[2025-02-01T23:17:22.536+0000] {processor.py:186} INFO - Started process (PID=212) to work on /opt/airflow/dags/dag.py
[2025-02-01T23:17:22.538+0000] {processor.py:914} INFO - Processing file /opt/airflow/dags/dag.py for tasks to queue
[2025-02-01T23:17:22.542+0000] {logging_mixin.py:190} INFO - [2025-02-01T23:17:22.541+0000] {dagbag.py:588} INFO - Filling up the DagBag from /opt/airflow/dags/dag.py
[2025-02-01T23:17:22.582+0000] {processor.py:925} INFO - DAG(s) 'prim_pipelines' retrieved from /opt/airflow/dags/dag.py
[2025-02-01T23:17:22.638+0000] {logging_mixin.py:190} INFO - [2025-02-01T23:17:22.637+0000] {dag.py:3239} INFO - Sync 1 DAGs
[2025-02-01T23:17:22.687+0000] {logging_mixin.py:190} INFO - [2025-02-01T23:17:22.686+0000] {dag.py:4180} INFO - Setting next_dagrun for prim_pipelines to 2025-02-01 00:00:00+00:00, run_after=2025-02-02 00:00:00+00:00
[2025-02-01T23:17:22.724+0000] {processor.py:208} INFO - Processing /opt/airflow/dags/dag.py took 0.200 seconds
[2025-02-01T23:17:52.969+0000] {processor.py:186} INFO - Started process (PID=219) to work on /opt/airflow/dags/dag.py
[2025-02-01T23:17:52.970+0000] {processor.py:914} INFO - Processing file /opt/airflow/dags/dag.py for tasks to queue
[2025-02-01T23:17:52.974+0000] {logging_mixin.py:190} INFO - [2025-02-01T23:17:52.973+0000] {dagbag.py:588} INFO - Filling up the DagBag from /opt/airflow/dags/dag.py
[2025-02-01T23:17:53.016+0000] {processor.py:925} INFO - DAG(s) 'prim_pipelines' retrieved from /opt/airflow/dags/dag.py
[2025-02-01T23:17:53.061+0000] {logging_mixin.py:190} INFO - [2025-02-01T23:17:53.061+0000] {dag.py:3239} INFO - Sync 1 DAGs
[2025-02-01T23:17:53.113+0000] {logging_mixin.py:190} INFO - [2025-02-01T23:17:53.113+0000] {dag.py:4180} INFO - Setting next_dagrun for prim_pipelines to 2025-02-01 00:00:00+00:00, run_after=2025-02-02 00:00:00+00:00
[2025-02-01T23:17:53.144+0000] {processor.py:208} INFO - Processing /opt/airflow/dags/dag.py took 0.182 seconds
