[2025-01-26T02:23:10.465+0000] {local_task_job_runner.py:123} INFO - ::group::Pre task execution logs
[2025-01-26T02:23:10.488+0000] {taskinstance.py:2613} INFO - Dependencies all met for dep_context=non-requeueable deps ti=<TaskInstance: prim_pipelines.check_duplicates manual__2025-01-26T02:08:37.846460+00:00 [queued]>
[2025-01-26T02:23:10.500+0000] {taskinstance.py:2613} INFO - Dependencies all met for dep_context=requeueable deps ti=<TaskInstance: prim_pipelines.check_duplicates manual__2025-01-26T02:08:37.846460+00:00 [queued]>
[2025-01-26T02:23:10.500+0000] {taskinstance.py:2866} INFO - Starting attempt 7 of 7
[2025-01-26T02:23:10.517+0000] {taskinstance.py:2889} INFO - Executing <Task(_PythonDecoratedOperator): check_duplicates> on 2025-01-26 02:08:37.846460+00:00
[2025-01-26T02:23:10.524+0000] {warnings.py:112} WARNING - /home/***/.local/lib/python3.12/site-packages/***/task/task_runner/standard_task_runner.py:70: DeprecationWarning: This process (pid=784) is multi-threaded, use of fork() may lead to deadlocks in the child.
  pid = os.fork()

[2025-01-26T02:23:10.526+0000] {standard_task_runner.py:72} INFO - Started process 801 to run task
[2025-01-26T02:23:10.526+0000] {standard_task_runner.py:104} INFO - Running: ['***', 'tasks', 'run', 'prim_pipelines', 'check_duplicates', 'manual__2025-01-26T02:08:37.846460+00:00', '--job-id', '42', '--raw', '--subdir', 'DAGS_FOLDER/dag.py', '--cfg-path', '/tmp/tmpx6ylhd8f']
[2025-01-26T02:23:10.527+0000] {standard_task_runner.py:105} INFO - Job 42: Subtask check_duplicates
[2025-01-26T02:23:10.581+0000] {task_command.py:467} INFO - Running <TaskInstance: prim_pipelines.check_duplicates manual__2025-01-26T02:08:37.846460+00:00 [running]> on host d9d6adeb4aac
[2025-01-26T02:23:10.680+0000] {taskinstance.py:3132} INFO - Exporting env vars: AIRFLOW_CTX_DAG_OWNER='***' AIRFLOW_CTX_DAG_ID='prim_pipelines' AIRFLOW_CTX_TASK_ID='check_duplicates' AIRFLOW_CTX_EXECUTION_DATE='2025-01-26T02:08:37.846460+00:00' AIRFLOW_CTX_TRY_NUMBER='7' AIRFLOW_CTX_DAG_RUN_ID='manual__2025-01-26T02:08:37.846460+00:00'
[2025-01-26T02:23:10.682+0000] {taskinstance.py:731} INFO - ::endgroup::
[2025-01-26T02:23:10.718+0000] {logging_mixin.py:190} INFO - Nombre de lignes dupliquées = 1473
[2025-01-26T02:23:10.719+0000] {python.py:240} INFO - Done. Returned value was: None
[2025-01-26T02:23:10.732+0000] {taskinstance.py:340} INFO - ::group::Post task execution logs
[2025-01-26T02:23:10.733+0000] {taskinstance.py:352} INFO - Marking task as SUCCESS. dag_id=prim_pipelines, task_id=check_duplicates, run_id=manual__2025-01-26T02:08:37.846460+00:00, execution_date=20250126T020837, start_date=20250126T022310, end_date=20250126T022310
[2025-01-26T02:23:10.784+0000] {local_task_job_runner.py:266} INFO - Task exited with return code 0
[2025-01-26T02:23:10.803+0000] {taskinstance.py:3895} INFO - 0 downstream tasks scheduled from follow-on schedule check
[2025-01-26T02:23:10.806+0000] {local_task_job_runner.py:245} INFO - ::endgroup::
