[2025-01-26T02:18:02.383+0000] {local_task_job_runner.py:123} INFO - ::group::Pre task execution logs
[2025-01-26T02:18:02.398+0000] {taskinstance.py:2613} INFO - Dependencies all met for dep_context=non-requeueable deps ti=<TaskInstance: prim_pipelines.check_duplicates manual__2025-01-26T02:08:37.846460+00:00 [queued]>
[2025-01-26T02:18:02.406+0000] {taskinstance.py:2613} INFO - Dependencies all met for dep_context=requeueable deps ti=<TaskInstance: prim_pipelines.check_duplicates manual__2025-01-26T02:08:37.846460+00:00 [queued]>
[2025-01-26T02:18:02.407+0000] {taskinstance.py:2866} INFO - Starting attempt 6 of 6
[2025-01-26T02:18:02.421+0000] {taskinstance.py:2889} INFO - Executing <Task(_PythonDecoratedOperator): check_duplicates> on 2025-01-26 02:08:37.846460+00:00
[2025-01-26T02:18:02.429+0000] {warnings.py:112} WARNING - /home/***/.local/lib/python3.12/site-packages/***/task/task_runner/standard_task_runner.py:70: DeprecationWarning: This process (pid=648) is multi-threaded, use of fork() may lead to deadlocks in the child.
  pid = os.fork()

[2025-01-26T02:18:02.431+0000] {standard_task_runner.py:104} INFO - Running: ['***', 'tasks', 'run', 'prim_pipelines', 'check_duplicates', 'manual__2025-01-26T02:08:37.846460+00:00', '--job-id', '38', '--raw', '--subdir', 'DAGS_FOLDER/dag.py', '--cfg-path', '/tmp/tmpcazxps72']
[2025-01-26T02:18:02.432+0000] {standard_task_runner.py:72} INFO - Started process 663 to run task
[2025-01-26T02:18:02.432+0000] {standard_task_runner.py:105} INFO - Job 38: Subtask check_duplicates
[2025-01-26T02:18:02.477+0000] {task_command.py:467} INFO - Running <TaskInstance: prim_pipelines.check_duplicates manual__2025-01-26T02:08:37.846460+00:00 [running]> on host d9d6adeb4aac
[2025-01-26T02:18:02.549+0000] {taskinstance.py:3132} INFO - Exporting env vars: AIRFLOW_CTX_DAG_OWNER='***' AIRFLOW_CTX_DAG_ID='prim_pipelines' AIRFLOW_CTX_TASK_ID='check_duplicates' AIRFLOW_CTX_EXECUTION_DATE='2025-01-26T02:08:37.846460+00:00' AIRFLOW_CTX_TRY_NUMBER='6' AIRFLOW_CTX_DAG_RUN_ID='manual__2025-01-26T02:08:37.846460+00:00'
[2025-01-26T02:18:02.550+0000] {taskinstance.py:731} INFO - ::endgroup::
[2025-01-26T02:18:02.634+0000] {logging_mixin.py:190} INFO - Nombre de lignes dupliquées = 1473
[2025-01-26T02:18:02.635+0000] {python.py:240} INFO - Done. Returned value was: None
[2025-01-26T02:18:02.645+0000] {taskinstance.py:340} INFO - ::group::Post task execution logs
[2025-01-26T02:18:02.646+0000] {taskinstance.py:352} INFO - Marking task as SUCCESS. dag_id=prim_pipelines, task_id=check_duplicates, run_id=manual__2025-01-26T02:08:37.846460+00:00, execution_date=20250126T020837, start_date=20250126T021802, end_date=20250126T021802
[2025-01-26T02:18:02.689+0000] {local_task_job_runner.py:266} INFO - Task exited with return code 0
[2025-01-26T02:18:02.718+0000] {taskinstance.py:3895} INFO - 0 downstream tasks scheduled from follow-on schedule check
[2025-01-26T02:18:02.720+0000] {local_task_job_runner.py:245} INFO - ::endgroup::
