[2025-01-24T23:57:54.578+0000] {processor.py:186} INFO - Started process (PID=104) to work on /home/airflow/.local/lib/python3.12/site-packages/airflow/example_dags/example_subdag_operator.py
[2025-01-24T23:57:54.580+0000] {processor.py:914} INFO - Processing file /home/airflow/.local/lib/python3.12/site-packages/airflow/example_dags/example_subdag_operator.py for tasks to queue
[2025-01-24T23:57:54.583+0000] {logging_mixin.py:190} INFO - [2025-01-24T23:57:54.583+0000] {dagbag.py:587} INFO - Filling up the DagBag from /home/airflow/.local/lib/python3.12/site-packages/airflow/example_dags/example_subdag_operator.py
[2025-01-24T23:57:54.625+0000] {processor.py:925} INFO - DAG(s) 'example_subdag_operator.section-1', 'example_subdag_operator.section-2', 'example_subdag_operator' retrieved from /home/airflow/.local/lib/python3.12/site-packages/airflow/example_dags/example_subdag_operator.py
[2025-01-24T23:57:54.830+0000] {logging_mixin.py:190} INFO - [2025-01-24T23:57:54.829+0000] {override.py:1858} INFO - Created Permission View: can delete on DAG:example_subdag_operator
[2025-01-24T23:57:54.848+0000] {logging_mixin.py:190} INFO - [2025-01-24T23:57:54.847+0000] {override.py:1858} INFO - Created Permission View: can edit on DAG:example_subdag_operator
[2025-01-24T23:57:54.858+0000] {logging_mixin.py:190} INFO - [2025-01-24T23:57:54.858+0000] {override.py:1858} INFO - Created Permission View: can read on DAG:example_subdag_operator
[2025-01-24T23:57:54.859+0000] {logging_mixin.py:190} INFO - [2025-01-24T23:57:54.859+0000] {dag.py:3211} INFO - Sync 3 DAGs
[2025-01-24T23:57:54.883+0000] {logging_mixin.py:190} INFO - [2025-01-24T23:57:54.883+0000] {dag.py:3234} INFO - Creating ORM DAG for example_subdag_operator
[2025-01-24T23:57:54.885+0000] {logging_mixin.py:190} INFO - [2025-01-24T23:57:54.884+0000] {dag.py:3234} INFO - Creating ORM DAG for example_subdag_operator.section-2
[2025-01-24T23:57:54.886+0000] {logging_mixin.py:190} INFO - [2025-01-24T23:57:54.886+0000] {dag.py:3234} INFO - Creating ORM DAG for example_subdag_operator.section-1
[2025-01-24T23:57:54.901+0000] {logging_mixin.py:190} INFO - [2025-01-24T23:57:54.899+0000] {dag.py:4138} INFO - Setting next_dagrun for example_subdag_operator to 2022-01-01 00:00:00+00:00, run_after=2022-01-01 00:00:00+00:00
[2025-01-24T23:57:54.903+0000] {logging_mixin.py:190} INFO - [2025-01-24T23:57:54.902+0000] {dag.py:4138} INFO - Setting next_dagrun for example_subdag_operator.section-1 to None, run_after=None
[2025-01-24T23:57:54.904+0000] {logging_mixin.py:190} INFO - [2025-01-24T23:57:54.903+0000] {dag.py:4138} INFO - Setting next_dagrun for example_subdag_operator.section-2 to None, run_after=None
[2025-01-24T23:57:54.918+0000] {logging_mixin.py:190} INFO - [2025-01-24T23:57:54.918+0000] {dag.py:3211} INFO - Sync 2 DAGs
[2025-01-24T23:57:54.927+0000] {logging_mixin.py:190} INFO - [2025-01-24T23:57:54.926+0000] {dag.py:4138} INFO - Setting next_dagrun for example_subdag_operator.section-1 to None, run_after=None
[2025-01-24T23:57:54.935+0000] {logging_mixin.py:190} INFO - [2025-01-24T23:57:54.934+0000] {dag.py:4138} INFO - Setting next_dagrun for example_subdag_operator.section-2 to None, run_after=None
[2025-01-24T23:57:54.953+0000] {processor.py:208} INFO - Processing /home/airflow/.local/lib/python3.12/site-packages/airflow/example_dags/example_subdag_operator.py took 0.385 seconds
[2025-01-24T23:58:25.546+0000] {processor.py:186} INFO - Started process (PID=166) to work on /home/airflow/.local/lib/python3.12/site-packages/airflow/example_dags/example_subdag_operator.py
[2025-01-24T23:58:25.549+0000] {processor.py:914} INFO - Processing file /home/airflow/.local/lib/python3.12/site-packages/airflow/example_dags/example_subdag_operator.py for tasks to queue
[2025-01-24T23:58:25.555+0000] {logging_mixin.py:190} INFO - [2025-01-24T23:58:25.554+0000] {dagbag.py:587} INFO - Filling up the DagBag from /home/airflow/.local/lib/python3.12/site-packages/airflow/example_dags/example_subdag_operator.py
[2025-01-24T23:58:25.608+0000] {processor.py:925} INFO - DAG(s) 'example_subdag_operator.section-1', 'example_subdag_operator.section-2', 'example_subdag_operator' retrieved from /home/airflow/.local/lib/python3.12/site-packages/airflow/example_dags/example_subdag_operator.py
[2025-01-24T23:58:25.639+0000] {logging_mixin.py:190} INFO - [2025-01-24T23:58:25.639+0000] {dag.py:3211} INFO - Sync 3 DAGs
[2025-01-24T23:58:25.683+0000] {logging_mixin.py:190} INFO - [2025-01-24T23:58:25.683+0000] {dag.py:4138} INFO - Setting next_dagrun for example_subdag_operator to 2022-01-01 00:00:00+00:00, run_after=2022-01-01 00:00:00+00:00
[2025-01-24T23:58:25.691+0000] {logging_mixin.py:190} INFO - [2025-01-24T23:58:25.690+0000] {dag.py:4138} INFO - Setting next_dagrun for example_subdag_operator.section-1 to None, run_after=None
[2025-01-24T23:58:25.694+0000] {logging_mixin.py:190} INFO - [2025-01-24T23:58:25.694+0000] {dag.py:4138} INFO - Setting next_dagrun for example_subdag_operator.section-2 to None, run_after=None
[2025-01-24T23:58:25.707+0000] {logging_mixin.py:190} INFO - [2025-01-24T23:58:25.707+0000] {dag.py:3211} INFO - Sync 2 DAGs
[2025-01-24T23:58:25.718+0000] {logging_mixin.py:190} INFO - [2025-01-24T23:58:25.718+0000] {dag.py:4138} INFO - Setting next_dagrun for example_subdag_operator.section-1 to None, run_after=None
[2025-01-24T23:58:25.719+0000] {logging_mixin.py:190} INFO - [2025-01-24T23:58:25.719+0000] {dag.py:4138} INFO - Setting next_dagrun for example_subdag_operator.section-2 to None, run_after=None
[2025-01-24T23:58:25.734+0000] {processor.py:208} INFO - Processing /home/airflow/.local/lib/python3.12/site-packages/airflow/example_dags/example_subdag_operator.py took 0.203 seconds
[2025-01-24T23:58:56.672+0000] {processor.py:186} INFO - Started process (PID=229) to work on /home/airflow/.local/lib/python3.12/site-packages/airflow/example_dags/example_subdag_operator.py
[2025-01-24T23:58:56.674+0000] {processor.py:914} INFO - Processing file /home/airflow/.local/lib/python3.12/site-packages/airflow/example_dags/example_subdag_operator.py for tasks to queue
[2025-01-24T23:58:56.678+0000] {logging_mixin.py:190} INFO - [2025-01-24T23:58:56.678+0000] {dagbag.py:587} INFO - Filling up the DagBag from /home/airflow/.local/lib/python3.12/site-packages/airflow/example_dags/example_subdag_operator.py
[2025-01-24T23:58:56.734+0000] {processor.py:925} INFO - DAG(s) 'example_subdag_operator.section-1', 'example_subdag_operator.section-2', 'example_subdag_operator' retrieved from /home/airflow/.local/lib/python3.12/site-packages/airflow/example_dags/example_subdag_operator.py
[2025-01-24T23:58:56.778+0000] {logging_mixin.py:190} INFO - [2025-01-24T23:58:56.778+0000] {dag.py:3211} INFO - Sync 3 DAGs
[2025-01-24T23:58:56.858+0000] {logging_mixin.py:190} INFO - [2025-01-24T23:58:56.858+0000] {dag.py:4138} INFO - Setting next_dagrun for example_subdag_operator to 2022-01-01 00:00:00+00:00, run_after=2022-01-01 00:00:00+00:00
[2025-01-24T23:58:56.870+0000] {logging_mixin.py:190} INFO - [2025-01-24T23:58:56.870+0000] {dag.py:4138} INFO - Setting next_dagrun for example_subdag_operator.section-1 to None, run_after=None
[2025-01-24T23:58:56.873+0000] {logging_mixin.py:190} INFO - [2025-01-24T23:58:56.872+0000] {dag.py:4138} INFO - Setting next_dagrun for example_subdag_operator.section-2 to None, run_after=None
[2025-01-24T23:58:56.890+0000] {logging_mixin.py:190} INFO - [2025-01-24T23:58:56.889+0000] {dag.py:3211} INFO - Sync 2 DAGs
[2025-01-24T23:58:56.902+0000] {logging_mixin.py:190} INFO - [2025-01-24T23:58:56.901+0000] {dag.py:4138} INFO - Setting next_dagrun for example_subdag_operator.section-1 to None, run_after=None
[2025-01-24T23:58:56.903+0000] {logging_mixin.py:190} INFO - [2025-01-24T23:58:56.902+0000] {dag.py:4138} INFO - Setting next_dagrun for example_subdag_operator.section-2 to None, run_after=None
[2025-01-24T23:58:56.928+0000] {processor.py:208} INFO - Processing /home/airflow/.local/lib/python3.12/site-packages/airflow/example_dags/example_subdag_operator.py took 0.268 seconds
