[2025-01-24T23:57:42.913+0000] {processor.py:186} INFO - Started process (PID=68) to work on /home/airflow/.local/lib/python3.12/site-packages/airflow/example_dags/example_short_circuit_operator.py
[2025-01-24T23:57:42.915+0000] {processor.py:914} INFO - Processing file /home/airflow/.local/lib/python3.12/site-packages/airflow/example_dags/example_short_circuit_operator.py for tasks to queue
[2025-01-24T23:57:42.918+0000] {logging_mixin.py:190} INFO - [2025-01-24T23:57:42.917+0000] {dagbag.py:587} INFO - Filling up the DagBag from /home/airflow/.local/lib/python3.12/site-packages/airflow/example_dags/example_short_circuit_operator.py
[2025-01-24T23:57:42.985+0000] {processor.py:925} INFO - DAG(s) 'example_short_circuit_operator' retrieved from /home/airflow/.local/lib/python3.12/site-packages/airflow/example_dags/example_short_circuit_operator.py
[2025-01-24T23:57:43.861+0000] {logging_mixin.py:190} INFO - [2025-01-24T23:57:43.860+0000] {override.py:1858} INFO - Created Permission View: can delete on DAG:example_short_circuit_operator
[2025-01-24T23:57:43.889+0000] {logging_mixin.py:190} INFO - [2025-01-24T23:57:43.889+0000] {override.py:1858} INFO - Created Permission View: can edit on DAG:example_short_circuit_operator
[2025-01-24T23:57:43.904+0000] {logging_mixin.py:190} INFO - [2025-01-24T23:57:43.903+0000] {override.py:1858} INFO - Created Permission View: can read on DAG:example_short_circuit_operator
[2025-01-24T23:57:43.906+0000] {logging_mixin.py:190} INFO - [2025-01-24T23:57:43.905+0000] {dag.py:3211} INFO - Sync 1 DAGs
[2025-01-24T23:57:43.952+0000] {logging_mixin.py:190} INFO - [2025-01-24T23:57:43.951+0000] {dag.py:3234} INFO - Creating ORM DAG for example_short_circuit_operator
[2025-01-24T23:57:43.978+0000] {logging_mixin.py:190} INFO - [2025-01-24T23:57:43.978+0000] {dag.py:4138} INFO - Setting next_dagrun for example_short_circuit_operator to 2025-01-23 00:00:00+00:00, run_after=2025-01-24 00:00:00+00:00
[2025-01-24T23:57:44.018+0000] {processor.py:208} INFO - Processing /home/airflow/.local/lib/python3.12/site-packages/airflow/example_dags/example_short_circuit_operator.py took 1.116 seconds
[2025-01-24T23:58:16.327+0000] {processor.py:186} INFO - Started process (PID=130) to work on /home/airflow/.local/lib/python3.12/site-packages/airflow/example_dags/example_short_circuit_operator.py
[2025-01-24T23:58:16.329+0000] {processor.py:914} INFO - Processing file /home/airflow/.local/lib/python3.12/site-packages/airflow/example_dags/example_short_circuit_operator.py for tasks to queue
[2025-01-24T23:58:16.337+0000] {logging_mixin.py:190} INFO - [2025-01-24T23:58:16.336+0000] {dagbag.py:587} INFO - Filling up the DagBag from /home/airflow/.local/lib/python3.12/site-packages/airflow/example_dags/example_short_circuit_operator.py
[2025-01-24T23:58:16.369+0000] {processor.py:925} INFO - DAG(s) 'example_short_circuit_operator' retrieved from /home/airflow/.local/lib/python3.12/site-packages/airflow/example_dags/example_short_circuit_operator.py
[2025-01-24T23:58:16.460+0000] {logging_mixin.py:190} INFO - [2025-01-24T23:58:16.460+0000] {dag.py:3211} INFO - Sync 1 DAGs
[2025-01-24T23:58:16.552+0000] {logging_mixin.py:190} INFO - [2025-01-24T23:58:16.551+0000] {dag.py:4138} INFO - Setting next_dagrun for example_short_circuit_operator to 2025-01-23 00:00:00+00:00, run_after=2025-01-24 00:00:00+00:00
[2025-01-24T23:58:16.616+0000] {processor.py:208} INFO - Processing /home/airflow/.local/lib/python3.12/site-packages/airflow/example_dags/example_short_circuit_operator.py took 0.320 seconds
[2025-01-24T23:58:49.028+0000] {processor.py:186} INFO - Started process (PID=193) to work on /home/airflow/.local/lib/python3.12/site-packages/airflow/example_dags/example_short_circuit_operator.py
[2025-01-24T23:58:49.031+0000] {processor.py:914} INFO - Processing file /home/airflow/.local/lib/python3.12/site-packages/airflow/example_dags/example_short_circuit_operator.py for tasks to queue
[2025-01-24T23:58:49.041+0000] {logging_mixin.py:190} INFO - [2025-01-24T23:58:49.040+0000] {dagbag.py:587} INFO - Filling up the DagBag from /home/airflow/.local/lib/python3.12/site-packages/airflow/example_dags/example_short_circuit_operator.py
[2025-01-24T23:58:49.063+0000] {processor.py:925} INFO - DAG(s) 'example_short_circuit_operator' retrieved from /home/airflow/.local/lib/python3.12/site-packages/airflow/example_dags/example_short_circuit_operator.py
[2025-01-24T23:58:49.086+0000] {logging_mixin.py:190} INFO - [2025-01-24T23:58:49.086+0000] {dag.py:3211} INFO - Sync 1 DAGs
[2025-01-24T23:58:49.109+0000] {logging_mixin.py:190} INFO - [2025-01-24T23:58:49.109+0000] {dag.py:4138} INFO - Setting next_dagrun for example_short_circuit_operator to 2025-01-23 00:00:00+00:00, run_after=2025-01-24 00:00:00+00:00
[2025-01-24T23:58:49.131+0000] {processor.py:208} INFO - Processing /home/airflow/.local/lib/python3.12/site-packages/airflow/example_dags/example_short_circuit_operator.py took 0.125 seconds
[2025-01-24T23:59:22.529+0000] {processor.py:186} INFO - Started process (PID=256) to work on /home/airflow/.local/lib/python3.12/site-packages/airflow/example_dags/example_short_circuit_operator.py
[2025-01-24T23:59:22.532+0000] {processor.py:914} INFO - Processing file /home/airflow/.local/lib/python3.12/site-packages/airflow/example_dags/example_short_circuit_operator.py for tasks to queue
[2025-01-24T23:59:22.536+0000] {logging_mixin.py:190} INFO - [2025-01-24T23:59:22.535+0000] {dagbag.py:587} INFO - Filling up the DagBag from /home/airflow/.local/lib/python3.12/site-packages/airflow/example_dags/example_short_circuit_operator.py
[2025-01-24T23:59:22.546+0000] {processor.py:925} INFO - DAG(s) 'example_short_circuit_operator' retrieved from /home/airflow/.local/lib/python3.12/site-packages/airflow/example_dags/example_short_circuit_operator.py
[2025-01-24T23:59:22.569+0000] {logging_mixin.py:190} INFO - [2025-01-24T23:59:22.568+0000] {dag.py:3211} INFO - Sync 1 DAGs
[2025-01-24T23:59:22.591+0000] {logging_mixin.py:190} INFO - [2025-01-24T23:59:22.591+0000] {dag.py:4138} INFO - Setting next_dagrun for example_short_circuit_operator to 2025-01-23 00:00:00+00:00, run_after=2025-01-24 00:00:00+00:00
[2025-01-24T23:59:22.611+0000] {processor.py:208} INFO - Processing /home/airflow/.local/lib/python3.12/site-packages/airflow/example_dags/example_short_circuit_operator.py took 0.094 seconds
