[2025-01-24T23:57:56.098+0000] {processor.py:186} INFO - Started process (PID=113) to work on /home/airflow/.local/lib/python3.12/site-packages/airflow/example_dags/example_branch_datetime_operator.py
[2025-01-24T23:57:56.102+0000] {processor.py:914} INFO - Processing file /home/airflow/.local/lib/python3.12/site-packages/airflow/example_dags/example_branch_datetime_operator.py for tasks to queue
[2025-01-24T23:57:56.106+0000] {logging_mixin.py:190} INFO - [2025-01-24T23:57:56.106+0000] {dagbag.py:587} INFO - Filling up the DagBag from /home/airflow/.local/lib/python3.12/site-packages/airflow/example_dags/example_branch_datetime_operator.py
[2025-01-24T23:57:56.141+0000] {processor.py:925} INFO - DAG(s) 'example_branch_datetime_operator_2', 'example_branch_datetime_operator', 'example_branch_datetime_operator_3' retrieved from /home/airflow/.local/lib/python3.12/site-packages/airflow/example_dags/example_branch_datetime_operator.py
[2025-01-24T23:57:56.429+0000] {logging_mixin.py:190} INFO - [2025-01-24T23:57:56.427+0000] {override.py:1858} INFO - Created Permission View: can delete on DAG:example_branch_datetime_operator_2
[2025-01-24T23:57:56.471+0000] {logging_mixin.py:190} INFO - [2025-01-24T23:57:56.471+0000] {override.py:1858} INFO - Created Permission View: can edit on DAG:example_branch_datetime_operator_2
[2025-01-24T23:57:56.489+0000] {logging_mixin.py:190} INFO - [2025-01-24T23:57:56.488+0000] {override.py:1858} INFO - Created Permission View: can read on DAG:example_branch_datetime_operator_2
[2025-01-24T23:57:56.524+0000] {logging_mixin.py:190} INFO - [2025-01-24T23:57:56.523+0000] {override.py:1858} INFO - Created Permission View: can delete on DAG:example_branch_datetime_operator
[2025-01-24T23:57:56.541+0000] {logging_mixin.py:190} INFO - [2025-01-24T23:57:56.541+0000] {override.py:1858} INFO - Created Permission View: can edit on DAG:example_branch_datetime_operator
[2025-01-24T23:57:56.555+0000] {logging_mixin.py:190} INFO - [2025-01-24T23:57:56.554+0000] {override.py:1858} INFO - Created Permission View: can read on DAG:example_branch_datetime_operator
[2025-01-24T23:57:56.578+0000] {logging_mixin.py:190} INFO - [2025-01-24T23:57:56.577+0000] {override.py:1858} INFO - Created Permission View: can delete on DAG:example_branch_datetime_operator_3
[2025-01-24T23:57:56.589+0000] {logging_mixin.py:190} INFO - [2025-01-24T23:57:56.588+0000] {override.py:1858} INFO - Created Permission View: can edit on DAG:example_branch_datetime_operator_3
[2025-01-24T23:57:56.598+0000] {logging_mixin.py:190} INFO - [2025-01-24T23:57:56.598+0000] {override.py:1858} INFO - Created Permission View: can read on DAG:example_branch_datetime_operator_3
[2025-01-24T23:57:56.599+0000] {logging_mixin.py:190} INFO - [2025-01-24T23:57:56.599+0000] {dag.py:3211} INFO - Sync 3 DAGs
[2025-01-24T23:57:56.621+0000] {logging_mixin.py:190} INFO - [2025-01-24T23:57:56.621+0000] {dag.py:3234} INFO - Creating ORM DAG for example_branch_datetime_operator
[2025-01-24T23:57:56.623+0000] {logging_mixin.py:190} INFO - [2025-01-24T23:57:56.622+0000] {dag.py:3234} INFO - Creating ORM DAG for example_branch_datetime_operator_3
[2025-01-24T23:57:56.625+0000] {logging_mixin.py:190} INFO - [2025-01-24T23:57:56.624+0000] {dag.py:3234} INFO - Creating ORM DAG for example_branch_datetime_operator_2
[2025-01-24T23:57:56.640+0000] {logging_mixin.py:190} INFO - [2025-01-24T23:57:56.640+0000] {dag.py:4138} INFO - Setting next_dagrun for example_branch_datetime_operator to 2025-01-23 00:00:00+00:00, run_after=2025-01-24 00:00:00+00:00
[2025-01-24T23:57:56.645+0000] {logging_mixin.py:190} INFO - [2025-01-24T23:57:56.644+0000] {dag.py:4138} INFO - Setting next_dagrun for example_branch_datetime_operator_2 to 2025-01-23 00:00:00+00:00, run_after=2025-01-24 00:00:00+00:00
[2025-01-24T23:57:56.649+0000] {logging_mixin.py:190} INFO - [2025-01-24T23:57:56.648+0000] {dag.py:4138} INFO - Setting next_dagrun for example_branch_datetime_operator_3 to 2025-01-23 00:00:00+00:00, run_after=2025-01-24 00:00:00+00:00
[2025-01-24T23:57:56.678+0000] {processor.py:208} INFO - Processing /home/airflow/.local/lib/python3.12/site-packages/airflow/example_dags/example_branch_datetime_operator.py took 0.592 seconds
[2025-01-24T23:58:27.567+0000] {processor.py:186} INFO - Started process (PID=170) to work on /home/airflow/.local/lib/python3.12/site-packages/airflow/example_dags/example_branch_datetime_operator.py
[2025-01-24T23:58:27.569+0000] {processor.py:914} INFO - Processing file /home/airflow/.local/lib/python3.12/site-packages/airflow/example_dags/example_branch_datetime_operator.py for tasks to queue
[2025-01-24T23:58:27.575+0000] {logging_mixin.py:190} INFO - [2025-01-24T23:58:27.574+0000] {dagbag.py:587} INFO - Filling up the DagBag from /home/airflow/.local/lib/python3.12/site-packages/airflow/example_dags/example_branch_datetime_operator.py
[2025-01-24T23:58:27.603+0000] {processor.py:925} INFO - DAG(s) 'example_branch_datetime_operator_3', 'example_branch_datetime_operator_2', 'example_branch_datetime_operator' retrieved from /home/airflow/.local/lib/python3.12/site-packages/airflow/example_dags/example_branch_datetime_operator.py
[2025-01-24T23:58:27.645+0000] {logging_mixin.py:190} INFO - [2025-01-24T23:58:27.644+0000] {dag.py:3211} INFO - Sync 3 DAGs
[2025-01-24T23:58:27.701+0000] {logging_mixin.py:190} INFO - [2025-01-24T23:58:27.700+0000] {dag.py:4138} INFO - Setting next_dagrun for example_branch_datetime_operator to 2025-01-23 00:00:00+00:00, run_after=2025-01-24 00:00:00+00:00
[2025-01-24T23:58:27.717+0000] {logging_mixin.py:190} INFO - [2025-01-24T23:58:27.717+0000] {dag.py:4138} INFO - Setting next_dagrun for example_branch_datetime_operator_2 to 2025-01-23 00:00:00+00:00, run_after=2025-01-24 00:00:00+00:00
[2025-01-24T23:58:27.726+0000] {logging_mixin.py:190} INFO - [2025-01-24T23:58:27.725+0000] {dag.py:4138} INFO - Setting next_dagrun for example_branch_datetime_operator_3 to 2025-01-23 00:00:00+00:00, run_after=2025-01-24 00:00:00+00:00
[2025-01-24T23:58:27.769+0000] {processor.py:208} INFO - Processing /home/airflow/.local/lib/python3.12/site-packages/airflow/example_dags/example_branch_datetime_operator.py took 0.214 seconds
[2025-01-24T23:58:58.715+0000] {processor.py:186} INFO - Started process (PID=233) to work on /home/airflow/.local/lib/python3.12/site-packages/airflow/example_dags/example_branch_datetime_operator.py
[2025-01-24T23:58:58.740+0000] {processor.py:914} INFO - Processing file /home/airflow/.local/lib/python3.12/site-packages/airflow/example_dags/example_branch_datetime_operator.py for tasks to queue
[2025-01-24T23:58:58.754+0000] {logging_mixin.py:190} INFO - [2025-01-24T23:58:58.749+0000] {dagbag.py:587} INFO - Filling up the DagBag from /home/airflow/.local/lib/python3.12/site-packages/airflow/example_dags/example_branch_datetime_operator.py
[2025-01-24T23:58:58.816+0000] {processor.py:925} INFO - DAG(s) 'example_branch_datetime_operator_2', 'example_branch_datetime_operator', 'example_branch_datetime_operator_3' retrieved from /home/airflow/.local/lib/python3.12/site-packages/airflow/example_dags/example_branch_datetime_operator.py
[2025-01-24T23:58:58.912+0000] {logging_mixin.py:190} INFO - [2025-01-24T23:58:58.912+0000] {dag.py:3211} INFO - Sync 3 DAGs
[2025-01-24T23:58:59.040+0000] {logging_mixin.py:190} INFO - [2025-01-24T23:58:59.039+0000] {dag.py:4138} INFO - Setting next_dagrun for example_branch_datetime_operator to 2025-01-23 00:00:00+00:00, run_after=2025-01-24 00:00:00+00:00
[2025-01-24T23:58:59.067+0000] {logging_mixin.py:190} INFO - [2025-01-24T23:58:59.067+0000] {dag.py:4138} INFO - Setting next_dagrun for example_branch_datetime_operator_2 to 2025-01-23 00:00:00+00:00, run_after=2025-01-24 00:00:00+00:00
[2025-01-24T23:58:59.092+0000] {logging_mixin.py:190} INFO - [2025-01-24T23:58:59.091+0000] {dag.py:4138} INFO - Setting next_dagrun for example_branch_datetime_operator_3 to 2025-01-23 00:00:00+00:00, run_after=2025-01-24 00:00:00+00:00
[2025-01-24T23:58:59.179+0000] {processor.py:208} INFO - Processing /home/airflow/.local/lib/python3.12/site-packages/airflow/example_dags/example_branch_datetime_operator.py took 0.484 seconds
