[2025-01-24T23:57:50.936+0000] {processor.py:186} INFO - Started process (PID=91) to work on /home/airflow/.local/lib/python3.12/site-packages/airflow/example_dags/example_sensors.py
[2025-01-24T23:57:50.943+0000] {processor.py:914} INFO - Processing file /home/airflow/.local/lib/python3.12/site-packages/airflow/example_dags/example_sensors.py for tasks to queue
[2025-01-24T23:57:50.948+0000] {logging_mixin.py:190} INFO - [2025-01-24T23:57:50.947+0000] {dagbag.py:587} INFO - Filling up the DagBag from /home/airflow/.local/lib/python3.12/site-packages/airflow/example_dags/example_sensors.py
[2025-01-24T23:57:50.993+0000] {processor.py:925} INFO - DAG(s) 'example_sensors' retrieved from /home/airflow/.local/lib/python3.12/site-packages/airflow/example_dags/example_sensors.py
[2025-01-24T23:57:51.521+0000] {logging_mixin.py:190} INFO - [2025-01-24T23:57:51.507+0000] {override.py:1858} INFO - Created Permission View: can delete on DAG:example_sensors
[2025-01-24T23:57:51.558+0000] {logging_mixin.py:190} INFO - [2025-01-24T23:57:51.558+0000] {override.py:1858} INFO - Created Permission View: can edit on DAG:example_sensors
[2025-01-24T23:57:51.584+0000] {logging_mixin.py:190} INFO - [2025-01-24T23:57:51.580+0000] {override.py:1858} INFO - Created Permission View: can read on DAG:example_sensors
[2025-01-24T23:57:51.586+0000] {logging_mixin.py:190} INFO - [2025-01-24T23:57:51.586+0000] {dag.py:3211} INFO - Sync 1 DAGs
[2025-01-24T23:57:51.629+0000] {logging_mixin.py:190} INFO - [2025-01-24T23:57:51.628+0000] {dag.py:3234} INFO - Creating ORM DAG for example_sensors
[2025-01-24T23:57:51.631+0000] {logging_mixin.py:190} INFO - [2025-01-24T23:57:51.631+0000] {dag.py:4138} INFO - Setting next_dagrun for example_sensors to None, run_after=None
[2025-01-24T23:57:51.699+0000] {processor.py:208} INFO - Processing /home/airflow/.local/lib/python3.12/site-packages/airflow/example_dags/example_sensors.py took 0.782 seconds
[2025-01-24T23:58:22.335+0000] {processor.py:186} INFO - Started process (PID=153) to work on /home/airflow/.local/lib/python3.12/site-packages/airflow/example_dags/example_sensors.py
[2025-01-24T23:58:22.336+0000] {processor.py:914} INFO - Processing file /home/airflow/.local/lib/python3.12/site-packages/airflow/example_dags/example_sensors.py for tasks to queue
[2025-01-24T23:58:22.341+0000] {logging_mixin.py:190} INFO - [2025-01-24T23:58:22.340+0000] {dagbag.py:587} INFO - Filling up the DagBag from /home/airflow/.local/lib/python3.12/site-packages/airflow/example_dags/example_sensors.py
[2025-01-24T23:58:22.356+0000] {processor.py:925} INFO - DAG(s) 'example_sensors' retrieved from /home/airflow/.local/lib/python3.12/site-packages/airflow/example_dags/example_sensors.py
[2025-01-24T23:58:22.391+0000] {logging_mixin.py:190} INFO - [2025-01-24T23:58:22.391+0000] {dag.py:3211} INFO - Sync 1 DAGs
[2025-01-24T23:58:22.411+0000] {logging_mixin.py:190} INFO - [2025-01-24T23:58:22.411+0000] {dag.py:4138} INFO - Setting next_dagrun for example_sensors to None, run_after=None
[2025-01-24T23:58:22.436+0000] {processor.py:208} INFO - Processing /home/airflow/.local/lib/python3.12/site-packages/airflow/example_dags/example_sensors.py took 0.109 seconds
[2025-01-24T23:58:52.921+0000] {processor.py:186} INFO - Started process (PID=216) to work on /home/airflow/.local/lib/python3.12/site-packages/airflow/example_dags/example_sensors.py
[2025-01-24T23:58:52.925+0000] {processor.py:914} INFO - Processing file /home/airflow/.local/lib/python3.12/site-packages/airflow/example_dags/example_sensors.py for tasks to queue
[2025-01-24T23:58:52.931+0000] {logging_mixin.py:190} INFO - [2025-01-24T23:58:52.931+0000] {dagbag.py:587} INFO - Filling up the DagBag from /home/airflow/.local/lib/python3.12/site-packages/airflow/example_dags/example_sensors.py
[2025-01-24T23:58:52.958+0000] {processor.py:925} INFO - DAG(s) 'example_sensors' retrieved from /home/airflow/.local/lib/python3.12/site-packages/airflow/example_dags/example_sensors.py
[2025-01-24T23:58:53.004+0000] {logging_mixin.py:190} INFO - [2025-01-24T23:58:53.004+0000] {dag.py:3211} INFO - Sync 1 DAGs
[2025-01-24T23:58:53.025+0000] {logging_mixin.py:190} INFO - [2025-01-24T23:58:53.025+0000] {dag.py:4138} INFO - Setting next_dagrun for example_sensors to None, run_after=None
[2025-01-24T23:58:53.054+0000] {processor.py:208} INFO - Processing /home/airflow/.local/lib/python3.12/site-packages/airflow/example_dags/example_sensors.py took 0.146 seconds
