[2025-01-24T23:57:45.859+0000] {processor.py:186} INFO - Started process (PID=75) to work on /home/airflow/.local/lib/python3.12/site-packages/airflow/example_dags/example_sensor_decorator.py
[2025-01-24T23:57:45.860+0000] {processor.py:914} INFO - Processing file /home/airflow/.local/lib/python3.12/site-packages/airflow/example_dags/example_sensor_decorator.py for tasks to queue
[2025-01-24T23:57:45.865+0000] {logging_mixin.py:190} INFO - [2025-01-24T23:57:45.864+0000] {dagbag.py:587} INFO - Filling up the DagBag from /home/airflow/.local/lib/python3.12/site-packages/airflow/example_dags/example_sensor_decorator.py
[2025-01-24T23:57:45.884+0000] {processor.py:925} INFO - DAG(s) 'example_sensor_decorator' retrieved from /home/airflow/.local/lib/python3.12/site-packages/airflow/example_dags/example_sensor_decorator.py
[2025-01-24T23:57:46.119+0000] {logging_mixin.py:190} INFO - [2025-01-24T23:57:46.117+0000] {override.py:1858} INFO - Created Permission View: can delete on DAG:example_sensor_decorator
[2025-01-24T23:57:46.144+0000] {logging_mixin.py:190} INFO - [2025-01-24T23:57:46.143+0000] {override.py:1858} INFO - Created Permission View: can edit on DAG:example_sensor_decorator
[2025-01-24T23:57:46.158+0000] {logging_mixin.py:190} INFO - [2025-01-24T23:57:46.157+0000] {override.py:1858} INFO - Created Permission View: can read on DAG:example_sensor_decorator
[2025-01-24T23:57:46.159+0000] {logging_mixin.py:190} INFO - [2025-01-24T23:57:46.159+0000] {dag.py:3211} INFO - Sync 1 DAGs
[2025-01-24T23:57:46.193+0000] {logging_mixin.py:190} INFO - [2025-01-24T23:57:46.193+0000] {dag.py:3234} INFO - Creating ORM DAG for example_sensor_decorator
[2025-01-24T23:57:46.195+0000] {logging_mixin.py:190} INFO - [2025-01-24T23:57:46.195+0000] {dag.py:4138} INFO - Setting next_dagrun for example_sensor_decorator to None, run_after=None
[2025-01-24T23:57:46.231+0000] {processor.py:208} INFO - Processing /home/airflow/.local/lib/python3.12/site-packages/airflow/example_dags/example_sensor_decorator.py took 0.388 seconds
[2025-01-24T23:58:17.848+0000] {processor.py:186} INFO - Started process (PID=137) to work on /home/airflow/.local/lib/python3.12/site-packages/airflow/example_dags/example_sensor_decorator.py
[2025-01-24T23:58:17.849+0000] {processor.py:914} INFO - Processing file /home/airflow/.local/lib/python3.12/site-packages/airflow/example_dags/example_sensor_decorator.py for tasks to queue
[2025-01-24T23:58:17.853+0000] {logging_mixin.py:190} INFO - [2025-01-24T23:58:17.853+0000] {dagbag.py:587} INFO - Filling up the DagBag from /home/airflow/.local/lib/python3.12/site-packages/airflow/example_dags/example_sensor_decorator.py
[2025-01-24T23:58:17.868+0000] {processor.py:925} INFO - DAG(s) 'example_sensor_decorator' retrieved from /home/airflow/.local/lib/python3.12/site-packages/airflow/example_dags/example_sensor_decorator.py
[2025-01-24T23:58:17.905+0000] {logging_mixin.py:190} INFO - [2025-01-24T23:58:17.904+0000] {dag.py:3211} INFO - Sync 1 DAGs
[2025-01-24T23:58:17.934+0000] {logging_mixin.py:190} INFO - [2025-01-24T23:58:17.934+0000] {dag.py:4138} INFO - Setting next_dagrun for example_sensor_decorator to None, run_after=None
[2025-01-24T23:58:17.972+0000] {processor.py:208} INFO - Processing /home/airflow/.local/lib/python3.12/site-packages/airflow/example_dags/example_sensor_decorator.py took 0.136 seconds
[2025-01-24T23:58:49.529+0000] {processor.py:186} INFO - Started process (PID=200) to work on /home/airflow/.local/lib/python3.12/site-packages/airflow/example_dags/example_sensor_decorator.py
[2025-01-24T23:58:49.530+0000] {processor.py:914} INFO - Processing file /home/airflow/.local/lib/python3.12/site-packages/airflow/example_dags/example_sensor_decorator.py for tasks to queue
[2025-01-24T23:58:49.533+0000] {logging_mixin.py:190} INFO - [2025-01-24T23:58:49.532+0000] {dagbag.py:587} INFO - Filling up the DagBag from /home/airflow/.local/lib/python3.12/site-packages/airflow/example_dags/example_sensor_decorator.py
[2025-01-24T23:58:49.541+0000] {processor.py:925} INFO - DAG(s) 'example_sensor_decorator' retrieved from /home/airflow/.local/lib/python3.12/site-packages/airflow/example_dags/example_sensor_decorator.py
[2025-01-24T23:58:49.560+0000] {logging_mixin.py:190} INFO - [2025-01-24T23:58:49.560+0000] {dag.py:3211} INFO - Sync 1 DAGs
[2025-01-24T23:58:49.575+0000] {logging_mixin.py:190} INFO - [2025-01-24T23:58:49.575+0000] {dag.py:4138} INFO - Setting next_dagrun for example_sensor_decorator to None, run_after=None
[2025-01-24T23:58:49.593+0000] {processor.py:208} INFO - Processing /home/airflow/.local/lib/python3.12/site-packages/airflow/example_dags/example_sensor_decorator.py took 0.070 seconds
[2025-01-24T23:59:23.949+0000] {processor.py:186} INFO - Started process (PID=263) to work on /home/airflow/.local/lib/python3.12/site-packages/airflow/example_dags/example_sensor_decorator.py
[2025-01-24T23:59:23.969+0000] {processor.py:914} INFO - Processing file /home/airflow/.local/lib/python3.12/site-packages/airflow/example_dags/example_sensor_decorator.py for tasks to queue
[2025-01-24T23:59:24.072+0000] {logging_mixin.py:190} INFO - [2025-01-24T23:59:24.067+0000] {dagbag.py:587} INFO - Filling up the DagBag from /home/airflow/.local/lib/python3.12/site-packages/airflow/example_dags/example_sensor_decorator.py
[2025-01-24T23:59:31.865+0000] {logging_mixin.py:190} INFO - [2025-01-24T23:59:31.864+0000] {process_utils.py:266} INFO - Waiting up to 5 seconds for processes to exit...
