[2025-01-24T23:57:53.941+0000] {processor.py:186} INFO - Started process (PID=101) to work on /home/airflow/.local/lib/python3.12/site-packages/airflow/example_dags/example_nested_branch_dag.py
[2025-01-24T23:57:53.943+0000] {processor.py:914} INFO - Processing file /home/airflow/.local/lib/python3.12/site-packages/airflow/example_dags/example_nested_branch_dag.py for tasks to queue
[2025-01-24T23:57:53.947+0000] {logging_mixin.py:190} INFO - [2025-01-24T23:57:53.946+0000] {dagbag.py:587} INFO - Filling up the DagBag from /home/airflow/.local/lib/python3.12/site-packages/airflow/example_dags/example_nested_branch_dag.py
[2025-01-24T23:57:53.972+0000] {processor.py:925} INFO - DAG(s) 'example_nested_branch_dag' retrieved from /home/airflow/.local/lib/python3.12/site-packages/airflow/example_dags/example_nested_branch_dag.py
[2025-01-24T23:57:54.145+0000] {logging_mixin.py:190} INFO - [2025-01-24T23:57:54.144+0000] {override.py:1858} INFO - Created Permission View: can delete on DAG:example_nested_branch_dag
[2025-01-24T23:57:54.171+0000] {logging_mixin.py:190} INFO - [2025-01-24T23:57:54.171+0000] {override.py:1858} INFO - Created Permission View: can edit on DAG:example_nested_branch_dag
[2025-01-24T23:57:54.187+0000] {logging_mixin.py:190} INFO - [2025-01-24T23:57:54.186+0000] {override.py:1858} INFO - Created Permission View: can read on DAG:example_nested_branch_dag
[2025-01-24T23:57:54.188+0000] {logging_mixin.py:190} INFO - [2025-01-24T23:57:54.188+0000] {dag.py:3211} INFO - Sync 1 DAGs
[2025-01-24T23:57:54.224+0000] {logging_mixin.py:190} INFO - [2025-01-24T23:57:54.224+0000] {dag.py:3234} INFO - Creating ORM DAG for example_nested_branch_dag
[2025-01-24T23:57:54.253+0000] {logging_mixin.py:190} INFO - [2025-01-24T23:57:54.252+0000] {dag.py:4138} INFO - Setting next_dagrun for example_nested_branch_dag to 2025-01-23 00:00:00+00:00, run_after=2025-01-24 00:00:00+00:00
[2025-01-24T23:57:54.284+0000] {processor.py:208} INFO - Processing /home/airflow/.local/lib/python3.12/site-packages/airflow/example_dags/example_nested_branch_dag.py took 0.354 seconds
[2025-01-24T23:58:24.372+0000] {processor.py:186} INFO - Started process (PID=163) to work on /home/airflow/.local/lib/python3.12/site-packages/airflow/example_dags/example_nested_branch_dag.py
[2025-01-24T23:58:24.374+0000] {processor.py:914} INFO - Processing file /home/airflow/.local/lib/python3.12/site-packages/airflow/example_dags/example_nested_branch_dag.py for tasks to queue
[2025-01-24T23:58:24.379+0000] {logging_mixin.py:190} INFO - [2025-01-24T23:58:24.378+0000] {dagbag.py:587} INFO - Filling up the DagBag from /home/airflow/.local/lib/python3.12/site-packages/airflow/example_dags/example_nested_branch_dag.py
[2025-01-24T23:58:24.401+0000] {processor.py:925} INFO - DAG(s) 'example_nested_branch_dag' retrieved from /home/airflow/.local/lib/python3.12/site-packages/airflow/example_dags/example_nested_branch_dag.py
[2025-01-24T23:58:24.430+0000] {logging_mixin.py:190} INFO - [2025-01-24T23:58:24.430+0000] {dag.py:3211} INFO - Sync 1 DAGs
[2025-01-24T23:58:24.469+0000] {logging_mixin.py:190} INFO - [2025-01-24T23:58:24.468+0000] {dag.py:4138} INFO - Setting next_dagrun for example_nested_branch_dag to 2025-01-23 00:00:00+00:00, run_after=2025-01-24 00:00:00+00:00
[2025-01-24T23:58:24.497+0000] {processor.py:208} INFO - Processing /home/airflow/.local/lib/python3.12/site-packages/airflow/example_dags/example_nested_branch_dag.py took 0.137 seconds
[2025-01-24T23:58:55.212+0000] {processor.py:186} INFO - Started process (PID=226) to work on /home/airflow/.local/lib/python3.12/site-packages/airflow/example_dags/example_nested_branch_dag.py
[2025-01-24T23:58:55.214+0000] {processor.py:914} INFO - Processing file /home/airflow/.local/lib/python3.12/site-packages/airflow/example_dags/example_nested_branch_dag.py for tasks to queue
[2025-01-24T23:58:55.221+0000] {logging_mixin.py:190} INFO - [2025-01-24T23:58:55.220+0000] {dagbag.py:587} INFO - Filling up the DagBag from /home/airflow/.local/lib/python3.12/site-packages/airflow/example_dags/example_nested_branch_dag.py
[2025-01-24T23:58:55.245+0000] {processor.py:925} INFO - DAG(s) 'example_nested_branch_dag' retrieved from /home/airflow/.local/lib/python3.12/site-packages/airflow/example_dags/example_nested_branch_dag.py
[2025-01-24T23:58:55.288+0000] {logging_mixin.py:190} INFO - [2025-01-24T23:58:55.288+0000] {dag.py:3211} INFO - Sync 1 DAGs
[2025-01-24T23:58:55.330+0000] {logging_mixin.py:190} INFO - [2025-01-24T23:58:55.330+0000] {dag.py:4138} INFO - Setting next_dagrun for example_nested_branch_dag to 2025-01-23 00:00:00+00:00, run_after=2025-01-24 00:00:00+00:00
[2025-01-24T23:58:55.360+0000] {processor.py:208} INFO - Processing /home/airflow/.local/lib/python3.12/site-packages/airflow/example_dags/example_nested_branch_dag.py took 0.162 seconds
