[2025-01-24T23:57:44.869+0000] {processor.py:186} INFO - Started process (PID=71) to work on /home/airflow/.local/lib/python3.12/site-packages/airflow/example_dags/example_python_decorator.py
[2025-01-24T23:57:44.873+0000] {processor.py:914} INFO - Processing file /home/airflow/.local/lib/python3.12/site-packages/airflow/example_dags/example_python_decorator.py for tasks to queue
[2025-01-24T23:57:44.882+0000] {logging_mixin.py:190} INFO - [2025-01-24T23:57:44.881+0000] {dagbag.py:587} INFO - Filling up the DagBag from /home/airflow/.local/lib/python3.12/site-packages/airflow/example_dags/example_python_decorator.py
[2025-01-24T23:57:44.996+0000] {processor.py:925} INFO - DAG(s) 'example_python_decorator' retrieved from /home/airflow/.local/lib/python3.12/site-packages/airflow/example_dags/example_python_decorator.py
[2025-01-24T23:57:45.265+0000] {logging_mixin.py:190} INFO - [2025-01-24T23:57:45.264+0000] {override.py:1858} INFO - Created Permission View: can delete on DAG:example_python_decorator
[2025-01-24T23:57:45.279+0000] {logging_mixin.py:190} INFO - [2025-01-24T23:57:45.279+0000] {override.py:1858} INFO - Created Permission View: can edit on DAG:example_python_decorator
[2025-01-24T23:57:45.289+0000] {logging_mixin.py:190} INFO - [2025-01-24T23:57:45.289+0000] {override.py:1858} INFO - Created Permission View: can read on DAG:example_python_decorator
[2025-01-24T23:57:45.290+0000] {logging_mixin.py:190} INFO - [2025-01-24T23:57:45.290+0000] {dag.py:3211} INFO - Sync 1 DAGs
[2025-01-24T23:57:45.312+0000] {logging_mixin.py:190} INFO - [2025-01-24T23:57:45.312+0000] {dag.py:3234} INFO - Creating ORM DAG for example_python_decorator
[2025-01-24T23:57:45.314+0000] {logging_mixin.py:190} INFO - [2025-01-24T23:57:45.314+0000] {dag.py:4138} INFO - Setting next_dagrun for example_python_decorator to None, run_after=None
[2025-01-24T23:57:45.341+0000] {processor.py:208} INFO - Processing /home/airflow/.local/lib/python3.12/site-packages/airflow/example_dags/example_python_decorator.py took 0.486 seconds
[2025-01-24T23:58:17.224+0000] {processor.py:186} INFO - Started process (PID=133) to work on /home/airflow/.local/lib/python3.12/site-packages/airflow/example_dags/example_python_decorator.py
[2025-01-24T23:58:17.228+0000] {processor.py:914} INFO - Processing file /home/airflow/.local/lib/python3.12/site-packages/airflow/example_dags/example_python_decorator.py for tasks to queue
[2025-01-24T23:58:17.240+0000] {logging_mixin.py:190} INFO - [2025-01-24T23:58:17.239+0000] {dagbag.py:587} INFO - Filling up the DagBag from /home/airflow/.local/lib/python3.12/site-packages/airflow/example_dags/example_python_decorator.py
[2025-01-24T23:58:17.306+0000] {processor.py:925} INFO - DAG(s) 'example_python_decorator' retrieved from /home/airflow/.local/lib/python3.12/site-packages/airflow/example_dags/example_python_decorator.py
[2025-01-24T23:58:17.403+0000] {logging_mixin.py:190} INFO - [2025-01-24T23:58:17.402+0000] {dag.py:3211} INFO - Sync 1 DAGs
[2025-01-24T23:58:17.459+0000] {logging_mixin.py:190} INFO - [2025-01-24T23:58:17.458+0000] {dag.py:4138} INFO - Setting next_dagrun for example_python_decorator to None, run_after=None
[2025-01-24T23:58:17.516+0000] {processor.py:208} INFO - Processing /home/airflow/.local/lib/python3.12/site-packages/airflow/example_dags/example_python_decorator.py took 0.317 seconds
[2025-01-24T23:58:49.248+0000] {processor.py:186} INFO - Started process (PID=196) to work on /home/airflow/.local/lib/python3.12/site-packages/airflow/example_dags/example_python_decorator.py
[2025-01-24T23:58:49.249+0000] {processor.py:914} INFO - Processing file /home/airflow/.local/lib/python3.12/site-packages/airflow/example_dags/example_python_decorator.py for tasks to queue
[2025-01-24T23:58:49.252+0000] {logging_mixin.py:190} INFO - [2025-01-24T23:58:49.251+0000] {dagbag.py:587} INFO - Filling up the DagBag from /home/airflow/.local/lib/python3.12/site-packages/airflow/example_dags/example_python_decorator.py
[2025-01-24T23:58:49.266+0000] {processor.py:925} INFO - DAG(s) 'example_python_decorator' retrieved from /home/airflow/.local/lib/python3.12/site-packages/airflow/example_dags/example_python_decorator.py
[2025-01-24T23:58:49.292+0000] {logging_mixin.py:190} INFO - [2025-01-24T23:58:49.292+0000] {dag.py:3211} INFO - Sync 1 DAGs
[2025-01-24T23:58:49.311+0000] {logging_mixin.py:190} INFO - [2025-01-24T23:58:49.310+0000] {dag.py:4138} INFO - Setting next_dagrun for example_python_decorator to None, run_after=None
[2025-01-24T23:58:49.335+0000] {processor.py:208} INFO - Processing /home/airflow/.local/lib/python3.12/site-packages/airflow/example_dags/example_python_decorator.py took 0.093 seconds
[2025-01-24T23:59:22.737+0000] {processor.py:186} INFO - Started process (PID=259) to work on /home/airflow/.local/lib/python3.12/site-packages/airflow/example_dags/example_python_decorator.py
[2025-01-24T23:59:22.739+0000] {processor.py:914} INFO - Processing file /home/airflow/.local/lib/python3.12/site-packages/airflow/example_dags/example_python_decorator.py for tasks to queue
[2025-01-24T23:59:22.743+0000] {logging_mixin.py:190} INFO - [2025-01-24T23:59:22.742+0000] {dagbag.py:587} INFO - Filling up the DagBag from /home/airflow/.local/lib/python3.12/site-packages/airflow/example_dags/example_python_decorator.py
[2025-01-24T23:59:22.772+0000] {processor.py:925} INFO - DAG(s) 'example_python_decorator' retrieved from /home/airflow/.local/lib/python3.12/site-packages/airflow/example_dags/example_python_decorator.py
[2025-01-24T23:59:22.818+0000] {logging_mixin.py:190} INFO - [2025-01-24T23:59:22.818+0000] {dag.py:3211} INFO - Sync 1 DAGs
[2025-01-24T23:59:22.846+0000] {logging_mixin.py:190} INFO - [2025-01-24T23:59:22.846+0000] {dag.py:4138} INFO - Setting next_dagrun for example_python_decorator to None, run_after=None
[2025-01-24T23:59:22.878+0000] {processor.py:208} INFO - Processing /home/airflow/.local/lib/python3.12/site-packages/airflow/example_dags/example_python_decorator.py took 0.150 seconds
