[2025-01-24T23:57:54.342+0000] {processor.py:186} INFO - Started process (PID=103) to work on /home/airflow/.local/lib/python3.12/site-packages/airflow/example_dags/example_setup_teardown.py
[2025-01-24T23:57:54.343+0000] {processor.py:914} INFO - Processing file /home/airflow/.local/lib/python3.12/site-packages/airflow/example_dags/example_setup_teardown.py for tasks to queue
[2025-01-24T23:57:54.348+0000] {logging_mixin.py:190} INFO - [2025-01-24T23:57:54.347+0000] {dagbag.py:587} INFO - Filling up the DagBag from /home/airflow/.local/lib/python3.12/site-packages/airflow/example_dags/example_setup_teardown.py
[2025-01-24T23:57:54.367+0000] {processor.py:925} INFO - DAG(s) 'example_setup_teardown' retrieved from /home/airflow/.local/lib/python3.12/site-packages/airflow/example_dags/example_setup_teardown.py
[2025-01-24T23:57:54.592+0000] {logging_mixin.py:190} INFO - [2025-01-24T23:57:54.592+0000] {override.py:1858} INFO - Created Permission View: can delete on DAG:example_setup_teardown
[2025-01-24T23:57:54.606+0000] {logging_mixin.py:190} INFO - [2025-01-24T23:57:54.605+0000] {override.py:1858} INFO - Created Permission View: can edit on DAG:example_setup_teardown
[2025-01-24T23:57:54.615+0000] {logging_mixin.py:190} INFO - [2025-01-24T23:57:54.614+0000] {override.py:1858} INFO - Created Permission View: can read on DAG:example_setup_teardown
[2025-01-24T23:57:54.616+0000] {logging_mixin.py:190} INFO - [2025-01-24T23:57:54.615+0000] {dag.py:3211} INFO - Sync 1 DAGs
[2025-01-24T23:57:54.636+0000] {logging_mixin.py:190} INFO - [2025-01-24T23:57:54.636+0000] {dag.py:3234} INFO - Creating ORM DAG for example_setup_teardown
[2025-01-24T23:57:54.653+0000] {logging_mixin.py:190} INFO - [2025-01-24T23:57:54.653+0000] {dag.py:4138} INFO - Setting next_dagrun for example_setup_teardown to 2025-01-23 00:00:00+00:00, run_after=2025-01-24 00:00:00+00:00
[2025-01-24T23:57:54.684+0000] {processor.py:208} INFO - Processing /home/airflow/.local/lib/python3.12/site-packages/airflow/example_dags/example_setup_teardown.py took 0.356 seconds
[2025-01-24T23:58:25.385+0000] {processor.py:186} INFO - Started process (PID=165) to work on /home/airflow/.local/lib/python3.12/site-packages/airflow/example_dags/example_setup_teardown.py
[2025-01-24T23:58:25.386+0000] {processor.py:914} INFO - Processing file /home/airflow/.local/lib/python3.12/site-packages/airflow/example_dags/example_setup_teardown.py for tasks to queue
[2025-01-24T23:58:25.389+0000] {logging_mixin.py:190} INFO - [2025-01-24T23:58:25.389+0000] {dagbag.py:587} INFO - Filling up the DagBag from /home/airflow/.local/lib/python3.12/site-packages/airflow/example_dags/example_setup_teardown.py
[2025-01-24T23:58:25.397+0000] {processor.py:925} INFO - DAG(s) 'example_setup_teardown' retrieved from /home/airflow/.local/lib/python3.12/site-packages/airflow/example_dags/example_setup_teardown.py
[2025-01-24T23:58:25.417+0000] {logging_mixin.py:190} INFO - [2025-01-24T23:58:25.417+0000] {dag.py:3211} INFO - Sync 1 DAGs
[2025-01-24T23:58:25.442+0000] {logging_mixin.py:190} INFO - [2025-01-24T23:58:25.442+0000] {dag.py:4138} INFO - Setting next_dagrun for example_setup_teardown to 2025-01-23 00:00:00+00:00, run_after=2025-01-24 00:00:00+00:00
[2025-01-24T23:58:25.471+0000] {processor.py:208} INFO - Processing /home/airflow/.local/lib/python3.12/site-packages/airflow/example_dags/example_setup_teardown.py took 0.090 seconds
[2025-01-24T23:58:56.342+0000] {processor.py:186} INFO - Started process (PID=228) to work on /home/airflow/.local/lib/python3.12/site-packages/airflow/example_dags/example_setup_teardown.py
[2025-01-24T23:58:56.347+0000] {processor.py:914} INFO - Processing file /home/airflow/.local/lib/python3.12/site-packages/airflow/example_dags/example_setup_teardown.py for tasks to queue
[2025-01-24T23:58:56.353+0000] {logging_mixin.py:190} INFO - [2025-01-24T23:58:56.352+0000] {dagbag.py:587} INFO - Filling up the DagBag from /home/airflow/.local/lib/python3.12/site-packages/airflow/example_dags/example_setup_teardown.py
[2025-01-24T23:58:56.383+0000] {processor.py:925} INFO - DAG(s) 'example_setup_teardown' retrieved from /home/airflow/.local/lib/python3.12/site-packages/airflow/example_dags/example_setup_teardown.py
[2025-01-24T23:58:56.440+0000] {logging_mixin.py:190} INFO - [2025-01-24T23:58:56.439+0000] {dag.py:3211} INFO - Sync 1 DAGs
[2025-01-24T23:58:56.545+0000] {logging_mixin.py:190} INFO - [2025-01-24T23:58:56.544+0000] {dag.py:4138} INFO - Setting next_dagrun for example_setup_teardown to 2025-01-23 00:00:00+00:00, run_after=2025-01-24 00:00:00+00:00
[2025-01-24T23:58:56.609+0000] {processor.py:208} INFO - Processing /home/airflow/.local/lib/python3.12/site-packages/airflow/example_dags/example_setup_teardown.py took 0.285 seconds
