[2025-01-24T23:57:46.337+0000] {processor.py:186} INFO - Started process (PID=78) to work on /home/airflow/.local/lib/python3.12/site-packages/airflow/example_dags/example_dag_decorator.py
[2025-01-24T23:57:46.338+0000] {processor.py:914} INFO - Processing file /home/airflow/.local/lib/python3.12/site-packages/airflow/example_dags/example_dag_decorator.py for tasks to queue
[2025-01-24T23:57:46.342+0000] {logging_mixin.py:190} INFO - [2025-01-24T23:57:46.342+0000] {dagbag.py:587} INFO - Filling up the DagBag from /home/airflow/.local/lib/python3.12/site-packages/airflow/example_dags/example_dag_decorator.py
[2025-01-24T23:57:46.360+0000] {processor.py:925} INFO - DAG(s) 'example_dag_decorator' retrieved from /home/airflow/.local/lib/python3.12/site-packages/airflow/example_dags/example_dag_decorator.py
[2025-01-24T23:57:46.544+0000] {logging_mixin.py:190} INFO - [2025-01-24T23:57:46.543+0000] {override.py:1858} INFO - Created Permission View: can delete on DAG:example_dag_decorator
[2025-01-24T23:57:46.559+0000] {logging_mixin.py:190} INFO - [2025-01-24T23:57:46.559+0000] {override.py:1858} INFO - Created Permission View: can edit on DAG:example_dag_decorator
[2025-01-24T23:57:46.571+0000] {logging_mixin.py:190} INFO - [2025-01-24T23:57:46.570+0000] {override.py:1858} INFO - Created Permission View: can read on DAG:example_dag_decorator
[2025-01-24T23:57:46.572+0000] {logging_mixin.py:190} INFO - [2025-01-24T23:57:46.572+0000] {dag.py:3211} INFO - Sync 1 DAGs
[2025-01-24T23:57:46.594+0000] {logging_mixin.py:190} INFO - [2025-01-24T23:57:46.594+0000] {dag.py:3234} INFO - Creating ORM DAG for example_dag_decorator
[2025-01-24T23:57:46.595+0000] {logging_mixin.py:190} INFO - [2025-01-24T23:57:46.595+0000] {dag.py:4138} INFO - Setting next_dagrun for example_dag_decorator to None, run_after=None
[2025-01-24T23:57:46.621+0000] {processor.py:208} INFO - Processing /home/airflow/.local/lib/python3.12/site-packages/airflow/example_dags/example_dag_decorator.py took 0.295 seconds
[2025-01-24T23:58:18.091+0000] {processor.py:186} INFO - Started process (PID=140) to work on /home/airflow/.local/lib/python3.12/site-packages/airflow/example_dags/example_dag_decorator.py
[2025-01-24T23:58:18.093+0000] {processor.py:914} INFO - Processing file /home/airflow/.local/lib/python3.12/site-packages/airflow/example_dags/example_dag_decorator.py for tasks to queue
[2025-01-24T23:58:18.098+0000] {logging_mixin.py:190} INFO - [2025-01-24T23:58:18.098+0000] {dagbag.py:587} INFO - Filling up the DagBag from /home/airflow/.local/lib/python3.12/site-packages/airflow/example_dags/example_dag_decorator.py
[2025-01-24T23:58:18.130+0000] {processor.py:925} INFO - DAG(s) 'example_dag_decorator' retrieved from /home/airflow/.local/lib/python3.12/site-packages/airflow/example_dags/example_dag_decorator.py
[2025-01-24T23:58:18.426+0000] {logging_mixin.py:190} INFO - [2025-01-24T23:58:18.425+0000] {dag.py:3211} INFO - Sync 1 DAGs
[2025-01-24T23:58:18.463+0000] {logging_mixin.py:190} INFO - [2025-01-24T23:58:18.463+0000] {dag.py:4138} INFO - Setting next_dagrun for example_dag_decorator to None, run_after=None
[2025-01-24T23:58:18.533+0000] {processor.py:208} INFO - Processing /home/airflow/.local/lib/python3.12/site-packages/airflow/example_dags/example_dag_decorator.py took 0.460 seconds
[2025-01-24T23:58:49.668+0000] {processor.py:186} INFO - Started process (PID=203) to work on /home/airflow/.local/lib/python3.12/site-packages/airflow/example_dags/example_dag_decorator.py
[2025-01-24T23:58:49.668+0000] {processor.py:914} INFO - Processing file /home/airflow/.local/lib/python3.12/site-packages/airflow/example_dags/example_dag_decorator.py for tasks to queue
[2025-01-24T23:58:49.671+0000] {logging_mixin.py:190} INFO - [2025-01-24T23:58:49.671+0000] {dagbag.py:587} INFO - Filling up the DagBag from /home/airflow/.local/lib/python3.12/site-packages/airflow/example_dags/example_dag_decorator.py
[2025-01-24T23:58:49.684+0000] {processor.py:925} INFO - DAG(s) 'example_dag_decorator' retrieved from /home/airflow/.local/lib/python3.12/site-packages/airflow/example_dags/example_dag_decorator.py
[2025-01-24T23:58:49.820+0000] {logging_mixin.py:190} INFO - [2025-01-24T23:58:49.820+0000] {dag.py:3211} INFO - Sync 1 DAGs
[2025-01-24T23:58:49.836+0000] {logging_mixin.py:190} INFO - [2025-01-24T23:58:49.836+0000] {dag.py:4138} INFO - Setting next_dagrun for example_dag_decorator to None, run_after=None
[2025-01-24T23:58:49.861+0000] {processor.py:208} INFO - Processing /home/airflow/.local/lib/python3.12/site-packages/airflow/example_dags/example_dag_decorator.py took 0.201 seconds
