[2025-01-24T23:57:46.675+0000] {processor.py:186} INFO - Started process (PID=80) to work on /home/airflow/.local/lib/python3.12/site-packages/airflow/example_dags/example_branch_day_of_week_operator.py
[2025-01-24T23:57:46.677+0000] {processor.py:914} INFO - Processing file /home/airflow/.local/lib/python3.12/site-packages/airflow/example_dags/example_branch_day_of_week_operator.py for tasks to queue
[2025-01-24T23:57:46.685+0000] {logging_mixin.py:190} INFO - [2025-01-24T23:57:46.684+0000] {dagbag.py:587} INFO - Filling up the DagBag from /home/airflow/.local/lib/python3.12/site-packages/airflow/example_dags/example_branch_day_of_week_operator.py
[2025-01-24T23:57:46.713+0000] {processor.py:925} INFO - DAG(s) 'example_weekday_branch_operator' retrieved from /home/airflow/.local/lib/python3.12/site-packages/airflow/example_dags/example_branch_day_of_week_operator.py
[2025-01-24T23:57:47.006+0000] {logging_mixin.py:190} INFO - [2025-01-24T23:57:47.005+0000] {override.py:1858} INFO - Created Permission View: can delete on DAG:example_weekday_branch_operator
[2025-01-24T23:57:47.023+0000] {logging_mixin.py:190} INFO - [2025-01-24T23:57:47.022+0000] {override.py:1858} INFO - Created Permission View: can edit on DAG:example_weekday_branch_operator
[2025-01-24T23:57:47.035+0000] {logging_mixin.py:190} INFO - [2025-01-24T23:57:47.034+0000] {override.py:1858} INFO - Created Permission View: can read on DAG:example_weekday_branch_operator
[2025-01-24T23:57:47.037+0000] {logging_mixin.py:190} INFO - [2025-01-24T23:57:47.036+0000] {dag.py:3211} INFO - Sync 1 DAGs
[2025-01-24T23:57:47.063+0000] {logging_mixin.py:190} INFO - [2025-01-24T23:57:47.063+0000] {dag.py:3234} INFO - Creating ORM DAG for example_weekday_branch_operator
[2025-01-24T23:57:47.088+0000] {logging_mixin.py:190} INFO - [2025-01-24T23:57:47.088+0000] {dag.py:4138} INFO - Setting next_dagrun for example_weekday_branch_operator to 2025-01-23 00:00:00+00:00, run_after=2025-01-24 00:00:00+00:00
[2025-01-24T23:57:47.119+0000] {processor.py:208} INFO - Processing /home/airflow/.local/lib/python3.12/site-packages/airflow/example_dags/example_branch_day_of_week_operator.py took 0.452 seconds
[2025-01-24T23:58:18.502+0000] {processor.py:186} INFO - Started process (PID=142) to work on /home/airflow/.local/lib/python3.12/site-packages/airflow/example_dags/example_branch_day_of_week_operator.py
[2025-01-24T23:58:18.507+0000] {processor.py:914} INFO - Processing file /home/airflow/.local/lib/python3.12/site-packages/airflow/example_dags/example_branch_day_of_week_operator.py for tasks to queue
[2025-01-24T23:58:18.513+0000] {logging_mixin.py:190} INFO - [2025-01-24T23:58:18.512+0000] {dagbag.py:587} INFO - Filling up the DagBag from /home/airflow/.local/lib/python3.12/site-packages/airflow/example_dags/example_branch_day_of_week_operator.py
[2025-01-24T23:58:18.548+0000] {processor.py:925} INFO - DAG(s) 'example_weekday_branch_operator' retrieved from /home/airflow/.local/lib/python3.12/site-packages/airflow/example_dags/example_branch_day_of_week_operator.py
[2025-01-24T23:58:18.607+0000] {logging_mixin.py:190} INFO - [2025-01-24T23:58:18.606+0000] {dag.py:3211} INFO - Sync 1 DAGs
[2025-01-24T23:58:18.661+0000] {logging_mixin.py:190} INFO - [2025-01-24T23:58:18.660+0000] {dag.py:4138} INFO - Setting next_dagrun for example_weekday_branch_operator to 2025-01-23 00:00:00+00:00, run_after=2025-01-24 00:00:00+00:00
[2025-01-24T23:58:18.696+0000] {processor.py:208} INFO - Processing /home/airflow/.local/lib/python3.12/site-packages/airflow/example_dags/example_branch_day_of_week_operator.py took 0.209 seconds
[2025-01-24T23:58:49.851+0000] {processor.py:186} INFO - Started process (PID=205) to work on /home/airflow/.local/lib/python3.12/site-packages/airflow/example_dags/example_branch_day_of_week_operator.py
[2025-01-24T23:58:49.853+0000] {processor.py:914} INFO - Processing file /home/airflow/.local/lib/python3.12/site-packages/airflow/example_dags/example_branch_day_of_week_operator.py for tasks to queue
[2025-01-24T23:58:49.856+0000] {logging_mixin.py:190} INFO - [2025-01-24T23:58:49.856+0000] {dagbag.py:587} INFO - Filling up the DagBag from /home/airflow/.local/lib/python3.12/site-packages/airflow/example_dags/example_branch_day_of_week_operator.py
[2025-01-24T23:58:49.871+0000] {processor.py:925} INFO - DAG(s) 'example_weekday_branch_operator' retrieved from /home/airflow/.local/lib/python3.12/site-packages/airflow/example_dags/example_branch_day_of_week_operator.py
[2025-01-24T23:58:49.898+0000] {logging_mixin.py:190} INFO - [2025-01-24T23:58:49.897+0000] {dag.py:3211} INFO - Sync 1 DAGs
[2025-01-24T23:58:49.926+0000] {logging_mixin.py:190} INFO - [2025-01-24T23:58:49.926+0000] {dag.py:4138} INFO - Setting next_dagrun for example_weekday_branch_operator to 2025-01-23 00:00:00+00:00, run_after=2025-01-24 00:00:00+00:00
[2025-01-24T23:58:49.945+0000] {processor.py:208} INFO - Processing /home/airflow/.local/lib/python3.12/site-packages/airflow/example_dags/example_branch_day_of_week_operator.py took 0.102 seconds
