[2025-01-24T23:57:57.230+0000] {processor.py:186} INFO - Started process (PID=118) to work on /home/airflow/.local/lib/python3.12/site-packages/airflow/example_dags/example_python_operator.py
[2025-01-24T23:57:57.232+0000] {processor.py:914} INFO - Processing file /home/airflow/.local/lib/python3.12/site-packages/airflow/example_dags/example_python_operator.py for tasks to queue
[2025-01-24T23:57:57.235+0000] {logging_mixin.py:190} INFO - [2025-01-24T23:57:57.235+0000] {dagbag.py:587} INFO - Filling up the DagBag from /home/airflow/.local/lib/python3.12/site-packages/airflow/example_dags/example_python_operator.py
[2025-01-24T23:57:57.257+0000] {processor.py:925} INFO - DAG(s) 'example_python_operator' retrieved from /home/airflow/.local/lib/python3.12/site-packages/airflow/example_dags/example_python_operator.py
[2025-01-24T23:57:57.492+0000] {logging_mixin.py:190} INFO - [2025-01-24T23:57:57.491+0000] {override.py:1858} INFO - Created Permission View: can delete on DAG:example_python_operator
[2025-01-24T23:57:57.512+0000] {logging_mixin.py:190} INFO - [2025-01-24T23:57:57.511+0000] {override.py:1858} INFO - Created Permission View: can edit on DAG:example_python_operator
[2025-01-24T23:57:57.523+0000] {logging_mixin.py:190} INFO - [2025-01-24T23:57:57.522+0000] {override.py:1858} INFO - Created Permission View: can read on DAG:example_python_operator
[2025-01-24T23:57:57.526+0000] {logging_mixin.py:190} INFO - [2025-01-24T23:57:57.526+0000] {dag.py:3211} INFO - Sync 1 DAGs
[2025-01-24T23:57:57.554+0000] {logging_mixin.py:190} INFO - [2025-01-24T23:57:57.554+0000] {dag.py:3234} INFO - Creating ORM DAG for example_python_operator
[2025-01-24T23:57:57.556+0000] {logging_mixin.py:190} INFO - [2025-01-24T23:57:57.555+0000] {dag.py:4138} INFO - Setting next_dagrun for example_python_operator to None, run_after=None
[2025-01-24T23:57:57.580+0000] {processor.py:208} INFO - Processing /home/airflow/.local/lib/python3.12/site-packages/airflow/example_dags/example_python_operator.py took 0.359 seconds
[2025-01-24T23:58:28.022+0000] {processor.py:186} INFO - Started process (PID=175) to work on /home/airflow/.local/lib/python3.12/site-packages/airflow/example_dags/example_python_operator.py
[2025-01-24T23:58:28.029+0000] {processor.py:914} INFO - Processing file /home/airflow/.local/lib/python3.12/site-packages/airflow/example_dags/example_python_operator.py for tasks to queue
[2025-01-24T23:58:28.034+0000] {logging_mixin.py:190} INFO - [2025-01-24T23:58:28.033+0000] {dagbag.py:587} INFO - Filling up the DagBag from /home/airflow/.local/lib/python3.12/site-packages/airflow/example_dags/example_python_operator.py
[2025-01-24T23:58:28.065+0000] {processor.py:925} INFO - DAG(s) 'example_python_operator' retrieved from /home/airflow/.local/lib/python3.12/site-packages/airflow/example_dags/example_python_operator.py
[2025-01-24T23:58:28.120+0000] {logging_mixin.py:190} INFO - [2025-01-24T23:58:28.120+0000] {dag.py:3211} INFO - Sync 1 DAGs
[2025-01-24T23:58:28.152+0000] {logging_mixin.py:190} INFO - [2025-01-24T23:58:28.151+0000] {dag.py:4138} INFO - Setting next_dagrun for example_python_operator to None, run_after=None
[2025-01-24T23:58:28.192+0000] {processor.py:208} INFO - Processing /home/airflow/.local/lib/python3.12/site-packages/airflow/example_dags/example_python_operator.py took 0.184 seconds
[2025-01-24T23:58:59.984+0000] {processor.py:186} INFO - Started process (PID=238) to work on /home/airflow/.local/lib/python3.12/site-packages/airflow/example_dags/example_python_operator.py
[2025-01-24T23:58:59.987+0000] {processor.py:914} INFO - Processing file /home/airflow/.local/lib/python3.12/site-packages/airflow/example_dags/example_python_operator.py for tasks to queue
[2025-01-24T23:58:59.999+0000] {logging_mixin.py:190} INFO - [2025-01-24T23:58:59.999+0000] {dagbag.py:587} INFO - Filling up the DagBag from /home/airflow/.local/lib/python3.12/site-packages/airflow/example_dags/example_python_operator.py
[2025-01-24T23:59:00.043+0000] {processor.py:925} INFO - DAG(s) 'example_python_operator' retrieved from /home/airflow/.local/lib/python3.12/site-packages/airflow/example_dags/example_python_operator.py
[2025-01-24T23:59:00.130+0000] {logging_mixin.py:190} INFO - [2025-01-24T23:59:00.130+0000] {dag.py:3211} INFO - Sync 1 DAGs
[2025-01-24T23:59:00.214+0000] {logging_mixin.py:190} INFO - [2025-01-24T23:59:00.214+0000] {dag.py:4138} INFO - Setting next_dagrun for example_python_operator to None, run_after=None
[2025-01-24T23:59:00.302+0000] {processor.py:208} INFO - Processing /home/airflow/.local/lib/python3.12/site-packages/airflow/example_dags/example_python_operator.py took 0.342 seconds
