[2025-01-24T23:57:52.178+0000] {processor.py:186} INFO - Started process (PID=94) to work on /home/airflow/.local/lib/python3.12/site-packages/airflow/example_dags/example_workday_timetable.py
[2025-01-24T23:57:52.179+0000] {processor.py:914} INFO - Processing file /home/airflow/.local/lib/python3.12/site-packages/airflow/example_dags/example_workday_timetable.py for tasks to queue
[2025-01-24T23:57:52.183+0000] {logging_mixin.py:190} INFO - [2025-01-24T23:57:52.182+0000] {dagbag.py:587} INFO - Filling up the DagBag from /home/airflow/.local/lib/python3.12/site-packages/airflow/example_dags/example_workday_timetable.py
[2025-01-24T23:57:52.196+0000] {processor.py:925} INFO - DAG(s) 'example_workday_timetable' retrieved from /home/airflow/.local/lib/python3.12/site-packages/airflow/example_dags/example_workday_timetable.py
[2025-01-24T23:57:52.438+0000] {logging_mixin.py:190} INFO - [2025-01-24T23:57:52.436+0000] {override.py:1858} INFO - Created Permission View: can delete on DAG:example_workday_timetable
[2025-01-24T23:57:52.462+0000] {logging_mixin.py:190} INFO - [2025-01-24T23:57:52.461+0000] {override.py:1858} INFO - Created Permission View: can edit on DAG:example_workday_timetable
[2025-01-24T23:57:52.476+0000] {logging_mixin.py:190} INFO - [2025-01-24T23:57:52.475+0000] {override.py:1858} INFO - Created Permission View: can read on DAG:example_workday_timetable
[2025-01-24T23:57:52.477+0000] {logging_mixin.py:190} INFO - [2025-01-24T23:57:52.477+0000] {dag.py:3211} INFO - Sync 1 DAGs
[2025-01-24T23:57:52.500+0000] {logging_mixin.py:190} INFO - [2025-01-24T23:57:52.499+0000] {dag.py:3234} INFO - Creating ORM DAG for example_workday_timetable
[2025-01-24T23:57:52.735+0000] {logging_mixin.py:190} INFO - [2025-01-24T23:57:52.735+0000] {dag.py:4138} INFO - Setting next_dagrun for example_workday_timetable to 2021-01-04 00:00:00+00:00, run_after=2021-01-05 00:00:00+00:00
[2025-01-24T23:57:52.766+0000] {processor.py:208} INFO - Processing /home/airflow/.local/lib/python3.12/site-packages/airflow/example_dags/example_workday_timetable.py took 0.597 seconds
[2025-01-24T23:58:23.647+0000] {processor.py:186} INFO - Started process (PID=156) to work on /home/airflow/.local/lib/python3.12/site-packages/airflow/example_dags/example_workday_timetable.py
[2025-01-24T23:58:23.649+0000] {processor.py:914} INFO - Processing file /home/airflow/.local/lib/python3.12/site-packages/airflow/example_dags/example_workday_timetable.py for tasks to queue
[2025-01-24T23:58:23.654+0000] {logging_mixin.py:190} INFO - [2025-01-24T23:58:23.653+0000] {dagbag.py:587} INFO - Filling up the DagBag from /home/airflow/.local/lib/python3.12/site-packages/airflow/example_dags/example_workday_timetable.py
[2025-01-24T23:58:23.663+0000] {processor.py:925} INFO - DAG(s) 'example_workday_timetable' retrieved from /home/airflow/.local/lib/python3.12/site-packages/airflow/example_dags/example_workday_timetable.py
[2025-01-24T23:58:23.691+0000] {logging_mixin.py:190} INFO - [2025-01-24T23:58:23.691+0000] {dag.py:3211} INFO - Sync 1 DAGs
[2025-01-24T23:58:23.810+0000] {logging_mixin.py:190} INFO - [2025-01-24T23:58:23.809+0000] {dag.py:4138} INFO - Setting next_dagrun for example_workday_timetable to 2021-01-04 00:00:00+00:00, run_after=2021-01-05 00:00:00+00:00
[2025-01-24T23:58:23.845+0000] {processor.py:208} INFO - Processing /home/airflow/.local/lib/python3.12/site-packages/airflow/example_dags/example_workday_timetable.py took 0.206 seconds
[2025-01-24T23:58:54.419+0000] {processor.py:186} INFO - Started process (PID=219) to work on /home/airflow/.local/lib/python3.12/site-packages/airflow/example_dags/example_workday_timetable.py
[2025-01-24T23:58:54.422+0000] {processor.py:914} INFO - Processing file /home/airflow/.local/lib/python3.12/site-packages/airflow/example_dags/example_workday_timetable.py for tasks to queue
[2025-01-24T23:58:54.428+0000] {logging_mixin.py:190} INFO - [2025-01-24T23:58:54.427+0000] {dagbag.py:587} INFO - Filling up the DagBag from /home/airflow/.local/lib/python3.12/site-packages/airflow/example_dags/example_workday_timetable.py
[2025-01-24T23:58:54.439+0000] {processor.py:925} INFO - DAG(s) 'example_workday_timetable' retrieved from /home/airflow/.local/lib/python3.12/site-packages/airflow/example_dags/example_workday_timetable.py
[2025-01-24T23:58:54.466+0000] {logging_mixin.py:190} INFO - [2025-01-24T23:58:54.465+0000] {dag.py:3211} INFO - Sync 1 DAGs
[2025-01-24T23:58:54.543+0000] {logging_mixin.py:190} INFO - [2025-01-24T23:58:54.543+0000] {dag.py:4138} INFO - Setting next_dagrun for example_workday_timetable to 2021-01-04 00:00:00+00:00, run_after=2021-01-05 00:00:00+00:00
[2025-01-24T23:58:54.570+0000] {processor.py:208} INFO - Processing /home/airflow/.local/lib/python3.12/site-packages/airflow/example_dags/example_workday_timetable.py took 0.171 seconds
