[2025-01-24T23:57:52.821+0000] {processor.py:186} INFO - Started process (PID=97) to work on /home/airflow/.local/lib/python3.12/site-packages/airflow/example_dags/example_kubernetes_executor.py
[2025-01-24T23:57:52.823+0000] {processor.py:914} INFO - Processing file /home/airflow/.local/lib/python3.12/site-packages/airflow/example_dags/example_kubernetes_executor.py for tasks to queue
[2025-01-24T23:57:52.827+0000] {logging_mixin.py:190} INFO - [2025-01-24T23:57:52.826+0000] {dagbag.py:587} INFO - Filling up the DagBag from /home/airflow/.local/lib/python3.12/site-packages/airflow/example_dags/example_kubernetes_executor.py
[2025-01-24T23:57:52.865+0000] {processor.py:925} INFO - DAG(s) 'example_kubernetes_executor' retrieved from /home/airflow/.local/lib/python3.12/site-packages/airflow/example_dags/example_kubernetes_executor.py
[2025-01-24T23:57:53.084+0000] {logging_mixin.py:190} INFO - [2025-01-24T23:57:53.083+0000] {override.py:1858} INFO - Created Permission View: can delete on DAG:example_kubernetes_executor
[2025-01-24T23:57:53.100+0000] {logging_mixin.py:190} INFO - [2025-01-24T23:57:53.100+0000] {override.py:1858} INFO - Created Permission View: can edit on DAG:example_kubernetes_executor
[2025-01-24T23:57:53.114+0000] {logging_mixin.py:190} INFO - [2025-01-24T23:57:53.113+0000] {override.py:1858} INFO - Created Permission View: can read on DAG:example_kubernetes_executor
[2025-01-24T23:57:53.115+0000] {logging_mixin.py:190} INFO - [2025-01-24T23:57:53.114+0000] {dag.py:3211} INFO - Sync 1 DAGs
[2025-01-24T23:57:53.137+0000] {logging_mixin.py:190} INFO - [2025-01-24T23:57:53.136+0000] {dag.py:3234} INFO - Creating ORM DAG for example_kubernetes_executor
[2025-01-24T23:57:53.138+0000] {logging_mixin.py:190} INFO - [2025-01-24T23:57:53.138+0000] {dag.py:4138} INFO - Setting next_dagrun for example_kubernetes_executor to None, run_after=None
[2025-01-24T23:57:53.161+0000] {processor.py:208} INFO - Processing /home/airflow/.local/lib/python3.12/site-packages/airflow/example_dags/example_kubernetes_executor.py took 0.349 seconds
[2025-01-24T23:58:23.886+0000] {processor.py:186} INFO - Started process (PID=159) to work on /home/airflow/.local/lib/python3.12/site-packages/airflow/example_dags/example_kubernetes_executor.py
[2025-01-24T23:58:23.888+0000] {processor.py:914} INFO - Processing file /home/airflow/.local/lib/python3.12/site-packages/airflow/example_dags/example_kubernetes_executor.py for tasks to queue
[2025-01-24T23:58:23.891+0000] {logging_mixin.py:190} INFO - [2025-01-24T23:58:23.891+0000] {dagbag.py:587} INFO - Filling up the DagBag from /home/airflow/.local/lib/python3.12/site-packages/airflow/example_dags/example_kubernetes_executor.py
[2025-01-24T23:58:23.915+0000] {processor.py:925} INFO - DAG(s) 'example_kubernetes_executor' retrieved from /home/airflow/.local/lib/python3.12/site-packages/airflow/example_dags/example_kubernetes_executor.py
[2025-01-24T23:58:23.967+0000] {logging_mixin.py:190} INFO - [2025-01-24T23:58:23.967+0000] {dag.py:3211} INFO - Sync 1 DAGs
[2025-01-24T23:58:23.991+0000] {logging_mixin.py:190} INFO - [2025-01-24T23:58:23.991+0000] {dag.py:4138} INFO - Setting next_dagrun for example_kubernetes_executor to None, run_after=None
[2025-01-24T23:58:24.022+0000] {processor.py:208} INFO - Processing /home/airflow/.local/lib/python3.12/site-packages/airflow/example_dags/example_kubernetes_executor.py took 0.145 seconds
[2025-01-24T23:58:54.623+0000] {processor.py:186} INFO - Started process (PID=222) to work on /home/airflow/.local/lib/python3.12/site-packages/airflow/example_dags/example_kubernetes_executor.py
[2025-01-24T23:58:54.624+0000] {processor.py:914} INFO - Processing file /home/airflow/.local/lib/python3.12/site-packages/airflow/example_dags/example_kubernetes_executor.py for tasks to queue
[2025-01-24T23:58:54.627+0000] {logging_mixin.py:190} INFO - [2025-01-24T23:58:54.627+0000] {dagbag.py:587} INFO - Filling up the DagBag from /home/airflow/.local/lib/python3.12/site-packages/airflow/example_dags/example_kubernetes_executor.py
[2025-01-24T23:58:54.650+0000] {processor.py:925} INFO - DAG(s) 'example_kubernetes_executor' retrieved from /home/airflow/.local/lib/python3.12/site-packages/airflow/example_dags/example_kubernetes_executor.py
[2025-01-24T23:58:54.708+0000] {logging_mixin.py:190} INFO - [2025-01-24T23:58:54.707+0000] {dag.py:3211} INFO - Sync 1 DAGs
[2025-01-24T23:58:54.731+0000] {logging_mixin.py:190} INFO - [2025-01-24T23:58:54.731+0000] {dag.py:4138} INFO - Setting next_dagrun for example_kubernetes_executor to None, run_after=None
[2025-01-24T23:58:54.755+0000] {processor.py:208} INFO - Processing /home/airflow/.local/lib/python3.12/site-packages/airflow/example_dags/example_kubernetes_executor.py took 0.141 seconds
