[2025-01-24T23:57:57.624+0000] {processor.py:186} INFO - Started process (PID=119) to work on /home/airflow/.local/lib/python3.12/site-packages/airflow/example_dags/example_branch_operator_decorator.py
[2025-01-24T23:57:57.626+0000] {processor.py:914} INFO - Processing file /home/airflow/.local/lib/python3.12/site-packages/airflow/example_dags/example_branch_operator_decorator.py for tasks to queue
[2025-01-24T23:57:57.631+0000] {logging_mixin.py:190} INFO - [2025-01-24T23:57:57.631+0000] {dagbag.py:587} INFO - Filling up the DagBag from /home/airflow/.local/lib/python3.12/site-packages/airflow/example_dags/example_branch_operator_decorator.py
[2025-01-24T23:57:57.681+0000] {processor.py:925} INFO - DAG(s) 'example_branch_python_operator_decorator' retrieved from /home/airflow/.local/lib/python3.12/site-packages/airflow/example_dags/example_branch_operator_decorator.py
[2025-01-24T23:57:57.893+0000] {logging_mixin.py:190} INFO - [2025-01-24T23:57:57.892+0000] {override.py:1858} INFO - Created Permission View: can delete on DAG:example_branch_python_operator_decorator
[2025-01-24T23:57:57.908+0000] {logging_mixin.py:190} INFO - [2025-01-24T23:57:57.907+0000] {override.py:1858} INFO - Created Permission View: can edit on DAG:example_branch_python_operator_decorator
[2025-01-24T23:57:57.918+0000] {logging_mixin.py:190} INFO - [2025-01-24T23:57:57.918+0000] {override.py:1858} INFO - Created Permission View: can read on DAG:example_branch_python_operator_decorator
[2025-01-24T23:57:57.919+0000] {logging_mixin.py:190} INFO - [2025-01-24T23:57:57.919+0000] {dag.py:3211} INFO - Sync 1 DAGs
[2025-01-24T23:57:57.941+0000] {logging_mixin.py:190} INFO - [2025-01-24T23:57:57.940+0000] {dag.py:3234} INFO - Creating ORM DAG for example_branch_python_operator_decorator
[2025-01-24T23:57:57.961+0000] {logging_mixin.py:190} INFO - [2025-01-24T23:57:57.960+0000] {dag.py:4138} INFO - Setting next_dagrun for example_branch_python_operator_decorator to 2025-01-23 00:00:00+00:00, run_after=2025-01-24 00:00:00+00:00
[2025-01-24T23:57:57.991+0000] {processor.py:208} INFO - Processing /home/airflow/.local/lib/python3.12/site-packages/airflow/example_dags/example_branch_operator_decorator.py took 0.375 seconds
[2025-01-24T23:58:28.217+0000] {processor.py:186} INFO - Started process (PID=176) to work on /home/airflow/.local/lib/python3.12/site-packages/airflow/example_dags/example_branch_operator_decorator.py
[2025-01-24T23:58:28.219+0000] {processor.py:914} INFO - Processing file /home/airflow/.local/lib/python3.12/site-packages/airflow/example_dags/example_branch_operator_decorator.py for tasks to queue
[2025-01-24T23:58:28.229+0000] {logging_mixin.py:190} INFO - [2025-01-24T23:58:28.227+0000] {dagbag.py:587} INFO - Filling up the DagBag from /home/airflow/.local/lib/python3.12/site-packages/airflow/example_dags/example_branch_operator_decorator.py
[2025-01-24T23:58:28.285+0000] {processor.py:925} INFO - DAG(s) 'example_branch_python_operator_decorator' retrieved from /home/airflow/.local/lib/python3.12/site-packages/airflow/example_dags/example_branch_operator_decorator.py
[2025-01-24T23:58:28.435+0000] {logging_mixin.py:190} INFO - [2025-01-24T23:58:28.435+0000] {dag.py:3211} INFO - Sync 1 DAGs
[2025-01-24T23:58:28.525+0000] {logging_mixin.py:190} INFO - [2025-01-24T23:58:28.524+0000] {dag.py:4138} INFO - Setting next_dagrun for example_branch_python_operator_decorator to 2025-01-23 00:00:00+00:00, run_after=2025-01-24 00:00:00+00:00
[2025-01-24T23:58:28.562+0000] {processor.py:208} INFO - Processing /home/airflow/.local/lib/python3.12/site-packages/airflow/example_dags/example_branch_operator_decorator.py took 0.363 seconds
[2025-01-24T23:59:00.443+0000] {processor.py:186} INFO - Started process (PID=239) to work on /home/airflow/.local/lib/python3.12/site-packages/airflow/example_dags/example_branch_operator_decorator.py
[2025-01-24T23:59:00.448+0000] {processor.py:914} INFO - Processing file /home/airflow/.local/lib/python3.12/site-packages/airflow/example_dags/example_branch_operator_decorator.py for tasks to queue
[2025-01-24T23:59:00.455+0000] {logging_mixin.py:190} INFO - [2025-01-24T23:59:00.452+0000] {dagbag.py:587} INFO - Filling up the DagBag from /home/airflow/.local/lib/python3.12/site-packages/airflow/example_dags/example_branch_operator_decorator.py
[2025-01-24T23:59:00.555+0000] {processor.py:925} INFO - DAG(s) 'example_branch_python_operator_decorator' retrieved from /home/airflow/.local/lib/python3.12/site-packages/airflow/example_dags/example_branch_operator_decorator.py
[2025-01-24T23:59:00.694+0000] {logging_mixin.py:190} INFO - [2025-01-24T23:59:00.694+0000] {dag.py:3211} INFO - Sync 1 DAGs
[2025-01-24T23:59:00.814+0000] {logging_mixin.py:190} INFO - [2025-01-24T23:59:00.814+0000] {dag.py:4138} INFO - Setting next_dagrun for example_branch_python_operator_decorator to 2025-01-23 00:00:00+00:00, run_after=2025-01-24 00:00:00+00:00
[2025-01-24T23:59:00.896+0000] {processor.py:208} INFO - Processing /home/airflow/.local/lib/python3.12/site-packages/airflow/example_dags/example_branch_operator_decorator.py took 0.469 seconds
