[2025-01-24T23:57:49.832+0000] {processor.py:186} INFO - Started process (PID=89) to work on /home/airflow/.local/lib/python3.12/site-packages/airflow/example_dags/example_dynamic_task_mapping.py
[2025-01-24T23:57:49.833+0000] {processor.py:914} INFO - Processing file /home/airflow/.local/lib/python3.12/site-packages/airflow/example_dags/example_dynamic_task_mapping.py for tasks to queue
[2025-01-24T23:57:49.838+0000] {logging_mixin.py:190} INFO - [2025-01-24T23:57:49.838+0000] {dagbag.py:587} INFO - Filling up the DagBag from /home/airflow/.local/lib/python3.12/site-packages/airflow/example_dags/example_dynamic_task_mapping.py
[2025-01-24T23:57:49.868+0000] {processor.py:925} INFO - DAG(s) 'example_dynamic_task_mapping' retrieved from /home/airflow/.local/lib/python3.12/site-packages/airflow/example_dags/example_dynamic_task_mapping.py
[2025-01-24T23:57:50.228+0000] {logging_mixin.py:190} INFO - [2025-01-24T23:57:50.226+0000] {override.py:1858} INFO - Created Permission View: can delete on DAG:example_dynamic_task_mapping
[2025-01-24T23:57:50.255+0000] {logging_mixin.py:190} INFO - [2025-01-24T23:57:50.255+0000] {override.py:1858} INFO - Created Permission View: can edit on DAG:example_dynamic_task_mapping
[2025-01-24T23:57:50.279+0000] {logging_mixin.py:190} INFO - [2025-01-24T23:57:50.278+0000] {override.py:1858} INFO - Created Permission View: can read on DAG:example_dynamic_task_mapping
[2025-01-24T23:57:50.280+0000] {logging_mixin.py:190} INFO - [2025-01-24T23:57:50.280+0000] {dag.py:3211} INFO - Sync 1 DAGs
[2025-01-24T23:57:50.362+0000] {logging_mixin.py:190} INFO - [2025-01-24T23:57:50.362+0000] {dag.py:3234} INFO - Creating ORM DAG for example_dynamic_task_mapping
[2025-01-24T23:57:50.603+0000] {logging_mixin.py:190} INFO - [2025-01-24T23:57:50.602+0000] {dag.py:4138} INFO - Setting next_dagrun for example_dynamic_task_mapping to 2022-03-04 00:00:00+00:00, run_after=2022-03-05 00:00:00+00:00
[2025-01-24T23:57:50.691+0000] {processor.py:208} INFO - Processing /home/airflow/.local/lib/python3.12/site-packages/airflow/example_dags/example_dynamic_task_mapping.py took 0.875 seconds
[2025-01-24T23:58:21.216+0000] {processor.py:186} INFO - Started process (PID=151) to work on /home/airflow/.local/lib/python3.12/site-packages/airflow/example_dags/example_dynamic_task_mapping.py
[2025-01-24T23:58:21.220+0000] {processor.py:914} INFO - Processing file /home/airflow/.local/lib/python3.12/site-packages/airflow/example_dags/example_dynamic_task_mapping.py for tasks to queue
[2025-01-24T23:58:21.225+0000] {logging_mixin.py:190} INFO - [2025-01-24T23:58:21.225+0000] {dagbag.py:587} INFO - Filling up the DagBag from /home/airflow/.local/lib/python3.12/site-packages/airflow/example_dags/example_dynamic_task_mapping.py
[2025-01-24T23:58:21.246+0000] {processor.py:925} INFO - DAG(s) 'example_dynamic_task_mapping' retrieved from /home/airflow/.local/lib/python3.12/site-packages/airflow/example_dags/example_dynamic_task_mapping.py
[2025-01-24T23:58:21.292+0000] {logging_mixin.py:190} INFO - [2025-01-24T23:58:21.291+0000] {dag.py:3211} INFO - Sync 1 DAGs
[2025-01-24T23:58:21.347+0000] {logging_mixin.py:190} INFO - [2025-01-24T23:58:21.347+0000] {dag.py:4138} INFO - Setting next_dagrun for example_dynamic_task_mapping to 2022-03-04 00:00:00+00:00, run_after=2022-03-05 00:00:00+00:00
[2025-01-24T23:58:21.408+0000] {processor.py:208} INFO - Processing /home/airflow/.local/lib/python3.12/site-packages/airflow/example_dags/example_dynamic_task_mapping.py took 0.206 seconds
[2025-01-24T23:58:51.710+0000] {processor.py:186} INFO - Started process (PID=214) to work on /home/airflow/.local/lib/python3.12/site-packages/airflow/example_dags/example_dynamic_task_mapping.py
[2025-01-24T23:58:51.711+0000] {processor.py:914} INFO - Processing file /home/airflow/.local/lib/python3.12/site-packages/airflow/example_dags/example_dynamic_task_mapping.py for tasks to queue
[2025-01-24T23:58:51.714+0000] {logging_mixin.py:190} INFO - [2025-01-24T23:58:51.714+0000] {dagbag.py:587} INFO - Filling up the DagBag from /home/airflow/.local/lib/python3.12/site-packages/airflow/example_dags/example_dynamic_task_mapping.py
[2025-01-24T23:58:51.733+0000] {processor.py:925} INFO - DAG(s) 'example_dynamic_task_mapping' retrieved from /home/airflow/.local/lib/python3.12/site-packages/airflow/example_dags/example_dynamic_task_mapping.py
[2025-01-24T23:58:51.772+0000] {logging_mixin.py:190} INFO - [2025-01-24T23:58:51.771+0000] {dag.py:3211} INFO - Sync 1 DAGs
[2025-01-24T23:58:51.817+0000] {logging_mixin.py:190} INFO - [2025-01-24T23:58:51.816+0000] {dag.py:4138} INFO - Setting next_dagrun for example_dynamic_task_mapping to 2022-03-04 00:00:00+00:00, run_after=2022-03-05 00:00:00+00:00
[2025-01-24T23:58:51.859+0000] {processor.py:208} INFO - Processing /home/airflow/.local/lib/python3.12/site-packages/airflow/example_dags/example_dynamic_task_mapping.py took 0.158 seconds
