[2025-01-24T23:57:54.743+0000] {processor.py:186} INFO - Started process (PID=105) to work on /home/airflow/.local/lib/python3.12/site-packages/airflow/example_dags/example_dataset_alias.py
[2025-01-24T23:57:54.747+0000] {processor.py:914} INFO - Processing file /home/airflow/.local/lib/python3.12/site-packages/airflow/example_dags/example_dataset_alias.py for tasks to queue
[2025-01-24T23:57:54.752+0000] {logging_mixin.py:190} INFO - [2025-01-24T23:57:54.751+0000] {dagbag.py:587} INFO - Filling up the DagBag from /home/airflow/.local/lib/python3.12/site-packages/airflow/example_dags/example_dataset_alias.py
[2025-01-24T23:57:55.024+0000] {processor.py:925} INFO - DAG(s) 'dataset_alias_example_alias_consumer', 'dataset_s3_bucket_consumer', 'dataset_s3_bucket_producer', 'dataset_alias_example_alias_producer' retrieved from /home/airflow/.local/lib/python3.12/site-packages/airflow/example_dags/example_dataset_alias.py
[2025-01-24T23:57:55.173+0000] {logging_mixin.py:190} INFO - [2025-01-24T23:57:55.172+0000] {override.py:1858} INFO - Created Permission View: can delete on DAG:dataset_alias_example_alias_consumer
[2025-01-24T23:57:55.187+0000] {logging_mixin.py:190} INFO - [2025-01-24T23:57:55.187+0000] {override.py:1858} INFO - Created Permission View: can edit on DAG:dataset_alias_example_alias_consumer
[2025-01-24T23:57:55.197+0000] {logging_mixin.py:190} INFO - [2025-01-24T23:57:55.197+0000] {override.py:1858} INFO - Created Permission View: can read on DAG:dataset_alias_example_alias_consumer
[2025-01-24T23:57:55.216+0000] {logging_mixin.py:190} INFO - [2025-01-24T23:57:55.216+0000] {override.py:1858} INFO - Created Permission View: can delete on DAG:dataset_s3_bucket_consumer
[2025-01-24T23:57:55.227+0000] {logging_mixin.py:190} INFO - [2025-01-24T23:57:55.227+0000] {override.py:1858} INFO - Created Permission View: can edit on DAG:dataset_s3_bucket_consumer
[2025-01-24T23:57:55.236+0000] {logging_mixin.py:190} INFO - [2025-01-24T23:57:55.235+0000] {override.py:1858} INFO - Created Permission View: can read on DAG:dataset_s3_bucket_consumer
[2025-01-24T23:57:55.259+0000] {logging_mixin.py:190} INFO - [2025-01-24T23:57:55.258+0000] {override.py:1858} INFO - Created Permission View: can delete on DAG:dataset_s3_bucket_producer
[2025-01-24T23:57:55.279+0000] {logging_mixin.py:190} INFO - [2025-01-24T23:57:55.278+0000] {override.py:1858} INFO - Created Permission View: can edit on DAG:dataset_s3_bucket_producer
[2025-01-24T23:57:55.308+0000] {logging_mixin.py:190} INFO - [2025-01-24T23:57:55.307+0000] {override.py:1858} INFO - Created Permission View: can read on DAG:dataset_s3_bucket_producer
[2025-01-24T23:57:55.370+0000] {logging_mixin.py:190} INFO - [2025-01-24T23:57:55.369+0000] {override.py:1858} INFO - Created Permission View: can delete on DAG:dataset_alias_example_alias_producer
[2025-01-24T23:57:55.398+0000] {logging_mixin.py:190} INFO - [2025-01-24T23:57:55.397+0000] {override.py:1858} INFO - Created Permission View: can edit on DAG:dataset_alias_example_alias_producer
[2025-01-24T23:57:55.411+0000] {logging_mixin.py:190} INFO - [2025-01-24T23:57:55.411+0000] {override.py:1858} INFO - Created Permission View: can read on DAG:dataset_alias_example_alias_producer
[2025-01-24T23:57:55.412+0000] {logging_mixin.py:190} INFO - [2025-01-24T23:57:55.412+0000] {dag.py:3211} INFO - Sync 4 DAGs
[2025-01-24T23:57:55.444+0000] {logging_mixin.py:190} INFO - [2025-01-24T23:57:55.443+0000] {dag.py:3234} INFO - Creating ORM DAG for dataset_s3_bucket_consumer
[2025-01-24T23:57:55.446+0000] {logging_mixin.py:190} INFO - [2025-01-24T23:57:55.446+0000] {dag.py:3234} INFO - Creating ORM DAG for dataset_alias_example_alias_consumer
[2025-01-24T23:57:55.448+0000] {logging_mixin.py:190} INFO - [2025-01-24T23:57:55.448+0000] {dag.py:3234} INFO - Creating ORM DAG for dataset_s3_bucket_producer
[2025-01-24T23:57:55.450+0000] {logging_mixin.py:190} INFO - [2025-01-24T23:57:55.449+0000] {dag.py:3234} INFO - Creating ORM DAG for dataset_alias_example_alias_producer
[2025-01-24T23:57:55.476+0000] {logging_mixin.py:190} INFO - [2025-01-24T23:57:55.476+0000] {dag.py:4138} INFO - Setting next_dagrun for dataset_alias_example_alias_consumer to None, run_after=None
[2025-01-24T23:57:55.478+0000] {logging_mixin.py:190} INFO - [2025-01-24T23:57:55.477+0000] {dag.py:4138} INFO - Setting next_dagrun for dataset_alias_example_alias_producer to None, run_after=None
[2025-01-24T23:57:55.479+0000] {logging_mixin.py:190} INFO - [2025-01-24T23:57:55.479+0000] {dag.py:4138} INFO - Setting next_dagrun for dataset_s3_bucket_consumer to None, run_after=None
[2025-01-24T23:57:55.480+0000] {logging_mixin.py:190} INFO - [2025-01-24T23:57:55.480+0000] {dag.py:4138} INFO - Setting next_dagrun for dataset_s3_bucket_producer to None, run_after=None
[2025-01-24T23:57:55.598+0000] {processor.py:208} INFO - Processing /home/airflow/.local/lib/python3.12/site-packages/airflow/example_dags/example_dataset_alias.py took 0.868 seconds
[2025-01-24T23:58:25.797+0000] {processor.py:186} INFO - Started process (PID=167) to work on /home/airflow/.local/lib/python3.12/site-packages/airflow/example_dags/example_dataset_alias.py
[2025-01-24T23:58:25.799+0000] {processor.py:914} INFO - Processing file /home/airflow/.local/lib/python3.12/site-packages/airflow/example_dags/example_dataset_alias.py for tasks to queue
[2025-01-24T23:58:25.803+0000] {logging_mixin.py:190} INFO - [2025-01-24T23:58:25.803+0000] {dagbag.py:587} INFO - Filling up the DagBag from /home/airflow/.local/lib/python3.12/site-packages/airflow/example_dags/example_dataset_alias.py
[2025-01-24T23:58:26.035+0000] {processor.py:925} INFO - DAG(s) 'dataset_s3_bucket_consumer', 'dataset_s3_bucket_producer', 'dataset_alias_example_alias_consumer', 'dataset_alias_example_alias_producer' retrieved from /home/airflow/.local/lib/python3.12/site-packages/airflow/example_dags/example_dataset_alias.py
[2025-01-24T23:58:26.076+0000] {logging_mixin.py:190} INFO - [2025-01-24T23:58:26.075+0000] {dag.py:3211} INFO - Sync 4 DAGs
[2025-01-24T23:58:26.124+0000] {logging_mixin.py:190} INFO - [2025-01-24T23:58:26.124+0000] {dag.py:4138} INFO - Setting next_dagrun for dataset_alias_example_alias_consumer to None, run_after=None
[2025-01-24T23:58:26.129+0000] {logging_mixin.py:190} INFO - [2025-01-24T23:58:26.129+0000] {dag.py:4138} INFO - Setting next_dagrun for dataset_alias_example_alias_producer to None, run_after=None
[2025-01-24T23:58:26.132+0000] {logging_mixin.py:190} INFO - [2025-01-24T23:58:26.131+0000] {dag.py:4138} INFO - Setting next_dagrun for dataset_s3_bucket_consumer to None, run_after=None
[2025-01-24T23:58:26.135+0000] {logging_mixin.py:190} INFO - [2025-01-24T23:58:26.134+0000] {dag.py:4138} INFO - Setting next_dagrun for dataset_s3_bucket_producer to None, run_after=None
[2025-01-24T23:58:26.171+0000] {processor.py:208} INFO - Processing /home/airflow/.local/lib/python3.12/site-packages/airflow/example_dags/example_dataset_alias.py took 0.384 seconds
[2025-01-24T23:58:56.702+0000] {processor.py:186} INFO - Started process (PID=230) to work on /home/airflow/.local/lib/python3.12/site-packages/airflow/example_dags/example_dataset_alias.py
[2025-01-24T23:58:56.705+0000] {processor.py:914} INFO - Processing file /home/airflow/.local/lib/python3.12/site-packages/airflow/example_dags/example_dataset_alias.py for tasks to queue
[2025-01-24T23:58:56.711+0000] {logging_mixin.py:190} INFO - [2025-01-24T23:58:56.710+0000] {dagbag.py:587} INFO - Filling up the DagBag from /home/airflow/.local/lib/python3.12/site-packages/airflow/example_dags/example_dataset_alias.py
[2025-01-24T23:58:57.194+0000] {processor.py:925} INFO - DAG(s) 'dataset_alias_example_alias_consumer', 'dataset_s3_bucket_consumer', 'dataset_s3_bucket_producer', 'dataset_alias_example_alias_producer' retrieved from /home/airflow/.local/lib/python3.12/site-packages/airflow/example_dags/example_dataset_alias.py
[2025-01-24T23:58:57.238+0000] {logging_mixin.py:190} INFO - [2025-01-24T23:58:57.238+0000] {dag.py:3211} INFO - Sync 4 DAGs
[2025-01-24T23:58:57.308+0000] {logging_mixin.py:190} INFO - [2025-01-24T23:58:57.307+0000] {dag.py:4138} INFO - Setting next_dagrun for dataset_alias_example_alias_consumer to None, run_after=None
[2025-01-24T23:58:57.317+0000] {logging_mixin.py:190} INFO - [2025-01-24T23:58:57.317+0000] {dag.py:4138} INFO - Setting next_dagrun for dataset_alias_example_alias_producer to None, run_after=None
[2025-01-24T23:58:57.321+0000] {logging_mixin.py:190} INFO - [2025-01-24T23:58:57.320+0000] {dag.py:4138} INFO - Setting next_dagrun for dataset_s3_bucket_consumer to None, run_after=None
[2025-01-24T23:58:57.324+0000] {logging_mixin.py:190} INFO - [2025-01-24T23:58:57.323+0000] {dag.py:4138} INFO - Setting next_dagrun for dataset_s3_bucket_producer to None, run_after=None
[2025-01-24T23:58:57.389+0000] {processor.py:208} INFO - Processing /home/airflow/.local/lib/python3.12/site-packages/airflow/example_dags/example_dataset_alias.py took 0.700 seconds
