[2025-01-24T23:57:52.347+0000] {processor.py:186} INFO - Started process (PID=95) to work on /home/airflow/.local/lib/python3.12/site-packages/airflow/example_dags/example_trigger_controller_dag.py
[2025-01-24T23:57:52.350+0000] {processor.py:914} INFO - Processing file /home/airflow/.local/lib/python3.12/site-packages/airflow/example_dags/example_trigger_controller_dag.py for tasks to queue
[2025-01-24T23:57:52.355+0000] {logging_mixin.py:190} INFO - [2025-01-24T23:57:52.355+0000] {dagbag.py:587} INFO - Filling up the DagBag from /home/airflow/.local/lib/python3.12/site-packages/airflow/example_dags/example_trigger_controller_dag.py
[2025-01-24T23:57:52.373+0000] {processor.py:925} INFO - DAG(s) 'example_trigger_controller_dag' retrieved from /home/airflow/.local/lib/python3.12/site-packages/airflow/example_dags/example_trigger_controller_dag.py
[2025-01-24T23:57:52.600+0000] {logging_mixin.py:190} INFO - [2025-01-24T23:57:52.598+0000] {override.py:1858} INFO - Created Permission View: can delete on DAG:example_trigger_controller_dag
[2025-01-24T23:57:52.623+0000] {logging_mixin.py:190} INFO - [2025-01-24T23:57:52.623+0000] {override.py:1858} INFO - Created Permission View: can edit on DAG:example_trigger_controller_dag
[2025-01-24T23:57:52.639+0000] {logging_mixin.py:190} INFO - [2025-01-24T23:57:52.638+0000] {override.py:1858} INFO - Created Permission View: can read on DAG:example_trigger_controller_dag
[2025-01-24T23:57:52.640+0000] {logging_mixin.py:190} INFO - [2025-01-24T23:57:52.640+0000] {dag.py:3211} INFO - Sync 1 DAGs
[2025-01-24T23:57:52.684+0000] {logging_mixin.py:190} INFO - [2025-01-24T23:57:52.684+0000] {dag.py:3234} INFO - Creating ORM DAG for example_trigger_controller_dag
[2025-01-24T23:57:52.705+0000] {logging_mixin.py:190} INFO - [2025-01-24T23:57:52.705+0000] {dag.py:4138} INFO - Setting next_dagrun for example_trigger_controller_dag to 2021-01-01 00:00:00+00:00, run_after=2021-01-01 00:00:00+00:00
[2025-01-24T23:57:52.735+0000] {processor.py:208} INFO - Processing /home/airflow/.local/lib/python3.12/site-packages/airflow/example_dags/example_trigger_controller_dag.py took 0.406 seconds
[2025-01-24T23:58:23.649+0000] {processor.py:186} INFO - Started process (PID=157) to work on /home/airflow/.local/lib/python3.12/site-packages/airflow/example_dags/example_trigger_controller_dag.py
[2025-01-24T23:58:23.651+0000] {processor.py:914} INFO - Processing file /home/airflow/.local/lib/python3.12/site-packages/airflow/example_dags/example_trigger_controller_dag.py for tasks to queue
[2025-01-24T23:58:23.654+0000] {logging_mixin.py:190} INFO - [2025-01-24T23:58:23.654+0000] {dagbag.py:587} INFO - Filling up the DagBag from /home/airflow/.local/lib/python3.12/site-packages/airflow/example_dags/example_trigger_controller_dag.py
[2025-01-24T23:58:23.666+0000] {processor.py:925} INFO - DAG(s) 'example_trigger_controller_dag' retrieved from /home/airflow/.local/lib/python3.12/site-packages/airflow/example_dags/example_trigger_controller_dag.py
[2025-01-24T23:58:23.691+0000] {logging_mixin.py:190} INFO - [2025-01-24T23:58:23.691+0000] {dag.py:3211} INFO - Sync 1 DAGs
[2025-01-24T23:58:23.727+0000] {logging_mixin.py:190} INFO - [2025-01-24T23:58:23.727+0000] {dag.py:4138} INFO - Setting next_dagrun for example_trigger_controller_dag to 2021-01-01 00:00:00+00:00, run_after=2021-01-01 00:00:00+00:00
[2025-01-24T23:58:23.753+0000] {processor.py:208} INFO - Processing /home/airflow/.local/lib/python3.12/site-packages/airflow/example_dags/example_trigger_controller_dag.py took 0.112 seconds
[2025-01-24T23:58:54.420+0000] {processor.py:186} INFO - Started process (PID=220) to work on /home/airflow/.local/lib/python3.12/site-packages/airflow/example_dags/example_trigger_controller_dag.py
[2025-01-24T23:58:54.422+0000] {processor.py:914} INFO - Processing file /home/airflow/.local/lib/python3.12/site-packages/airflow/example_dags/example_trigger_controller_dag.py for tasks to queue
[2025-01-24T23:58:54.427+0000] {logging_mixin.py:190} INFO - [2025-01-24T23:58:54.426+0000] {dagbag.py:587} INFO - Filling up the DagBag from /home/airflow/.local/lib/python3.12/site-packages/airflow/example_dags/example_trigger_controller_dag.py
[2025-01-24T23:58:54.442+0000] {processor.py:925} INFO - DAG(s) 'example_trigger_controller_dag' retrieved from /home/airflow/.local/lib/python3.12/site-packages/airflow/example_dags/example_trigger_controller_dag.py
[2025-01-24T23:58:54.465+0000] {logging_mixin.py:190} INFO - [2025-01-24T23:58:54.465+0000] {dag.py:3211} INFO - Sync 1 DAGs
[2025-01-24T23:58:54.488+0000] {logging_mixin.py:190} INFO - [2025-01-24T23:58:54.488+0000] {dag.py:4138} INFO - Setting next_dagrun for example_trigger_controller_dag to 2021-01-01 00:00:00+00:00, run_after=2021-01-01 00:00:00+00:00
[2025-01-24T23:58:54.508+0000] {processor.py:208} INFO - Processing /home/airflow/.local/lib/python3.12/site-packages/airflow/example_dags/example_trigger_controller_dag.py took 0.108 seconds
