[2025-01-24T23:57:56.729+0000] {processor.py:186} INFO - Started process (PID=115) to work on /home/airflow/.local/lib/python3.12/site-packages/airflow/example_dags/example_latest_only_with_trigger.py
[2025-01-24T23:57:56.730+0000] {processor.py:914} INFO - Processing file /home/airflow/.local/lib/python3.12/site-packages/airflow/example_dags/example_latest_only_with_trigger.py for tasks to queue
[2025-01-24T23:57:56.734+0000] {logging_mixin.py:190} INFO - [2025-01-24T23:57:56.733+0000] {dagbag.py:587} INFO - Filling up the DagBag from /home/airflow/.local/lib/python3.12/site-packages/airflow/example_dags/example_latest_only_with_trigger.py
[2025-01-24T23:57:56.748+0000] {processor.py:925} INFO - DAG(s) 'latest_only_with_trigger' retrieved from /home/airflow/.local/lib/python3.12/site-packages/airflow/example_dags/example_latest_only_with_trigger.py
[2025-01-24T23:57:56.972+0000] {logging_mixin.py:190} INFO - [2025-01-24T23:57:56.971+0000] {override.py:1858} INFO - Created Permission View: can delete on DAG:latest_only_with_trigger
[2025-01-24T23:57:57.000+0000] {logging_mixin.py:190} INFO - [2025-01-24T23:57:57.000+0000] {override.py:1858} INFO - Created Permission View: can edit on DAG:latest_only_with_trigger
[2025-01-24T23:57:57.018+0000] {logging_mixin.py:190} INFO - [2025-01-24T23:57:57.017+0000] {override.py:1858} INFO - Created Permission View: can read on DAG:latest_only_with_trigger
[2025-01-24T23:57:57.021+0000] {logging_mixin.py:190} INFO - [2025-01-24T23:57:57.019+0000] {dag.py:3211} INFO - Sync 1 DAGs
[2025-01-24T23:57:57.063+0000] {logging_mixin.py:190} INFO - [2025-01-24T23:57:57.062+0000] {dag.py:3234} INFO - Creating ORM DAG for latest_only_with_trigger
[2025-01-24T23:57:57.093+0000] {logging_mixin.py:190} INFO - [2025-01-24T23:57:57.093+0000] {dag.py:4138} INFO - Setting next_dagrun for latest_only_with_trigger to 2025-01-24 16:00:00+00:00, run_after=2025-01-24 20:00:00+00:00
[2025-01-24T23:57:57.127+0000] {processor.py:208} INFO - Processing /home/airflow/.local/lib/python3.12/site-packages/airflow/example_dags/example_latest_only_with_trigger.py took 0.407 seconds
[2025-01-24T23:58:27.764+0000] {processor.py:186} INFO - Started process (PID=172) to work on /home/airflow/.local/lib/python3.12/site-packages/airflow/example_dags/example_latest_only_with_trigger.py
[2025-01-24T23:58:27.767+0000] {processor.py:914} INFO - Processing file /home/airflow/.local/lib/python3.12/site-packages/airflow/example_dags/example_latest_only_with_trigger.py for tasks to queue
[2025-01-24T23:58:27.773+0000] {logging_mixin.py:190} INFO - [2025-01-24T23:58:27.772+0000] {dagbag.py:587} INFO - Filling up the DagBag from /home/airflow/.local/lib/python3.12/site-packages/airflow/example_dags/example_latest_only_with_trigger.py
[2025-01-24T23:58:27.792+0000] {processor.py:925} INFO - DAG(s) 'latest_only_with_trigger' retrieved from /home/airflow/.local/lib/python3.12/site-packages/airflow/example_dags/example_latest_only_with_trigger.py
[2025-01-24T23:58:27.833+0000] {logging_mixin.py:190} INFO - [2025-01-24T23:58:27.833+0000] {dag.py:3211} INFO - Sync 1 DAGs
[2025-01-24T23:58:27.878+0000] {logging_mixin.py:190} INFO - [2025-01-24T23:58:27.878+0000] {dag.py:4138} INFO - Setting next_dagrun for latest_only_with_trigger to 2025-01-24 16:00:00+00:00, run_after=2025-01-24 20:00:00+00:00
[2025-01-24T23:58:27.911+0000] {processor.py:208} INFO - Processing /home/airflow/.local/lib/python3.12/site-packages/airflow/example_dags/example_latest_only_with_trigger.py took 0.162 seconds
[2025-01-24T23:58:59.292+0000] {processor.py:186} INFO - Started process (PID=235) to work on /home/airflow/.local/lib/python3.12/site-packages/airflow/example_dags/example_latest_only_with_trigger.py
[2025-01-24T23:58:59.294+0000] {processor.py:914} INFO - Processing file /home/airflow/.local/lib/python3.12/site-packages/airflow/example_dags/example_latest_only_with_trigger.py for tasks to queue
[2025-01-24T23:58:59.311+0000] {logging_mixin.py:190} INFO - [2025-01-24T23:58:59.311+0000] {dagbag.py:587} INFO - Filling up the DagBag from /home/airflow/.local/lib/python3.12/site-packages/airflow/example_dags/example_latest_only_with_trigger.py
[2025-01-24T23:58:59.347+0000] {processor.py:925} INFO - DAG(s) 'latest_only_with_trigger' retrieved from /home/airflow/.local/lib/python3.12/site-packages/airflow/example_dags/example_latest_only_with_trigger.py
[2025-01-24T23:58:59.427+0000] {logging_mixin.py:190} INFO - [2025-01-24T23:58:59.426+0000] {dag.py:3211} INFO - Sync 1 DAGs
[2025-01-24T23:58:59.518+0000] {logging_mixin.py:190} INFO - [2025-01-24T23:58:59.517+0000] {dag.py:4138} INFO - Setting next_dagrun for latest_only_with_trigger to 2025-01-24 16:00:00+00:00, run_after=2025-01-24 20:00:00+00:00
[2025-01-24T23:58:59.594+0000] {processor.py:208} INFO - Processing /home/airflow/.local/lib/python3.12/site-packages/airflow/example_dags/example_latest_only_with_trigger.py took 0.322 seconds
