[2025-01-24T23:57:50.642+0000] {processor.py:186} INFO - Started process (PID=90) to work on /home/airflow/.local/lib/python3.12/site-packages/airflow/example_dags/example_task_group.py
[2025-01-24T23:57:50.647+0000] {processor.py:914} INFO - Processing file /home/airflow/.local/lib/python3.12/site-packages/airflow/example_dags/example_task_group.py for tasks to queue
[2025-01-24T23:57:50.660+0000] {logging_mixin.py:190} INFO - [2025-01-24T23:57:50.659+0000] {dagbag.py:587} INFO - Filling up the DagBag from /home/airflow/.local/lib/python3.12/site-packages/airflow/example_dags/example_task_group.py
[2025-01-24T23:57:50.721+0000] {processor.py:925} INFO - DAG(s) 'example_task_group' retrieved from /home/airflow/.local/lib/python3.12/site-packages/airflow/example_dags/example_task_group.py
[2025-01-24T23:57:51.195+0000] {logging_mixin.py:190} INFO - [2025-01-24T23:57:51.194+0000] {override.py:1858} INFO - Created Permission View: can delete on DAG:example_task_group
[2025-01-24T23:57:51.235+0000] {logging_mixin.py:190} INFO - [2025-01-24T23:57:51.235+0000] {override.py:1858} INFO - Created Permission View: can edit on DAG:example_task_group
[2025-01-24T23:57:51.260+0000] {logging_mixin.py:190} INFO - [2025-01-24T23:57:51.259+0000] {override.py:1858} INFO - Created Permission View: can read on DAG:example_task_group
[2025-01-24T23:57:51.262+0000] {logging_mixin.py:190} INFO - [2025-01-24T23:57:51.261+0000] {dag.py:3211} INFO - Sync 1 DAGs
[2025-01-24T23:57:51.307+0000] {logging_mixin.py:190} INFO - [2025-01-24T23:57:51.306+0000] {dag.py:3234} INFO - Creating ORM DAG for example_task_group
[2025-01-24T23:57:51.343+0000] {logging_mixin.py:190} INFO - [2025-01-24T23:57:51.342+0000] {dag.py:4138} INFO - Setting next_dagrun for example_task_group to 2025-01-23 00:00:00+00:00, run_after=2025-01-24 00:00:00+00:00
[2025-01-24T23:57:51.410+0000] {processor.py:208} INFO - Processing /home/airflow/.local/lib/python3.12/site-packages/airflow/example_dags/example_task_group.py took 0.798 seconds
[2025-01-24T23:58:22.333+0000] {processor.py:186} INFO - Started process (PID=152) to work on /home/airflow/.local/lib/python3.12/site-packages/airflow/example_dags/example_task_group.py
[2025-01-24T23:58:22.335+0000] {processor.py:914} INFO - Processing file /home/airflow/.local/lib/python3.12/site-packages/airflow/example_dags/example_task_group.py for tasks to queue
[2025-01-24T23:58:22.338+0000] {logging_mixin.py:190} INFO - [2025-01-24T23:58:22.338+0000] {dagbag.py:587} INFO - Filling up the DagBag from /home/airflow/.local/lib/python3.12/site-packages/airflow/example_dags/example_task_group.py
[2025-01-24T23:58:22.351+0000] {processor.py:925} INFO - DAG(s) 'example_task_group' retrieved from /home/airflow/.local/lib/python3.12/site-packages/airflow/example_dags/example_task_group.py
[2025-01-24T23:58:22.384+0000] {logging_mixin.py:190} INFO - [2025-01-24T23:58:22.383+0000] {dag.py:3211} INFO - Sync 1 DAGs
[2025-01-24T23:58:22.415+0000] {logging_mixin.py:190} INFO - [2025-01-24T23:58:22.415+0000] {dag.py:4138} INFO - Setting next_dagrun for example_task_group to 2025-01-23 00:00:00+00:00, run_after=2025-01-24 00:00:00+00:00
[2025-01-24T23:58:22.438+0000] {processor.py:208} INFO - Processing /home/airflow/.local/lib/python3.12/site-packages/airflow/example_dags/example_task_group.py took 0.113 seconds
[2025-01-24T23:58:52.925+0000] {processor.py:186} INFO - Started process (PID=215) to work on /home/airflow/.local/lib/python3.12/site-packages/airflow/example_dags/example_task_group.py
[2025-01-24T23:58:52.927+0000] {processor.py:914} INFO - Processing file /home/airflow/.local/lib/python3.12/site-packages/airflow/example_dags/example_task_group.py for tasks to queue
[2025-01-24T23:58:52.933+0000] {logging_mixin.py:190} INFO - [2025-01-24T23:58:52.933+0000] {dagbag.py:587} INFO - Filling up the DagBag from /home/airflow/.local/lib/python3.12/site-packages/airflow/example_dags/example_task_group.py
[2025-01-24T23:58:52.950+0000] {processor.py:925} INFO - DAG(s) 'example_task_group' retrieved from /home/airflow/.local/lib/python3.12/site-packages/airflow/example_dags/example_task_group.py
[2025-01-24T23:58:52.994+0000] {logging_mixin.py:190} INFO - [2025-01-24T23:58:52.994+0000] {dag.py:3211} INFO - Sync 1 DAGs
[2025-01-24T23:58:53.033+0000] {logging_mixin.py:190} INFO - [2025-01-24T23:58:53.033+0000] {dag.py:4138} INFO - Setting next_dagrun for example_task_group to 2025-01-23 00:00:00+00:00, run_after=2025-01-24 00:00:00+00:00
[2025-01-24T23:58:53.063+0000] {processor.py:208} INFO - Processing /home/airflow/.local/lib/python3.12/site-packages/airflow/example_dags/example_task_group.py took 0.157 seconds
