[2025-01-24T23:57:53.134+0000] {processor.py:186} INFO - Started process (PID=98) to work on /home/airflow/.local/lib/python3.12/site-packages/airflow/example_dags/example_inlet_event_extra.py
[2025-01-24T23:57:53.138+0000] {processor.py:914} INFO - Processing file /home/airflow/.local/lib/python3.12/site-packages/airflow/example_dags/example_inlet_event_extra.py for tasks to queue
[2025-01-24T23:57:53.141+0000] {logging_mixin.py:190} INFO - [2025-01-24T23:57:53.141+0000] {dagbag.py:587} INFO - Filling up the DagBag from /home/airflow/.local/lib/python3.12/site-packages/airflow/example_dags/example_inlet_event_extra.py
[2025-01-24T23:57:53.449+0000] {processor.py:925} INFO - DAG(s) 'read_dataset_event_from_classic', 'read_dataset_event' retrieved from /home/airflow/.local/lib/python3.12/site-packages/airflow/example_dags/example_inlet_event_extra.py
[2025-01-24T23:57:53.688+0000] {logging_mixin.py:190} INFO - [2025-01-24T23:57:53.686+0000] {override.py:1858} INFO - Created Permission View: can delete on DAG:read_dataset_event_from_classic
[2025-01-24T23:57:53.721+0000] {logging_mixin.py:190} INFO - [2025-01-24T23:57:53.720+0000] {override.py:1858} INFO - Created Permission View: can edit on DAG:read_dataset_event_from_classic
[2025-01-24T23:57:53.736+0000] {logging_mixin.py:190} INFO - [2025-01-24T23:57:53.735+0000] {override.py:1858} INFO - Created Permission View: can read on DAG:read_dataset_event_from_classic
[2025-01-24T23:57:53.765+0000] {logging_mixin.py:190} INFO - [2025-01-24T23:57:53.765+0000] {override.py:1858} INFO - Created Permission View: can delete on DAG:read_dataset_event
[2025-01-24T23:57:53.779+0000] {logging_mixin.py:190} INFO - [2025-01-24T23:57:53.779+0000] {override.py:1858} INFO - Created Permission View: can edit on DAG:read_dataset_event
[2025-01-24T23:57:53.793+0000] {logging_mixin.py:190} INFO - [2025-01-24T23:57:53.792+0000] {override.py:1858} INFO - Created Permission View: can read on DAG:read_dataset_event
[2025-01-24T23:57:53.794+0000] {logging_mixin.py:190} INFO - [2025-01-24T23:57:53.794+0000] {dag.py:3211} INFO - Sync 2 DAGs
[2025-01-24T23:57:53.824+0000] {logging_mixin.py:190} INFO - [2025-01-24T23:57:53.823+0000] {dag.py:3234} INFO - Creating ORM DAG for read_dataset_event
[2025-01-24T23:57:53.825+0000] {logging_mixin.py:190} INFO - [2025-01-24T23:57:53.825+0000] {dag.py:3234} INFO - Creating ORM DAG for read_dataset_event_from_classic
[2025-01-24T23:57:53.849+0000] {logging_mixin.py:190} INFO - [2025-01-24T23:57:53.848+0000] {dag.py:4138} INFO - Setting next_dagrun for read_dataset_event to 2025-01-23 00:00:00+00:00, run_after=2025-01-24 00:00:00+00:00
[2025-01-24T23:57:53.853+0000] {logging_mixin.py:190} INFO - [2025-01-24T23:57:53.853+0000] {dag.py:4138} INFO - Setting next_dagrun for read_dataset_event_from_classic to 2025-01-23 00:00:00+00:00, run_after=2025-01-24 00:00:00+00:00
[2025-01-24T23:57:53.885+0000] {processor.py:208} INFO - Processing /home/airflow/.local/lib/python3.12/site-packages/airflow/example_dags/example_inlet_event_extra.py took 0.761 seconds
[2025-01-24T23:58:23.945+0000] {processor.py:186} INFO - Started process (PID=160) to work on /home/airflow/.local/lib/python3.12/site-packages/airflow/example_dags/example_inlet_event_extra.py
[2025-01-24T23:58:23.947+0000] {processor.py:914} INFO - Processing file /home/airflow/.local/lib/python3.12/site-packages/airflow/example_dags/example_inlet_event_extra.py for tasks to queue
[2025-01-24T23:58:23.951+0000] {logging_mixin.py:190} INFO - [2025-01-24T23:58:23.950+0000] {dagbag.py:587} INFO - Filling up the DagBag from /home/airflow/.local/lib/python3.12/site-packages/airflow/example_dags/example_inlet_event_extra.py
[2025-01-24T23:58:24.165+0000] {processor.py:925} INFO - DAG(s) 'read_dataset_event', 'read_dataset_event_from_classic' retrieved from /home/airflow/.local/lib/python3.12/site-packages/airflow/example_dags/example_inlet_event_extra.py
[2025-01-24T23:58:24.190+0000] {logging_mixin.py:190} INFO - [2025-01-24T23:58:24.190+0000] {dag.py:3211} INFO - Sync 2 DAGs
[2025-01-24T23:58:24.224+0000] {logging_mixin.py:190} INFO - [2025-01-24T23:58:24.223+0000] {dag.py:4138} INFO - Setting next_dagrun for read_dataset_event to 2025-01-23 00:00:00+00:00, run_after=2025-01-24 00:00:00+00:00
[2025-01-24T23:58:24.230+0000] {logging_mixin.py:190} INFO - [2025-01-24T23:58:24.230+0000] {dag.py:4138} INFO - Setting next_dagrun for read_dataset_event_from_classic to 2025-01-23 00:00:00+00:00, run_after=2025-01-24 00:00:00+00:00
[2025-01-24T23:58:24.252+0000] {processor.py:208} INFO - Processing /home/airflow/.local/lib/python3.12/site-packages/airflow/example_dags/example_inlet_event_extra.py took 0.315 seconds
[2025-01-24T23:58:54.702+0000] {processor.py:186} INFO - Started process (PID=223) to work on /home/airflow/.local/lib/python3.12/site-packages/airflow/example_dags/example_inlet_event_extra.py
[2025-01-24T23:58:54.704+0000] {processor.py:914} INFO - Processing file /home/airflow/.local/lib/python3.12/site-packages/airflow/example_dags/example_inlet_event_extra.py for tasks to queue
[2025-01-24T23:58:54.709+0000] {logging_mixin.py:190} INFO - [2025-01-24T23:58:54.708+0000] {dagbag.py:587} INFO - Filling up the DagBag from /home/airflow/.local/lib/python3.12/site-packages/airflow/example_dags/example_inlet_event_extra.py
[2025-01-24T23:58:54.989+0000] {processor.py:925} INFO - DAG(s) 'read_dataset_event', 'read_dataset_event_from_classic' retrieved from /home/airflow/.local/lib/python3.12/site-packages/airflow/example_dags/example_inlet_event_extra.py
[2025-01-24T23:58:55.038+0000] {logging_mixin.py:190} INFO - [2025-01-24T23:58:55.038+0000] {dag.py:3211} INFO - Sync 2 DAGs
[2025-01-24T23:58:55.097+0000] {logging_mixin.py:190} INFO - [2025-01-24T23:58:55.097+0000] {dag.py:4138} INFO - Setting next_dagrun for read_dataset_event to 2025-01-23 00:00:00+00:00, run_after=2025-01-24 00:00:00+00:00
[2025-01-24T23:58:55.106+0000] {logging_mixin.py:190} INFO - [2025-01-24T23:58:55.105+0000] {dag.py:4138} INFO - Setting next_dagrun for read_dataset_event_from_classic to 2025-01-23 00:00:00+00:00, run_after=2025-01-24 00:00:00+00:00
[2025-01-24T23:58:55.135+0000] {processor.py:208} INFO - Processing /home/airflow/.local/lib/python3.12/site-packages/airflow/example_dags/example_inlet_event_extra.py took 0.441 seconds
