[2025-01-24T23:57:58.375+0000] {processor.py:186} INFO - Started process (PID=123) to work on /home/airflow/.local/lib/python3.12/site-packages/airflow/example_dags/example_latest_only.py
[2025-01-24T23:57:58.376+0000] {processor.py:914} INFO - Processing file /home/airflow/.local/lib/python3.12/site-packages/airflow/example_dags/example_latest_only.py for tasks to queue
[2025-01-24T23:57:58.380+0000] {logging_mixin.py:190} INFO - [2025-01-24T23:57:58.380+0000] {dagbag.py:587} INFO - Filling up the DagBag from /home/airflow/.local/lib/python3.12/site-packages/airflow/example_dags/example_latest_only.py
[2025-01-24T23:57:58.391+0000] {processor.py:925} INFO - DAG(s) 'latest_only' retrieved from /home/airflow/.local/lib/python3.12/site-packages/airflow/example_dags/example_latest_only.py
[2025-01-24T23:57:58.559+0000] {logging_mixin.py:190} INFO - [2025-01-24T23:57:58.558+0000] {override.py:1858} INFO - Created Permission View: can delete on DAG:latest_only
[2025-01-24T23:57:58.584+0000] {logging_mixin.py:190} INFO - [2025-01-24T23:57:58.583+0000] {override.py:1858} INFO - Created Permission View: can edit on DAG:latest_only
[2025-01-24T23:57:58.600+0000] {logging_mixin.py:190} INFO - [2025-01-24T23:57:58.599+0000] {override.py:1858} INFO - Created Permission View: can read on DAG:latest_only
[2025-01-24T23:57:58.601+0000] {logging_mixin.py:190} INFO - [2025-01-24T23:57:58.601+0000] {dag.py:3211} INFO - Sync 1 DAGs
[2025-01-24T23:57:58.632+0000] {logging_mixin.py:190} INFO - [2025-01-24T23:57:58.631+0000] {dag.py:3234} INFO - Creating ORM DAG for latest_only
[2025-01-24T23:57:58.659+0000] {logging_mixin.py:190} INFO - [2025-01-24T23:57:58.659+0000] {dag.py:4138} INFO - Setting next_dagrun for latest_only to 2025-01-24 16:00:00+00:00, run_after=2025-01-24 20:00:00+00:00
[2025-01-24T23:57:58.705+0000] {processor.py:208} INFO - Processing /home/airflow/.local/lib/python3.12/site-packages/airflow/example_dags/example_latest_only.py took 0.338 seconds
[2025-01-24T23:58:29.030+0000] {processor.py:186} INFO - Started process (PID=182) to work on /home/airflow/.local/lib/python3.12/site-packages/airflow/example_dags/example_latest_only.py
[2025-01-24T23:58:29.032+0000] {processor.py:914} INFO - Processing file /home/airflow/.local/lib/python3.12/site-packages/airflow/example_dags/example_latest_only.py for tasks to queue
[2025-01-24T23:58:29.036+0000] {logging_mixin.py:190} INFO - [2025-01-24T23:58:29.036+0000] {dagbag.py:587} INFO - Filling up the DagBag from /home/airflow/.local/lib/python3.12/site-packages/airflow/example_dags/example_latest_only.py
[2025-01-24T23:58:29.072+0000] {processor.py:925} INFO - DAG(s) 'latest_only' retrieved from /home/airflow/.local/lib/python3.12/site-packages/airflow/example_dags/example_latest_only.py
[2025-01-24T23:58:29.155+0000] {logging_mixin.py:190} INFO - [2025-01-24T23:58:29.153+0000] {dag.py:3211} INFO - Sync 1 DAGs
[2025-01-24T23:58:29.221+0000] {logging_mixin.py:190} INFO - [2025-01-24T23:58:29.221+0000] {dag.py:4138} INFO - Setting next_dagrun for latest_only to 2025-01-24 16:00:00+00:00, run_after=2025-01-24 20:00:00+00:00
[2025-01-24T23:58:29.247+0000] {processor.py:208} INFO - Processing /home/airflow/.local/lib/python3.12/site-packages/airflow/example_dags/example_latest_only.py took 0.229 seconds
[2025-01-24T23:59:01.470+0000] {processor.py:186} INFO - Started process (PID=243) to work on /home/airflow/.local/lib/python3.12/site-packages/airflow/example_dags/example_latest_only.py
[2025-01-24T23:59:01.472+0000] {processor.py:914} INFO - Processing file /home/airflow/.local/lib/python3.12/site-packages/airflow/example_dags/example_latest_only.py for tasks to queue
[2025-01-24T23:59:01.478+0000] {logging_mixin.py:190} INFO - [2025-01-24T23:59:01.477+0000] {dagbag.py:587} INFO - Filling up the DagBag from /home/airflow/.local/lib/python3.12/site-packages/airflow/example_dags/example_latest_only.py
[2025-01-24T23:59:01.491+0000] {processor.py:925} INFO - DAG(s) 'latest_only' retrieved from /home/airflow/.local/lib/python3.12/site-packages/airflow/example_dags/example_latest_only.py
[2025-01-24T23:59:01.533+0000] {logging_mixin.py:190} INFO - [2025-01-24T23:59:01.533+0000] {dag.py:3211} INFO - Sync 1 DAGs
[2025-01-24T23:59:01.589+0000] {logging_mixin.py:190} INFO - [2025-01-24T23:59:01.588+0000] {dag.py:4138} INFO - Setting next_dagrun for latest_only to 2025-01-24 16:00:00+00:00, run_after=2025-01-24 20:00:00+00:00
[2025-01-24T23:59:01.625+0000] {processor.py:208} INFO - Processing /home/airflow/.local/lib/python3.12/site-packages/airflow/example_dags/example_latest_only.py took 0.168 seconds
