[2025-01-24T23:57:45.394+0000] {processor.py:186} INFO - Started process (PID=73) to work on /home/airflow/.local/lib/python3.12/site-packages/airflow/example_dags/example_branch_operator.py
[2025-01-24T23:57:45.396+0000] {processor.py:914} INFO - Processing file /home/airflow/.local/lib/python3.12/site-packages/airflow/example_dags/example_branch_operator.py for tasks to queue
[2025-01-24T23:57:45.400+0000] {logging_mixin.py:190} INFO - [2025-01-24T23:57:45.400+0000] {dagbag.py:587} INFO - Filling up the DagBag from /home/airflow/.local/lib/python3.12/site-packages/airflow/example_dags/example_branch_operator.py
[2025-01-24T23:57:45.445+0000] {processor.py:925} INFO - DAG(s) 'example_branch_operator' retrieved from /home/airflow/.local/lib/python3.12/site-packages/airflow/example_dags/example_branch_operator.py
[2025-01-24T23:57:45.712+0000] {logging_mixin.py:190} INFO - [2025-01-24T23:57:45.711+0000] {override.py:1858} INFO - Created Permission View: can delete on DAG:example_branch_operator
[2025-01-24T23:57:45.728+0000] {logging_mixin.py:190} INFO - [2025-01-24T23:57:45.727+0000] {override.py:1858} INFO - Created Permission View: can edit on DAG:example_branch_operator
[2025-01-24T23:57:45.738+0000] {logging_mixin.py:190} INFO - [2025-01-24T23:57:45.738+0000] {override.py:1858} INFO - Created Permission View: can read on DAG:example_branch_operator
[2025-01-24T23:57:45.739+0000] {logging_mixin.py:190} INFO - [2025-01-24T23:57:45.739+0000] {dag.py:3211} INFO - Sync 1 DAGs
[2025-01-24T23:57:45.762+0000] {logging_mixin.py:190} INFO - [2025-01-24T23:57:45.761+0000] {dag.py:3234} INFO - Creating ORM DAG for example_branch_operator
[2025-01-24T23:57:45.786+0000] {logging_mixin.py:190} INFO - [2025-01-24T23:57:45.785+0000] {dag.py:4138} INFO - Setting next_dagrun for example_branch_operator to 2025-01-23 00:00:00+00:00, run_after=2025-01-24 00:00:00+00:00
[2025-01-24T23:57:45.828+0000] {processor.py:208} INFO - Processing /home/airflow/.local/lib/python3.12/site-packages/airflow/example_dags/example_branch_operator.py took 0.444 seconds
[2025-01-24T23:58:17.567+0000] {processor.py:186} INFO - Started process (PID=135) to work on /home/airflow/.local/lib/python3.12/site-packages/airflow/example_dags/example_branch_operator.py
[2025-01-24T23:58:17.569+0000] {processor.py:914} INFO - Processing file /home/airflow/.local/lib/python3.12/site-packages/airflow/example_dags/example_branch_operator.py for tasks to queue
[2025-01-24T23:58:17.574+0000] {logging_mixin.py:190} INFO - [2025-01-24T23:58:17.574+0000] {dagbag.py:587} INFO - Filling up the DagBag from /home/airflow/.local/lib/python3.12/site-packages/airflow/example_dags/example_branch_operator.py
[2025-01-24T23:58:17.610+0000] {processor.py:925} INFO - DAG(s) 'example_branch_operator' retrieved from /home/airflow/.local/lib/python3.12/site-packages/airflow/example_dags/example_branch_operator.py
[2025-01-24T23:58:17.673+0000] {logging_mixin.py:190} INFO - [2025-01-24T23:58:17.672+0000] {dag.py:3211} INFO - Sync 1 DAGs
[2025-01-24T23:58:17.739+0000] {logging_mixin.py:190} INFO - [2025-01-24T23:58:17.738+0000] {dag.py:4138} INFO - Setting next_dagrun for example_branch_operator to 2025-01-23 00:00:00+00:00, run_after=2025-01-24 00:00:00+00:00
[2025-01-24T23:58:17.781+0000] {processor.py:208} INFO - Processing /home/airflow/.local/lib/python3.12/site-packages/airflow/example_dags/example_branch_operator.py took 0.226 seconds
[2025-01-24T23:58:49.374+0000] {processor.py:186} INFO - Started process (PID=198) to work on /home/airflow/.local/lib/python3.12/site-packages/airflow/example_dags/example_branch_operator.py
[2025-01-24T23:58:49.375+0000] {processor.py:914} INFO - Processing file /home/airflow/.local/lib/python3.12/site-packages/airflow/example_dags/example_branch_operator.py for tasks to queue
[2025-01-24T23:58:49.378+0000] {logging_mixin.py:190} INFO - [2025-01-24T23:58:49.377+0000] {dagbag.py:587} INFO - Filling up the DagBag from /home/airflow/.local/lib/python3.12/site-packages/airflow/example_dags/example_branch_operator.py
[2025-01-24T23:58:49.404+0000] {processor.py:925} INFO - DAG(s) 'example_branch_operator' retrieved from /home/airflow/.local/lib/python3.12/site-packages/airflow/example_dags/example_branch_operator.py
[2025-01-24T23:58:49.450+0000] {logging_mixin.py:190} INFO - [2025-01-24T23:58:49.449+0000] {dag.py:3211} INFO - Sync 1 DAGs
[2025-01-24T23:58:49.477+0000] {logging_mixin.py:190} INFO - [2025-01-24T23:58:49.477+0000] {dag.py:4138} INFO - Setting next_dagrun for example_branch_operator to 2025-01-23 00:00:00+00:00, run_after=2025-01-24 00:00:00+00:00
[2025-01-24T23:58:49.495+0000] {processor.py:208} INFO - Processing /home/airflow/.local/lib/python3.12/site-packages/airflow/example_dags/example_branch_operator.py took 0.129 seconds
[2025-01-24T23:59:22.930+0000] {processor.py:186} INFO - Started process (PID=261) to work on /home/airflow/.local/lib/python3.12/site-packages/airflow/example_dags/example_branch_operator.py
[2025-01-24T23:59:22.932+0000] {processor.py:914} INFO - Processing file /home/airflow/.local/lib/python3.12/site-packages/airflow/example_dags/example_branch_operator.py for tasks to queue
[2025-01-24T23:59:22.936+0000] {logging_mixin.py:190} INFO - [2025-01-24T23:59:22.935+0000] {dagbag.py:587} INFO - Filling up the DagBag from /home/airflow/.local/lib/python3.12/site-packages/airflow/example_dags/example_branch_operator.py
[2025-01-24T23:59:22.971+0000] {processor.py:925} INFO - DAG(s) 'example_branch_operator' retrieved from /home/airflow/.local/lib/python3.12/site-packages/airflow/example_dags/example_branch_operator.py
[2025-01-24T23:59:23.068+0000] {logging_mixin.py:190} INFO - [2025-01-24T23:59:23.067+0000] {dag.py:3211} INFO - Sync 1 DAGs
[2025-01-24T23:59:23.181+0000] {logging_mixin.py:190} INFO - [2025-01-24T23:59:23.181+0000] {dag.py:4138} INFO - Setting next_dagrun for example_branch_operator to 2025-01-23 00:00:00+00:00, run_after=2025-01-24 00:00:00+00:00
[2025-01-24T23:59:23.393+0000] {processor.py:208} INFO - Processing /home/airflow/.local/lib/python3.12/site-packages/airflow/example_dags/example_branch_operator.py took 0.474 seconds
