[2025-01-24T23:57:58.009+0000] {processor.py:186} INFO - Started process (PID=121) to work on /home/airflow/.local/lib/python3.12/site-packages/airflow/example_dags/example_sla_dag.py
[2025-01-24T23:57:58.011+0000] {processor.py:914} INFO - Processing file /home/airflow/.local/lib/python3.12/site-packages/airflow/example_dags/example_sla_dag.py for tasks to queue
[2025-01-24T23:57:58.014+0000] {logging_mixin.py:190} INFO - [2025-01-24T23:57:58.014+0000] {dagbag.py:587} INFO - Filling up the DagBag from /home/airflow/.local/lib/python3.12/site-packages/airflow/example_dags/example_sla_dag.py
[2025-01-24T23:57:58.033+0000] {processor.py:925} INFO - DAG(s) 'example_sla_dag' retrieved from /home/airflow/.local/lib/python3.12/site-packages/airflow/example_dags/example_sla_dag.py
[2025-01-24T23:57:58.237+0000] {logging_mixin.py:190} INFO - [2025-01-24T23:57:58.236+0000] {override.py:1858} INFO - Created Permission View: can delete on DAG:example_sla_dag
[2025-01-24T23:57:58.257+0000] {logging_mixin.py:190} INFO - [2025-01-24T23:57:58.256+0000] {override.py:1858} INFO - Created Permission View: can edit on DAG:example_sla_dag
[2025-01-24T23:57:58.269+0000] {logging_mixin.py:190} INFO - [2025-01-24T23:57:58.269+0000] {override.py:1858} INFO - Created Permission View: can read on DAG:example_sla_dag
[2025-01-24T23:57:58.271+0000] {logging_mixin.py:190} INFO - [2025-01-24T23:57:58.270+0000] {dag.py:3211} INFO - Sync 1 DAGs
[2025-01-24T23:57:58.291+0000] {logging_mixin.py:190} INFO - [2025-01-24T23:57:58.291+0000] {dag.py:3234} INFO - Creating ORM DAG for example_sla_dag
[2025-01-24T23:57:58.308+0000] {logging_mixin.py:190} INFO - [2025-01-24T23:57:58.307+0000] {dag.py:4138} INFO - Setting next_dagrun for example_sla_dag to 2025-01-24 23:54:00+00:00, run_after=2025-01-24 23:56:00+00:00
[2025-01-24T23:57:58.327+0000] {processor.py:208} INFO - Processing /home/airflow/.local/lib/python3.12/site-packages/airflow/example_dags/example_sla_dag.py took 0.329 seconds
[2025-01-24T23:58:28.629+0000] {processor.py:186} INFO - Started process (PID=178) to work on /home/airflow/.local/lib/python3.12/site-packages/airflow/example_dags/example_sla_dag.py
[2025-01-24T23:58:28.631+0000] {processor.py:914} INFO - Processing file /home/airflow/.local/lib/python3.12/site-packages/airflow/example_dags/example_sla_dag.py for tasks to queue
[2025-01-24T23:58:28.636+0000] {logging_mixin.py:190} INFO - [2025-01-24T23:58:28.635+0000] {dagbag.py:587} INFO - Filling up the DagBag from /home/airflow/.local/lib/python3.12/site-packages/airflow/example_dags/example_sla_dag.py
[2025-01-24T23:58:28.653+0000] {processor.py:925} INFO - DAG(s) 'example_sla_dag' retrieved from /home/airflow/.local/lib/python3.12/site-packages/airflow/example_dags/example_sla_dag.py
[2025-01-24T23:58:28.687+0000] {logging_mixin.py:190} INFO - [2025-01-24T23:58:28.687+0000] {dag.py:3211} INFO - Sync 1 DAGs
[2025-01-24T23:58:28.746+0000] {logging_mixin.py:190} INFO - [2025-01-24T23:58:28.745+0000] {dag.py:4138} INFO - Setting next_dagrun for example_sla_dag to 2025-01-24 23:56:00+00:00, run_after=2025-01-24 23:58:00+00:00
[2025-01-24T23:58:28.787+0000] {processor.py:208} INFO - Processing /home/airflow/.local/lib/python3.12/site-packages/airflow/example_dags/example_sla_dag.py took 0.169 seconds
[2025-01-24T23:59:01.058+0000] {processor.py:186} INFO - Started process (PID=241) to work on /home/airflow/.local/lib/python3.12/site-packages/airflow/example_dags/example_sla_dag.py
[2025-01-24T23:59:01.060+0000] {processor.py:914} INFO - Processing file /home/airflow/.local/lib/python3.12/site-packages/airflow/example_dags/example_sla_dag.py for tasks to queue
[2025-01-24T23:59:01.073+0000] {logging_mixin.py:190} INFO - [2025-01-24T23:59:01.072+0000] {dagbag.py:587} INFO - Filling up the DagBag from /home/airflow/.local/lib/python3.12/site-packages/airflow/example_dags/example_sla_dag.py
[2025-01-24T23:59:01.134+0000] {processor.py:925} INFO - DAG(s) 'example_sla_dag' retrieved from /home/airflow/.local/lib/python3.12/site-packages/airflow/example_dags/example_sla_dag.py
[2025-01-24T23:59:01.197+0000] {logging_mixin.py:190} INFO - [2025-01-24T23:59:01.196+0000] {dag.py:3211} INFO - Sync 1 DAGs
[2025-01-24T23:59:01.324+0000] {logging_mixin.py:190} INFO - [2025-01-24T23:59:01.324+0000] {dag.py:4138} INFO - Setting next_dagrun for example_sla_dag to 2025-01-24 23:56:00+00:00, run_after=2025-01-24 23:58:00+00:00
[2025-01-24T23:59:01.394+0000] {processor.py:208} INFO - Processing /home/airflow/.local/lib/python3.12/site-packages/airflow/example_dags/example_sla_dag.py took 0.358 seconds
