[2025-01-24T23:57:44.916+0000] {processor.py:186} INFO - Started process (PID=72) to work on /home/airflow/.local/lib/python3.12/site-packages/airflow/example_dags/example_params_trigger_ui.py
[2025-01-24T23:57:44.926+0000] {processor.py:914} INFO - Processing file /home/airflow/.local/lib/python3.12/site-packages/airflow/example_dags/example_params_trigger_ui.py for tasks to queue
[2025-01-24T23:57:44.933+0000] {logging_mixin.py:190} INFO - [2025-01-24T23:57:44.932+0000] {dagbag.py:587} INFO - Filling up the DagBag from /home/airflow/.local/lib/python3.12/site-packages/airflow/example_dags/example_params_trigger_ui.py
[2025-01-24T23:57:44.993+0000] {processor.py:925} INFO - DAG(s) 'example_params_trigger_ui' retrieved from /home/airflow/.local/lib/python3.12/site-packages/airflow/example_dags/example_params_trigger_ui.py
[2025-01-24T23:57:45.302+0000] {logging_mixin.py:190} INFO - [2025-01-24T23:57:45.301+0000] {override.py:1858} INFO - Created Permission View: can delete on DAG:example_params_trigger_ui
[2025-01-24T23:57:45.316+0000] {logging_mixin.py:190} INFO - [2025-01-24T23:57:45.316+0000] {override.py:1858} INFO - Created Permission View: can edit on DAG:example_params_trigger_ui
[2025-01-24T23:57:45.329+0000] {logging_mixin.py:190} INFO - [2025-01-24T23:57:45.328+0000] {override.py:1858} INFO - Created Permission View: can read on DAG:example_params_trigger_ui
[2025-01-24T23:57:45.330+0000] {logging_mixin.py:190} INFO - [2025-01-24T23:57:45.330+0000] {dag.py:3211} INFO - Sync 1 DAGs
[2025-01-24T23:57:45.351+0000] {logging_mixin.py:190} INFO - [2025-01-24T23:57:45.350+0000] {dag.py:3234} INFO - Creating ORM DAG for example_params_trigger_ui
[2025-01-24T23:57:45.353+0000] {logging_mixin.py:190} INFO - [2025-01-24T23:57:45.352+0000] {dag.py:4138} INFO - Setting next_dagrun for example_params_trigger_ui to None, run_after=None
[2025-01-24T23:57:45.387+0000] {processor.py:208} INFO - Processing /home/airflow/.local/lib/python3.12/site-packages/airflow/example_dags/example_params_trigger_ui.py took 0.493 seconds
[2025-01-24T23:58:17.305+0000] {processor.py:186} INFO - Started process (PID=134) to work on /home/airflow/.local/lib/python3.12/site-packages/airflow/example_dags/example_params_trigger_ui.py
[2025-01-24T23:58:17.307+0000] {processor.py:914} INFO - Processing file /home/airflow/.local/lib/python3.12/site-packages/airflow/example_dags/example_params_trigger_ui.py for tasks to queue
[2025-01-24T23:58:17.313+0000] {logging_mixin.py:190} INFO - [2025-01-24T23:58:17.312+0000] {dagbag.py:587} INFO - Filling up the DagBag from /home/airflow/.local/lib/python3.12/site-packages/airflow/example_dags/example_params_trigger_ui.py
[2025-01-24T23:58:17.356+0000] {processor.py:925} INFO - DAG(s) 'example_params_trigger_ui' retrieved from /home/airflow/.local/lib/python3.12/site-packages/airflow/example_dags/example_params_trigger_ui.py
[2025-01-24T23:58:17.547+0000] {logging_mixin.py:190} INFO - [2025-01-24T23:58:17.547+0000] {dag.py:3211} INFO - Sync 1 DAGs
[2025-01-24T23:58:17.570+0000] {logging_mixin.py:190} INFO - [2025-01-24T23:58:17.570+0000] {dag.py:4138} INFO - Setting next_dagrun for example_params_trigger_ui to None, run_after=None
[2025-01-24T23:58:17.600+0000] {processor.py:208} INFO - Processing /home/airflow/.local/lib/python3.12/site-packages/airflow/example_dags/example_params_trigger_ui.py took 0.312 seconds
[2025-01-24T23:58:49.294+0000] {processor.py:186} INFO - Started process (PID=197) to work on /home/airflow/.local/lib/python3.12/site-packages/airflow/example_dags/example_params_trigger_ui.py
[2025-01-24T23:58:49.295+0000] {processor.py:914} INFO - Processing file /home/airflow/.local/lib/python3.12/site-packages/airflow/example_dags/example_params_trigger_ui.py for tasks to queue
[2025-01-24T23:58:49.298+0000] {logging_mixin.py:190} INFO - [2025-01-24T23:58:49.297+0000] {dagbag.py:587} INFO - Filling up the DagBag from /home/airflow/.local/lib/python3.12/site-packages/airflow/example_dags/example_params_trigger_ui.py
[2025-01-24T23:58:49.315+0000] {processor.py:925} INFO - DAG(s) 'example_params_trigger_ui' retrieved from /home/airflow/.local/lib/python3.12/site-packages/airflow/example_dags/example_params_trigger_ui.py
[2025-01-24T23:58:49.374+0000] {logging_mixin.py:190} INFO - [2025-01-24T23:58:49.374+0000] {dag.py:3211} INFO - Sync 1 DAGs
[2025-01-24T23:58:49.392+0000] {logging_mixin.py:190} INFO - [2025-01-24T23:58:49.392+0000] {dag.py:4138} INFO - Setting next_dagrun for example_params_trigger_ui to None, run_after=None
[2025-01-24T23:58:49.418+0000] {processor.py:208} INFO - Processing /home/airflow/.local/lib/python3.12/site-packages/airflow/example_dags/example_params_trigger_ui.py took 0.131 seconds
[2025-01-24T23:59:22.804+0000] {processor.py:186} INFO - Started process (PID=260) to work on /home/airflow/.local/lib/python3.12/site-packages/airflow/example_dags/example_params_trigger_ui.py
[2025-01-24T23:59:22.806+0000] {processor.py:914} INFO - Processing file /home/airflow/.local/lib/python3.12/site-packages/airflow/example_dags/example_params_trigger_ui.py for tasks to queue
[2025-01-24T23:59:22.810+0000] {logging_mixin.py:190} INFO - [2025-01-24T23:59:22.809+0000] {dagbag.py:587} INFO - Filling up the DagBag from /home/airflow/.local/lib/python3.12/site-packages/airflow/example_dags/example_params_trigger_ui.py
[2025-01-24T23:59:22.833+0000] {processor.py:925} INFO - DAG(s) 'example_params_trigger_ui' retrieved from /home/airflow/.local/lib/python3.12/site-packages/airflow/example_dags/example_params_trigger_ui.py
[2025-01-24T23:59:22.923+0000] {logging_mixin.py:190} INFO - [2025-01-24T23:59:22.922+0000] {dag.py:3211} INFO - Sync 1 DAGs
[2025-01-24T23:59:22.950+0000] {logging_mixin.py:190} INFO - [2025-01-24T23:59:22.949+0000] {dag.py:4138} INFO - Setting next_dagrun for example_params_trigger_ui to None, run_after=None
[2025-01-24T23:59:22.984+0000] {processor.py:208} INFO - Processing /home/airflow/.local/lib/python3.12/site-packages/airflow/example_dags/example_params_trigger_ui.py took 0.192 seconds
