[2025-01-24T23:57:54.106+0000] {processor.py:186} INFO - Started process (PID=102) to work on /home/airflow/.local/lib/python3.12/site-packages/airflow/example_dags/example_short_circuit_decorator.py
[2025-01-24T23:57:54.108+0000] {processor.py:914} INFO - Processing file /home/airflow/.local/lib/python3.12/site-packages/airflow/example_dags/example_short_circuit_decorator.py for tasks to queue
[2025-01-24T23:57:54.112+0000] {logging_mixin.py:190} INFO - [2025-01-24T23:57:54.111+0000] {dagbag.py:587} INFO - Filling up the DagBag from /home/airflow/.local/lib/python3.12/site-packages/airflow/example_dags/example_short_circuit_decorator.py
[2025-01-24T23:57:54.154+0000] {processor.py:925} INFO - DAG(s) 'example_short_circuit_decorator' retrieved from /home/airflow/.local/lib/python3.12/site-packages/airflow/example_dags/example_short_circuit_decorator.py
[2025-01-24T23:57:54.411+0000] {logging_mixin.py:190} INFO - [2025-01-24T23:57:54.409+0000] {override.py:1858} INFO - Created Permission View: can delete on DAG:example_short_circuit_decorator
[2025-01-24T23:57:54.438+0000] {logging_mixin.py:190} INFO - [2025-01-24T23:57:54.437+0000] {override.py:1858} INFO - Created Permission View: can edit on DAG:example_short_circuit_decorator
[2025-01-24T23:57:54.458+0000] {logging_mixin.py:190} INFO - [2025-01-24T23:57:54.458+0000] {override.py:1858} INFO - Created Permission View: can read on DAG:example_short_circuit_decorator
[2025-01-24T23:57:54.460+0000] {logging_mixin.py:190} INFO - [2025-01-24T23:57:54.459+0000] {dag.py:3211} INFO - Sync 1 DAGs
[2025-01-24T23:57:54.485+0000] {logging_mixin.py:190} INFO - [2025-01-24T23:57:54.484+0000] {dag.py:3234} INFO - Creating ORM DAG for example_short_circuit_decorator
[2025-01-24T23:57:54.503+0000] {logging_mixin.py:190} INFO - [2025-01-24T23:57:54.503+0000] {dag.py:4138} INFO - Setting next_dagrun for example_short_circuit_decorator to 2025-01-23 00:00:00+00:00, run_after=2025-01-24 00:00:00+00:00
[2025-01-24T23:57:54.532+0000] {processor.py:208} INFO - Processing /home/airflow/.local/lib/python3.12/site-packages/airflow/example_dags/example_short_circuit_decorator.py took 0.436 seconds
[2025-01-24T23:58:25.385+0000] {processor.py:186} INFO - Started process (PID=164) to work on /home/airflow/.local/lib/python3.12/site-packages/airflow/example_dags/example_short_circuit_decorator.py
[2025-01-24T23:58:25.386+0000] {processor.py:914} INFO - Processing file /home/airflow/.local/lib/python3.12/site-packages/airflow/example_dags/example_short_circuit_decorator.py for tasks to queue
[2025-01-24T23:58:25.389+0000] {logging_mixin.py:190} INFO - [2025-01-24T23:58:25.389+0000] {dagbag.py:587} INFO - Filling up the DagBag from /home/airflow/.local/lib/python3.12/site-packages/airflow/example_dags/example_short_circuit_decorator.py
[2025-01-24T23:58:25.398+0000] {processor.py:925} INFO - DAG(s) 'example_short_circuit_decorator' retrieved from /home/airflow/.local/lib/python3.12/site-packages/airflow/example_dags/example_short_circuit_decorator.py
[2025-01-24T23:58:25.422+0000] {logging_mixin.py:190} INFO - [2025-01-24T23:58:25.422+0000] {dag.py:3211} INFO - Sync 1 DAGs
[2025-01-24T23:58:25.446+0000] {logging_mixin.py:190} INFO - [2025-01-24T23:58:25.446+0000] {dag.py:4138} INFO - Setting next_dagrun for example_short_circuit_decorator to 2025-01-23 00:00:00+00:00, run_after=2025-01-24 00:00:00+00:00
[2025-01-24T23:58:25.480+0000] {processor.py:208} INFO - Processing /home/airflow/.local/lib/python3.12/site-packages/airflow/example_dags/example_short_circuit_decorator.py took 0.101 seconds
[2025-01-24T23:58:56.341+0000] {processor.py:186} INFO - Started process (PID=227) to work on /home/airflow/.local/lib/python3.12/site-packages/airflow/example_dags/example_short_circuit_decorator.py
[2025-01-24T23:58:56.350+0000] {processor.py:914} INFO - Processing file /home/airflow/.local/lib/python3.12/site-packages/airflow/example_dags/example_short_circuit_decorator.py for tasks to queue
[2025-01-24T23:58:56.356+0000] {logging_mixin.py:190} INFO - [2025-01-24T23:58:56.355+0000] {dagbag.py:587} INFO - Filling up the DagBag from /home/airflow/.local/lib/python3.12/site-packages/airflow/example_dags/example_short_circuit_decorator.py
[2025-01-24T23:58:56.397+0000] {processor.py:925} INFO - DAG(s) 'example_short_circuit_decorator' retrieved from /home/airflow/.local/lib/python3.12/site-packages/airflow/example_dags/example_short_circuit_decorator.py
[2025-01-24T23:58:56.475+0000] {logging_mixin.py:190} INFO - [2025-01-24T23:58:56.475+0000] {dag.py:3211} INFO - Sync 1 DAGs
[2025-01-24T23:58:56.590+0000] {logging_mixin.py:190} INFO - [2025-01-24T23:58:56.590+0000] {dag.py:4138} INFO - Setting next_dagrun for example_short_circuit_decorator to 2025-01-23 00:00:00+00:00, run_after=2025-01-24 00:00:00+00:00
[2025-01-24T23:58:56.646+0000] {processor.py:208} INFO - Processing /home/airflow/.local/lib/python3.12/site-packages/airflow/example_dags/example_short_circuit_decorator.py took 0.322 seconds
