[2025-01-24T23:57:55.003+0000] {processor.py:186} INFO - Started process (PID=106) to work on /home/airflow/.local/lib/python3.12/site-packages/airflow/example_dags/example_outlet_event_extra.py
[2025-01-24T23:57:55.005+0000] {processor.py:914} INFO - Processing file /home/airflow/.local/lib/python3.12/site-packages/airflow/example_dags/example_outlet_event_extra.py for tasks to queue
[2025-01-24T23:57:55.008+0000] {logging_mixin.py:190} INFO - [2025-01-24T23:57:55.008+0000] {dagbag.py:587} INFO - Filling up the DagBag from /home/airflow/.local/lib/python3.12/site-packages/airflow/example_dags/example_outlet_event_extra.py
[2025-01-24T23:57:55.281+0000] {processor.py:925} INFO - DAG(s) 'dataset_with_extra_by_yield', 'dataset_with_extra_by_context', 'dataset_with_extra_from_classic_operator' retrieved from /home/airflow/.local/lib/python3.12/site-packages/airflow/example_dags/example_outlet_event_extra.py
[2025-01-24T23:57:55.648+0000] {logging_mixin.py:190} INFO - [2025-01-24T23:57:55.646+0000] {override.py:1858} INFO - Created Permission View: can delete on DAG:dataset_with_extra_by_yield
[2025-01-24T23:57:55.678+0000] {logging_mixin.py:190} INFO - [2025-01-24T23:57:55.677+0000] {override.py:1858} INFO - Created Permission View: can edit on DAG:dataset_with_extra_by_yield
[2025-01-24T23:57:55.697+0000] {logging_mixin.py:190} INFO - [2025-01-24T23:57:55.696+0000] {override.py:1858} INFO - Created Permission View: can read on DAG:dataset_with_extra_by_yield
[2025-01-24T23:57:55.729+0000] {logging_mixin.py:190} INFO - [2025-01-24T23:57:55.728+0000] {override.py:1858} INFO - Created Permission View: can delete on DAG:dataset_with_extra_by_context
[2025-01-24T23:57:55.744+0000] {logging_mixin.py:190} INFO - [2025-01-24T23:57:55.744+0000] {override.py:1858} INFO - Created Permission View: can edit on DAG:dataset_with_extra_by_context
[2025-01-24T23:57:55.792+0000] {logging_mixin.py:190} INFO - [2025-01-24T23:57:55.791+0000] {override.py:1858} INFO - Created Permission View: can read on DAG:dataset_with_extra_by_context
[2025-01-24T23:57:55.831+0000] {logging_mixin.py:190} INFO - [2025-01-24T23:57:55.830+0000] {override.py:1858} INFO - Created Permission View: can delete on DAG:dataset_with_extra_from_classic_operator
[2025-01-24T23:57:55.848+0000] {logging_mixin.py:190} INFO - [2025-01-24T23:57:55.847+0000] {override.py:1858} INFO - Created Permission View: can edit on DAG:dataset_with_extra_from_classic_operator
[2025-01-24T23:57:55.866+0000] {logging_mixin.py:190} INFO - [2025-01-24T23:57:55.866+0000] {override.py:1858} INFO - Created Permission View: can read on DAG:dataset_with_extra_from_classic_operator
[2025-01-24T23:57:55.868+0000] {logging_mixin.py:190} INFO - [2025-01-24T23:57:55.867+0000] {dag.py:3211} INFO - Sync 3 DAGs
[2025-01-24T23:57:55.906+0000] {logging_mixin.py:190} INFO - [2025-01-24T23:57:55.905+0000] {dag.py:3234} INFO - Creating ORM DAG for dataset_with_extra_by_yield
[2025-01-24T23:57:55.908+0000] {logging_mixin.py:190} INFO - [2025-01-24T23:57:55.908+0000] {dag.py:3234} INFO - Creating ORM DAG for dataset_with_extra_from_classic_operator
[2025-01-24T23:57:55.911+0000] {logging_mixin.py:190} INFO - [2025-01-24T23:57:55.910+0000] {dag.py:3234} INFO - Creating ORM DAG for dataset_with_extra_by_context
[2025-01-24T23:57:55.956+0000] {logging_mixin.py:190} INFO - [2025-01-24T23:57:55.954+0000] {dag.py:4138} INFO - Setting next_dagrun for dataset_with_extra_by_context to 2025-01-23 00:00:00+00:00, run_after=2025-01-24 00:00:00+00:00
[2025-01-24T23:57:55.963+0000] {logging_mixin.py:190} INFO - [2025-01-24T23:57:55.961+0000] {dag.py:4138} INFO - Setting next_dagrun for dataset_with_extra_by_yield to 2025-01-23 00:00:00+00:00, run_after=2025-01-24 00:00:00+00:00
[2025-01-24T23:57:55.971+0000] {logging_mixin.py:190} INFO - [2025-01-24T23:57:55.971+0000] {dag.py:4138} INFO - Setting next_dagrun for dataset_with_extra_from_classic_operator to 2025-01-23 00:00:00+00:00, run_after=2025-01-24 00:00:00+00:00
[2025-01-24T23:57:56.033+0000] {processor.py:208} INFO - Processing /home/airflow/.local/lib/python3.12/site-packages/airflow/example_dags/example_outlet_event_extra.py took 1.038 seconds
[2025-01-24T23:58:26.224+0000] {processor.py:186} INFO - Started process (PID=168) to work on /home/airflow/.local/lib/python3.12/site-packages/airflow/example_dags/example_outlet_event_extra.py
[2025-01-24T23:58:26.226+0000] {processor.py:914} INFO - Processing file /home/airflow/.local/lib/python3.12/site-packages/airflow/example_dags/example_outlet_event_extra.py for tasks to queue
[2025-01-24T23:58:26.230+0000] {logging_mixin.py:190} INFO - [2025-01-24T23:58:26.230+0000] {dagbag.py:587} INFO - Filling up the DagBag from /home/airflow/.local/lib/python3.12/site-packages/airflow/example_dags/example_outlet_event_extra.py
[2025-01-24T23:58:26.412+0000] {processor.py:925} INFO - DAG(s) 'dataset_with_extra_by_yield', 'dataset_with_extra_from_classic_operator', 'dataset_with_extra_by_context' retrieved from /home/airflow/.local/lib/python3.12/site-packages/airflow/example_dags/example_outlet_event_extra.py
[2025-01-24T23:58:26.438+0000] {logging_mixin.py:190} INFO - [2025-01-24T23:58:26.437+0000] {dag.py:3211} INFO - Sync 3 DAGs
[2025-01-24T23:58:26.463+0000] {logging_mixin.py:190} INFO - [2025-01-24T23:58:26.463+0000] {dag.py:4138} INFO - Setting next_dagrun for dataset_with_extra_by_context to 2025-01-23 00:00:00+00:00, run_after=2025-01-24 00:00:00+00:00
[2025-01-24T23:58:26.469+0000] {logging_mixin.py:190} INFO - [2025-01-24T23:58:26.469+0000] {dag.py:4138} INFO - Setting next_dagrun for dataset_with_extra_by_yield to 2025-01-23 00:00:00+00:00, run_after=2025-01-24 00:00:00+00:00
[2025-01-24T23:58:26.472+0000] {logging_mixin.py:190} INFO - [2025-01-24T23:58:26.471+0000] {dag.py:4138} INFO - Setting next_dagrun for dataset_with_extra_from_classic_operator to 2025-01-23 00:00:00+00:00, run_after=2025-01-24 00:00:00+00:00
[2025-01-24T23:58:26.494+0000] {processor.py:208} INFO - Processing /home/airflow/.local/lib/python3.12/site-packages/airflow/example_dags/example_outlet_event_extra.py took 0.279 seconds
[2025-01-24T23:58:57.008+0000] {processor.py:186} INFO - Started process (PID=231) to work on /home/airflow/.local/lib/python3.12/site-packages/airflow/example_dags/example_outlet_event_extra.py
[2025-01-24T23:58:57.010+0000] {processor.py:914} INFO - Processing file /home/airflow/.local/lib/python3.12/site-packages/airflow/example_dags/example_outlet_event_extra.py for tasks to queue
[2025-01-24T23:58:57.023+0000] {logging_mixin.py:190} INFO - [2025-01-24T23:58:57.022+0000] {dagbag.py:587} INFO - Filling up the DagBag from /home/airflow/.local/lib/python3.12/site-packages/airflow/example_dags/example_outlet_event_extra.py
[2025-01-24T23:58:57.421+0000] {processor.py:925} INFO - DAG(s) 'dataset_with_extra_from_classic_operator', 'dataset_with_extra_by_context', 'dataset_with_extra_by_yield' retrieved from /home/airflow/.local/lib/python3.12/site-packages/airflow/example_dags/example_outlet_event_extra.py
[2025-01-24T23:58:57.470+0000] {logging_mixin.py:190} INFO - [2025-01-24T23:58:57.467+0000] {dag.py:3211} INFO - Sync 3 DAGs
[2025-01-24T23:58:57.536+0000] {logging_mixin.py:190} INFO - [2025-01-24T23:58:57.535+0000] {dag.py:4138} INFO - Setting next_dagrun for dataset_with_extra_by_context to 2025-01-23 00:00:00+00:00, run_after=2025-01-24 00:00:00+00:00
[2025-01-24T23:58:57.551+0000] {logging_mixin.py:190} INFO - [2025-01-24T23:58:57.551+0000] {dag.py:4138} INFO - Setting next_dagrun for dataset_with_extra_by_yield to 2025-01-23 00:00:00+00:00, run_after=2025-01-24 00:00:00+00:00
[2025-01-24T23:58:57.558+0000] {logging_mixin.py:190} INFO - [2025-01-24T23:58:57.557+0000] {dag.py:4138} INFO - Setting next_dagrun for dataset_with_extra_from_classic_operator to 2025-01-23 00:00:00+00:00, run_after=2025-01-24 00:00:00+00:00
[2025-01-24T23:58:57.614+0000] {processor.py:208} INFO - Processing /home/airflow/.local/lib/python3.12/site-packages/airflow/example_dags/example_outlet_event_extra.py took 0.625 seconds
