[2025-01-24T23:57:47.982+0000] {processor.py:186} INFO - Started process (PID=85) to work on /home/airflow/.local/lib/python3.12/site-packages/airflow/example_dags/example_datasets.py
[2025-01-24T23:57:47.984+0000] {processor.py:914} INFO - Processing file /home/airflow/.local/lib/python3.12/site-packages/airflow/example_dags/example_datasets.py for tasks to queue
[2025-01-24T23:57:47.988+0000] {logging_mixin.py:190} INFO - [2025-01-24T23:57:47.988+0000] {dagbag.py:587} INFO - Filling up the DagBag from /home/airflow/.local/lib/python3.12/site-packages/airflow/example_dags/example_datasets.py
[2025-01-24T23:57:49.215+0000] {processor.py:925} INFO - DAG(s) 'consume_1_or_2_with_dataset_expressions', 'dataset_consumes_1_never_scheduled', 'dataset_consumes_1', 'dataset_produces_2', 'consume_1_and_2_with_dataset_expressions', 'dataset_consumes_unknown_never_scheduled', 'dataset_consumes_1_and_2', 'conditional_dataset_and_time_based_timetable', 'dataset_produces_1', 'consume_1_or_both_2_and_3_with_dataset_expressions' retrieved from /home/airflow/.local/lib/python3.12/site-packages/airflow/example_dags/example_datasets.py
[2025-01-24T23:57:49.387+0000] {logging_mixin.py:190} INFO - [2025-01-24T23:57:49.387+0000] {override.py:1858} INFO - Created Permission View: can delete on DAG:consume_1_or_2_with_dataset_expressions
[2025-01-24T23:57:49.405+0000] {logging_mixin.py:190} INFO - [2025-01-24T23:57:49.405+0000] {override.py:1858} INFO - Created Permission View: can edit on DAG:consume_1_or_2_with_dataset_expressions
[2025-01-24T23:57:49.415+0000] {logging_mixin.py:190} INFO - [2025-01-24T23:57:49.414+0000] {override.py:1858} INFO - Created Permission View: can read on DAG:consume_1_or_2_with_dataset_expressions
[2025-01-24T23:57:49.435+0000] {logging_mixin.py:190} INFO - [2025-01-24T23:57:49.435+0000] {override.py:1858} INFO - Created Permission View: can delete on DAG:dataset_consumes_1_never_scheduled
[2025-01-24T23:57:49.446+0000] {logging_mixin.py:190} INFO - [2025-01-24T23:57:49.446+0000] {override.py:1858} INFO - Created Permission View: can edit on DAG:dataset_consumes_1_never_scheduled
[2025-01-24T23:57:49.458+0000] {logging_mixin.py:190} INFO - [2025-01-24T23:57:49.458+0000] {override.py:1858} INFO - Created Permission View: can read on DAG:dataset_consumes_1_never_scheduled
[2025-01-24T23:57:49.493+0000] {logging_mixin.py:190} INFO - [2025-01-24T23:57:49.492+0000] {override.py:1858} INFO - Created Permission View: can delete on DAG:dataset_consumes_1
[2025-01-24T23:57:49.523+0000] {logging_mixin.py:190} INFO - [2025-01-24T23:57:49.520+0000] {override.py:1858} INFO - Created Permission View: can edit on DAG:dataset_consumes_1
[2025-01-24T23:57:49.549+0000] {logging_mixin.py:190} INFO - [2025-01-24T23:57:49.548+0000] {override.py:1858} INFO - Created Permission View: can read on DAG:dataset_consumes_1
[2025-01-24T23:57:49.604+0000] {logging_mixin.py:190} INFO - [2025-01-24T23:57:49.603+0000] {override.py:1858} INFO - Created Permission View: can delete on DAG:dataset_produces_2
[2025-01-24T23:57:49.627+0000] {logging_mixin.py:190} INFO - [2025-01-24T23:57:49.625+0000] {override.py:1858} INFO - Created Permission View: can edit on DAG:dataset_produces_2
[2025-01-24T23:57:49.649+0000] {logging_mixin.py:190} INFO - [2025-01-24T23:57:49.648+0000] {override.py:1858} INFO - Created Permission View: can read on DAG:dataset_produces_2
[2025-01-24T23:57:49.682+0000] {logging_mixin.py:190} INFO - [2025-01-24T23:57:49.681+0000] {override.py:1858} INFO - Created Permission View: can delete on DAG:consume_1_and_2_with_dataset_expressions
[2025-01-24T23:57:49.696+0000] {logging_mixin.py:190} INFO - [2025-01-24T23:57:49.695+0000] {override.py:1858} INFO - Created Permission View: can edit on DAG:consume_1_and_2_with_dataset_expressions
[2025-01-24T23:57:49.708+0000] {logging_mixin.py:190} INFO - [2025-01-24T23:57:49.707+0000] {override.py:1858} INFO - Created Permission View: can read on DAG:consume_1_and_2_with_dataset_expressions
[2025-01-24T23:57:49.731+0000] {logging_mixin.py:190} INFO - [2025-01-24T23:57:49.730+0000] {override.py:1858} INFO - Created Permission View: can delete on DAG:dataset_consumes_unknown_never_scheduled
[2025-01-24T23:57:49.743+0000] {logging_mixin.py:190} INFO - [2025-01-24T23:57:49.742+0000] {override.py:1858} INFO - Created Permission View: can edit on DAG:dataset_consumes_unknown_never_scheduled
[2025-01-24T23:57:49.754+0000] {logging_mixin.py:190} INFO - [2025-01-24T23:57:49.754+0000] {override.py:1858} INFO - Created Permission View: can read on DAG:dataset_consumes_unknown_never_scheduled
[2025-01-24T23:57:49.779+0000] {logging_mixin.py:190} INFO - [2025-01-24T23:57:49.778+0000] {override.py:1858} INFO - Created Permission View: can delete on DAG:dataset_consumes_1_and_2
[2025-01-24T23:57:49.794+0000] {logging_mixin.py:190} INFO - [2025-01-24T23:57:49.794+0000] {override.py:1858} INFO - Created Permission View: can edit on DAG:dataset_consumes_1_and_2
[2025-01-24T23:57:49.808+0000] {logging_mixin.py:190} INFO - [2025-01-24T23:57:49.807+0000] {override.py:1858} INFO - Created Permission View: can read on DAG:dataset_consumes_1_and_2
[2025-01-24T23:57:49.837+0000] {logging_mixin.py:190} INFO - [2025-01-24T23:57:49.837+0000] {override.py:1858} INFO - Created Permission View: can delete on DAG:conditional_dataset_and_time_based_timetable
[2025-01-24T23:57:49.854+0000] {logging_mixin.py:190} INFO - [2025-01-24T23:57:49.853+0000] {override.py:1858} INFO - Created Permission View: can edit on DAG:conditional_dataset_and_time_based_timetable
[2025-01-24T23:57:49.868+0000] {logging_mixin.py:190} INFO - [2025-01-24T23:57:49.867+0000] {override.py:1858} INFO - Created Permission View: can read on DAG:conditional_dataset_and_time_based_timetable
[2025-01-24T23:57:49.889+0000] {logging_mixin.py:190} INFO - [2025-01-24T23:57:49.889+0000] {override.py:1858} INFO - Created Permission View: can delete on DAG:dataset_produces_1
[2025-01-24T23:57:49.902+0000] {logging_mixin.py:190} INFO - [2025-01-24T23:57:49.902+0000] {override.py:1858} INFO - Created Permission View: can edit on DAG:dataset_produces_1
[2025-01-24T23:57:49.914+0000] {logging_mixin.py:190} INFO - [2025-01-24T23:57:49.914+0000] {override.py:1858} INFO - Created Permission View: can read on DAG:dataset_produces_1
[2025-01-24T23:57:49.943+0000] {logging_mixin.py:190} INFO - [2025-01-24T23:57:49.943+0000] {override.py:1858} INFO - Created Permission View: can delete on DAG:consume_1_or_both_2_and_3_with_dataset_expressions
[2025-01-24T23:57:49.967+0000] {logging_mixin.py:190} INFO - [2025-01-24T23:57:49.967+0000] {override.py:1858} INFO - Created Permission View: can edit on DAG:consume_1_or_both_2_and_3_with_dataset_expressions
[2025-01-24T23:57:49.993+0000] {logging_mixin.py:190} INFO - [2025-01-24T23:57:49.993+0000] {override.py:1858} INFO - Created Permission View: can read on DAG:consume_1_or_both_2_and_3_with_dataset_expressions
[2025-01-24T23:57:49.998+0000] {logging_mixin.py:190} INFO - [2025-01-24T23:57:49.997+0000] {dag.py:3211} INFO - Sync 10 DAGs
[2025-01-24T23:57:50.046+0000] {logging_mixin.py:190} INFO - [2025-01-24T23:57:50.045+0000] {dag.py:3234} INFO - Creating ORM DAG for dataset_consumes_1_and_2
[2025-01-24T23:57:50.049+0000] {logging_mixin.py:190} INFO - [2025-01-24T23:57:50.049+0000] {dag.py:3234} INFO - Creating ORM DAG for dataset_consumes_1
[2025-01-24T23:57:50.058+0000] {logging_mixin.py:190} INFO - [2025-01-24T23:57:50.058+0000] {dag.py:3234} INFO - Creating ORM DAG for consume_1_and_2_with_dataset_expressions
[2025-01-24T23:57:50.062+0000] {logging_mixin.py:190} INFO - [2025-01-24T23:57:50.061+0000] {dag.py:3234} INFO - Creating ORM DAG for dataset_consumes_unknown_never_scheduled
[2025-01-24T23:57:50.064+0000] {logging_mixin.py:190} INFO - [2025-01-24T23:57:50.064+0000] {dag.py:3234} INFO - Creating ORM DAG for conditional_dataset_and_time_based_timetable
[2025-01-24T23:57:50.072+0000] {logging_mixin.py:190} INFO - [2025-01-24T23:57:50.072+0000] {dag.py:3234} INFO - Creating ORM DAG for dataset_produces_2
[2025-01-24T23:57:50.074+0000] {logging_mixin.py:190} INFO - [2025-01-24T23:57:50.074+0000] {dag.py:3234} INFO - Creating ORM DAG for dataset_produces_1
[2025-01-24T23:57:50.076+0000] {logging_mixin.py:190} INFO - [2025-01-24T23:57:50.075+0000] {dag.py:3234} INFO - Creating ORM DAG for consume_1_or_2_with_dataset_expressions
[2025-01-24T23:57:50.078+0000] {logging_mixin.py:190} INFO - [2025-01-24T23:57:50.078+0000] {dag.py:3234} INFO - Creating ORM DAG for consume_1_or_both_2_and_3_with_dataset_expressions
[2025-01-24T23:57:50.081+0000] {logging_mixin.py:190} INFO - [2025-01-24T23:57:50.080+0000] {dag.py:3234} INFO - Creating ORM DAG for dataset_consumes_1_never_scheduled
[2025-01-24T23:57:50.104+0000] {logging_mixin.py:190} INFO - [2025-01-24T23:57:50.103+0000] {dag.py:4138} INFO - Setting next_dagrun for conditional_dataset_and_time_based_timetable to 2025-01-22 01:00:00+00:00, run_after=2025-01-22 01:00:00+00:00
[2025-01-24T23:57:50.105+0000] {logging_mixin.py:190} INFO - [2025-01-24T23:57:50.105+0000] {dag.py:4138} INFO - Setting next_dagrun for consume_1_and_2_with_dataset_expressions to None, run_after=None
[2025-01-24T23:57:50.106+0000] {logging_mixin.py:190} INFO - [2025-01-24T23:57:50.106+0000] {dag.py:4138} INFO - Setting next_dagrun for consume_1_or_2_with_dataset_expressions to None, run_after=None
[2025-01-24T23:57:50.107+0000] {logging_mixin.py:190} INFO - [2025-01-24T23:57:50.107+0000] {dag.py:4138} INFO - Setting next_dagrun for consume_1_or_both_2_and_3_with_dataset_expressions to None, run_after=None
[2025-01-24T23:57:50.108+0000] {logging_mixin.py:190} INFO - [2025-01-24T23:57:50.108+0000] {dag.py:4138} INFO - Setting next_dagrun for dataset_consumes_1 to None, run_after=None
[2025-01-24T23:57:50.109+0000] {logging_mixin.py:190} INFO - [2025-01-24T23:57:50.109+0000] {dag.py:4138} INFO - Setting next_dagrun for dataset_consumes_1_and_2 to None, run_after=None
[2025-01-24T23:57:50.112+0000] {logging_mixin.py:190} INFO - [2025-01-24T23:57:50.111+0000] {dag.py:4138} INFO - Setting next_dagrun for dataset_consumes_1_never_scheduled to None, run_after=None
[2025-01-24T23:57:50.114+0000] {logging_mixin.py:190} INFO - [2025-01-24T23:57:50.113+0000] {dag.py:4138} INFO - Setting next_dagrun for dataset_consumes_unknown_never_scheduled to None, run_after=None
[2025-01-24T23:57:50.119+0000] {logging_mixin.py:190} INFO - [2025-01-24T23:57:50.119+0000] {dag.py:4138} INFO - Setting next_dagrun for dataset_produces_1 to 2025-01-23 00:00:00+00:00, run_after=2025-01-24 00:00:00+00:00
[2025-01-24T23:57:50.121+0000] {logging_mixin.py:190} INFO - [2025-01-24T23:57:50.121+0000] {dag.py:4138} INFO - Setting next_dagrun for dataset_produces_2 to None, run_after=None
[2025-01-24T23:57:50.258+0000] {processor.py:208} INFO - Processing /home/airflow/.local/lib/python3.12/site-packages/airflow/example_dags/example_datasets.py took 2.285 seconds
[2025-01-24T23:58:20.461+0000] {processor.py:186} INFO - Started process (PID=149) to work on /home/airflow/.local/lib/python3.12/site-packages/airflow/example_dags/example_datasets.py
[2025-01-24T23:58:20.464+0000] {processor.py:914} INFO - Processing file /home/airflow/.local/lib/python3.12/site-packages/airflow/example_dags/example_datasets.py for tasks to queue
[2025-01-24T23:58:20.470+0000] {logging_mixin.py:190} INFO - [2025-01-24T23:58:20.469+0000] {dagbag.py:587} INFO - Filling up the DagBag from /home/airflow/.local/lib/python3.12/site-packages/airflow/example_dags/example_datasets.py
[2025-01-24T23:58:20.923+0000] {processor.py:925} INFO - DAG(s) 'consume_1_or_2_with_dataset_expressions', 'dataset_consumes_unknown_never_scheduled', 'consume_1_or_both_2_and_3_with_dataset_expressions', 'dataset_produces_1', 'consume_1_and_2_with_dataset_expressions', 'dataset_produces_2', 'dataset_consumes_1', 'dataset_consumes_1_never_scheduled', 'conditional_dataset_and_time_based_timetable', 'dataset_consumes_1_and_2' retrieved from /home/airflow/.local/lib/python3.12/site-packages/airflow/example_dags/example_datasets.py
[2025-01-24T23:58:21.032+0000] {logging_mixin.py:190} INFO - [2025-01-24T23:58:21.031+0000] {dag.py:3211} INFO - Sync 10 DAGs
[2025-01-24T23:58:21.116+0000] {logging_mixin.py:190} INFO - [2025-01-24T23:58:21.115+0000] {dag.py:4138} INFO - Setting next_dagrun for conditional_dataset_and_time_based_timetable to 2025-01-22 01:00:00+00:00, run_after=2025-01-22 01:00:00+00:00
[2025-01-24T23:58:21.126+0000] {logging_mixin.py:190} INFO - [2025-01-24T23:58:21.125+0000] {dag.py:4138} INFO - Setting next_dagrun for consume_1_and_2_with_dataset_expressions to None, run_after=None
[2025-01-24T23:58:21.129+0000] {logging_mixin.py:190} INFO - [2025-01-24T23:58:21.129+0000] {dag.py:4138} INFO - Setting next_dagrun for consume_1_or_2_with_dataset_expressions to None, run_after=None
[2025-01-24T23:58:21.133+0000] {logging_mixin.py:190} INFO - [2025-01-24T23:58:21.133+0000] {dag.py:4138} INFO - Setting next_dagrun for consume_1_or_both_2_and_3_with_dataset_expressions to None, run_after=None
[2025-01-24T23:58:21.137+0000] {logging_mixin.py:190} INFO - [2025-01-24T23:58:21.137+0000] {dag.py:4138} INFO - Setting next_dagrun for dataset_consumes_1 to None, run_after=None
[2025-01-24T23:58:21.141+0000] {logging_mixin.py:190} INFO - [2025-01-24T23:58:21.140+0000] {dag.py:4138} INFO - Setting next_dagrun for dataset_consumes_1_and_2 to None, run_after=None
[2025-01-24T23:58:21.144+0000] {logging_mixin.py:190} INFO - [2025-01-24T23:58:21.143+0000] {dag.py:4138} INFO - Setting next_dagrun for dataset_consumes_1_never_scheduled to None, run_after=None
[2025-01-24T23:58:21.150+0000] {logging_mixin.py:190} INFO - [2025-01-24T23:58:21.149+0000] {dag.py:4138} INFO - Setting next_dagrun for dataset_consumes_unknown_never_scheduled to None, run_after=None
[2025-01-24T23:58:21.157+0000] {logging_mixin.py:190} INFO - [2025-01-24T23:58:21.156+0000] {dag.py:4138} INFO - Setting next_dagrun for dataset_produces_1 to 2025-01-23 00:00:00+00:00, run_after=2025-01-24 00:00:00+00:00
[2025-01-24T23:58:21.167+0000] {logging_mixin.py:190} INFO - [2025-01-24T23:58:21.166+0000] {dag.py:4138} INFO - Setting next_dagrun for dataset_produces_2 to None, run_after=None
[2025-01-24T23:58:21.267+0000] {processor.py:208} INFO - Processing /home/airflow/.local/lib/python3.12/site-packages/airflow/example_dags/example_datasets.py took 0.820 seconds
[2025-01-24T23:58:51.330+0000] {processor.py:186} INFO - Started process (PID=213) to work on /home/airflow/.local/lib/python3.12/site-packages/airflow/example_dags/example_datasets.py
[2025-01-24T23:58:51.331+0000] {processor.py:914} INFO - Processing file /home/airflow/.local/lib/python3.12/site-packages/airflow/example_dags/example_datasets.py for tasks to queue
[2025-01-24T23:58:51.334+0000] {logging_mixin.py:190} INFO - [2025-01-24T23:58:51.334+0000] {dagbag.py:587} INFO - Filling up the DagBag from /home/airflow/.local/lib/python3.12/site-packages/airflow/example_dags/example_datasets.py
[2025-01-24T23:58:51.602+0000] {processor.py:925} INFO - DAG(s) 'consume_1_or_2_with_dataset_expressions', 'conditional_dataset_and_time_based_timetable', 'dataset_consumes_1_never_scheduled', 'dataset_consumes_1', 'dataset_consumes_unknown_never_scheduled', 'consume_1_or_both_2_and_3_with_dataset_expressions', 'dataset_produces_1', 'consume_1_and_2_with_dataset_expressions', 'dataset_consumes_1_and_2', 'dataset_produces_2' retrieved from /home/airflow/.local/lib/python3.12/site-packages/airflow/example_dags/example_datasets.py
[2025-01-24T23:58:51.669+0000] {logging_mixin.py:190} INFO - [2025-01-24T23:58:51.668+0000] {dag.py:3211} INFO - Sync 10 DAGs
[2025-01-24T23:58:51.714+0000] {logging_mixin.py:190} INFO - [2025-01-24T23:58:51.714+0000] {dag.py:4138} INFO - Setting next_dagrun for conditional_dataset_and_time_based_timetable to 2025-01-22 01:00:00+00:00, run_after=2025-01-22 01:00:00+00:00
[2025-01-24T23:58:51.719+0000] {logging_mixin.py:190} INFO - [2025-01-24T23:58:51.719+0000] {dag.py:4138} INFO - Setting next_dagrun for consume_1_and_2_with_dataset_expressions to None, run_after=None
[2025-01-24T23:58:51.722+0000] {logging_mixin.py:190} INFO - [2025-01-24T23:58:51.721+0000] {dag.py:4138} INFO - Setting next_dagrun for consume_1_or_2_with_dataset_expressions to None, run_after=None
[2025-01-24T23:58:51.724+0000] {logging_mixin.py:190} INFO - [2025-01-24T23:58:51.724+0000] {dag.py:4138} INFO - Setting next_dagrun for consume_1_or_both_2_and_3_with_dataset_expressions to None, run_after=None
[2025-01-24T23:58:51.728+0000] {logging_mixin.py:190} INFO - [2025-01-24T23:58:51.727+0000] {dag.py:4138} INFO - Setting next_dagrun for dataset_consumes_1 to None, run_after=None
[2025-01-24T23:58:51.730+0000] {logging_mixin.py:190} INFO - [2025-01-24T23:58:51.730+0000] {dag.py:4138} INFO - Setting next_dagrun for dataset_consumes_1_and_2 to None, run_after=None
[2025-01-24T23:58:51.737+0000] {logging_mixin.py:190} INFO - [2025-01-24T23:58:51.736+0000] {dag.py:4138} INFO - Setting next_dagrun for dataset_consumes_1_never_scheduled to None, run_after=None
[2025-01-24T23:58:51.740+0000] {logging_mixin.py:190} INFO - [2025-01-24T23:58:51.740+0000] {dag.py:4138} INFO - Setting next_dagrun for dataset_consumes_unknown_never_scheduled to None, run_after=None
[2025-01-24T23:58:51.745+0000] {logging_mixin.py:190} INFO - [2025-01-24T23:58:51.745+0000] {dag.py:4138} INFO - Setting next_dagrun for dataset_produces_1 to 2025-01-23 00:00:00+00:00, run_after=2025-01-24 00:00:00+00:00
[2025-01-24T23:58:51.748+0000] {logging_mixin.py:190} INFO - [2025-01-24T23:58:51.748+0000] {dag.py:4138} INFO - Setting next_dagrun for dataset_produces_2 to None, run_after=None
[2025-01-24T23:58:51.811+0000] {processor.py:208} INFO - Processing /home/airflow/.local/lib/python3.12/site-packages/airflow/example_dags/example_datasets.py took 0.489 seconds
