[2025-01-24T23:57:47.090+0000] {processor.py:186} INFO - Started process (PID=81) to work on /home/airflow/.local/lib/python3.12/site-packages/airflow/example_dags/example_time_delta_sensor_async.py
[2025-01-24T23:57:47.092+0000] {processor.py:914} INFO - Processing file /home/airflow/.local/lib/python3.12/site-packages/airflow/example_dags/example_time_delta_sensor_async.py for tasks to queue
[2025-01-24T23:57:47.101+0000] {logging_mixin.py:190} INFO - [2025-01-24T23:57:47.100+0000] {dagbag.py:587} INFO - Filling up the DagBag from /home/airflow/.local/lib/python3.12/site-packages/airflow/example_dags/example_time_delta_sensor_async.py
[2025-01-24T23:57:47.118+0000] {processor.py:925} INFO - DAG(s) 'example_time_delta_sensor_async' retrieved from /home/airflow/.local/lib/python3.12/site-packages/airflow/example_dags/example_time_delta_sensor_async.py
[2025-01-24T23:57:47.326+0000] {logging_mixin.py:190} INFO - [2025-01-24T23:57:47.325+0000] {override.py:1858} INFO - Created Permission View: can delete on DAG:example_time_delta_sensor_async
[2025-01-24T23:57:47.343+0000] {logging_mixin.py:190} INFO - [2025-01-24T23:57:47.343+0000] {override.py:1858} INFO - Created Permission View: can edit on DAG:example_time_delta_sensor_async
[2025-01-24T23:57:47.357+0000] {logging_mixin.py:190} INFO - [2025-01-24T23:57:47.357+0000] {override.py:1858} INFO - Created Permission View: can read on DAG:example_time_delta_sensor_async
[2025-01-24T23:57:47.359+0000] {logging_mixin.py:190} INFO - [2025-01-24T23:57:47.358+0000] {dag.py:3211} INFO - Sync 1 DAGs
[2025-01-24T23:57:47.396+0000] {logging_mixin.py:190} INFO - [2025-01-24T23:57:47.396+0000] {dag.py:3234} INFO - Creating ORM DAG for example_time_delta_sensor_async
[2025-01-24T23:57:47.399+0000] {logging_mixin.py:190} INFO - [2025-01-24T23:57:47.398+0000] {dag.py:4138} INFO - Setting next_dagrun for example_time_delta_sensor_async to None, run_after=None
[2025-01-24T23:57:47.438+0000] {processor.py:208} INFO - Processing /home/airflow/.local/lib/python3.12/site-packages/airflow/example_dags/example_time_delta_sensor_async.py took 0.363 seconds
[2025-01-24T23:58:18.611+0000] {processor.py:186} INFO - Started process (PID=143) to work on /home/airflow/.local/lib/python3.12/site-packages/airflow/example_dags/example_time_delta_sensor_async.py
[2025-01-24T23:58:18.617+0000] {processor.py:914} INFO - Processing file /home/airflow/.local/lib/python3.12/site-packages/airflow/example_dags/example_time_delta_sensor_async.py for tasks to queue
[2025-01-24T23:58:18.625+0000] {logging_mixin.py:190} INFO - [2025-01-24T23:58:18.624+0000] {dagbag.py:587} INFO - Filling up the DagBag from /home/airflow/.local/lib/python3.12/site-packages/airflow/example_dags/example_time_delta_sensor_async.py
[2025-01-24T23:58:18.640+0000] {processor.py:925} INFO - DAG(s) 'example_time_delta_sensor_async' retrieved from /home/airflow/.local/lib/python3.12/site-packages/airflow/example_dags/example_time_delta_sensor_async.py
[2025-01-24T23:58:18.678+0000] {logging_mixin.py:190} INFO - [2025-01-24T23:58:18.677+0000] {dag.py:3211} INFO - Sync 1 DAGs
[2025-01-24T23:58:18.705+0000] {logging_mixin.py:190} INFO - [2025-01-24T23:58:18.705+0000] {dag.py:4138} INFO - Setting next_dagrun for example_time_delta_sensor_async to None, run_after=None
[2025-01-24T23:58:18.758+0000] {processor.py:208} INFO - Processing /home/airflow/.local/lib/python3.12/site-packages/airflow/example_dags/example_time_delta_sensor_async.py took 0.171 seconds
[2025-01-24T23:58:49.903+0000] {processor.py:186} INFO - Started process (PID=206) to work on /home/airflow/.local/lib/python3.12/site-packages/airflow/example_dags/example_time_delta_sensor_async.py
[2025-01-24T23:58:49.904+0000] {processor.py:914} INFO - Processing file /home/airflow/.local/lib/python3.12/site-packages/airflow/example_dags/example_time_delta_sensor_async.py for tasks to queue
[2025-01-24T23:58:49.907+0000] {logging_mixin.py:190} INFO - [2025-01-24T23:58:49.906+0000] {dagbag.py:587} INFO - Filling up the DagBag from /home/airflow/.local/lib/python3.12/site-packages/airflow/example_dags/example_time_delta_sensor_async.py
[2025-01-24T23:58:49.915+0000] {processor.py:925} INFO - DAG(s) 'example_time_delta_sensor_async' retrieved from /home/airflow/.local/lib/python3.12/site-packages/airflow/example_dags/example_time_delta_sensor_async.py
[2025-01-24T23:58:49.936+0000] {logging_mixin.py:190} INFO - [2025-01-24T23:58:49.936+0000] {dag.py:3211} INFO - Sync 1 DAGs
[2025-01-24T23:58:49.952+0000] {logging_mixin.py:190} INFO - [2025-01-24T23:58:49.952+0000] {dag.py:4138} INFO - Setting next_dagrun for example_time_delta_sensor_async to None, run_after=None
[2025-01-24T23:58:49.972+0000] {processor.py:208} INFO - Processing /home/airflow/.local/lib/python3.12/site-packages/airflow/example_dags/example_time_delta_sensor_async.py took 0.076 seconds
