[2025-01-24T23:57:56.340+0000] {processor.py:186} INFO - Started process (PID=114) to work on /home/airflow/.local/lib/python3.12/site-packages/airflow/example_dags/example_bash_decorator.py
[2025-01-24T23:57:56.341+0000] {processor.py:914} INFO - Processing file /home/airflow/.local/lib/python3.12/site-packages/airflow/example_dags/example_bash_decorator.py for tasks to queue
[2025-01-24T23:57:56.346+0000] {logging_mixin.py:190} INFO - [2025-01-24T23:57:56.345+0000] {dagbag.py:587} INFO - Filling up the DagBag from /home/airflow/.local/lib/python3.12/site-packages/airflow/example_dags/example_bash_decorator.py
[2025-01-24T23:57:56.381+0000] {processor.py:925} INFO - DAG(s) 'example_bash_decorator' retrieved from /home/airflow/.local/lib/python3.12/site-packages/airflow/example_dags/example_bash_decorator.py
[2025-01-24T23:57:56.630+0000] {logging_mixin.py:190} INFO - [2025-01-24T23:57:56.630+0000] {override.py:1858} INFO - Created Permission View: can delete on DAG:example_bash_decorator
[2025-01-24T23:57:56.648+0000] {logging_mixin.py:190} INFO - [2025-01-24T23:57:56.648+0000] {override.py:1858} INFO - Created Permission View: can edit on DAG:example_bash_decorator
[2025-01-24T23:57:56.658+0000] {logging_mixin.py:190} INFO - [2025-01-24T23:57:56.658+0000] {override.py:1858} INFO - Created Permission View: can read on DAG:example_bash_decorator
[2025-01-24T23:57:56.659+0000] {logging_mixin.py:190} INFO - [2025-01-24T23:57:56.659+0000] {dag.py:3211} INFO - Sync 1 DAGs
[2025-01-24T23:57:56.683+0000] {logging_mixin.py:190} INFO - [2025-01-24T23:57:56.682+0000] {dag.py:3234} INFO - Creating ORM DAG for example_bash_decorator
[2025-01-24T23:57:56.685+0000] {logging_mixin.py:190} INFO - [2025-01-24T23:57:56.684+0000] {dag.py:4138} INFO - Setting next_dagrun for example_bash_decorator to None, run_after=None
[2025-01-24T23:57:56.709+0000] {processor.py:208} INFO - Processing /home/airflow/.local/lib/python3.12/site-packages/airflow/example_dags/example_bash_decorator.py took 0.386 seconds
[2025-01-24T23:58:27.568+0000] {processor.py:186} INFO - Started process (PID=171) to work on /home/airflow/.local/lib/python3.12/site-packages/airflow/example_dags/example_bash_decorator.py
[2025-01-24T23:58:27.569+0000] {processor.py:914} INFO - Processing file /home/airflow/.local/lib/python3.12/site-packages/airflow/example_dags/example_bash_decorator.py for tasks to queue
[2025-01-24T23:58:27.575+0000] {logging_mixin.py:190} INFO - [2025-01-24T23:58:27.574+0000] {dagbag.py:587} INFO - Filling up the DagBag from /home/airflow/.local/lib/python3.12/site-packages/airflow/example_dags/example_bash_decorator.py
[2025-01-24T23:58:27.608+0000] {processor.py:925} INFO - DAG(s) 'example_bash_decorator' retrieved from /home/airflow/.local/lib/python3.12/site-packages/airflow/example_dags/example_bash_decorator.py
[2025-01-24T23:58:27.644+0000] {logging_mixin.py:190} INFO - [2025-01-24T23:58:27.644+0000] {dag.py:3211} INFO - Sync 1 DAGs
[2025-01-24T23:58:27.669+0000] {logging_mixin.py:190} INFO - [2025-01-24T23:58:27.668+0000] {dag.py:4138} INFO - Setting next_dagrun for example_bash_decorator to None, run_after=None
[2025-01-24T23:58:27.705+0000] {processor.py:208} INFO - Processing /home/airflow/.local/lib/python3.12/site-packages/airflow/example_dags/example_bash_decorator.py took 0.149 seconds
[2025-01-24T23:58:58.756+0000] {processor.py:186} INFO - Started process (PID=234) to work on /home/airflow/.local/lib/python3.12/site-packages/airflow/example_dags/example_bash_decorator.py
[2025-01-24T23:58:58.777+0000] {processor.py:914} INFO - Processing file /home/airflow/.local/lib/python3.12/site-packages/airflow/example_dags/example_bash_decorator.py for tasks to queue
[2025-01-24T23:58:58.783+0000] {logging_mixin.py:190} INFO - [2025-01-24T23:58:58.782+0000] {dagbag.py:587} INFO - Filling up the DagBag from /home/airflow/.local/lib/python3.12/site-packages/airflow/example_dags/example_bash_decorator.py
[2025-01-24T23:58:58.851+0000] {processor.py:925} INFO - DAG(s) 'example_bash_decorator' retrieved from /home/airflow/.local/lib/python3.12/site-packages/airflow/example_dags/example_bash_decorator.py
[2025-01-24T23:58:58.939+0000] {logging_mixin.py:190} INFO - [2025-01-24T23:58:58.938+0000] {dag.py:3211} INFO - Sync 1 DAGs
[2025-01-24T23:58:59.007+0000] {logging_mixin.py:190} INFO - [2025-01-24T23:58:59.006+0000] {dag.py:4138} INFO - Setting next_dagrun for example_bash_decorator to None, run_after=None
[2025-01-24T23:58:59.115+0000] {processor.py:208} INFO - Processing /home/airflow/.local/lib/python3.12/site-packages/airflow/example_dags/example_bash_decorator.py took 0.379 seconds
