[2025-01-24T23:57:51.568+0000] {processor.py:186} INFO - Started process (PID=92) to work on /home/airflow/.local/lib/python3.12/site-packages/airflow/example_dags/example_complex.py
[2025-01-24T23:57:51.575+0000] {processor.py:914} INFO - Processing file /home/airflow/.local/lib/python3.12/site-packages/airflow/example_dags/example_complex.py for tasks to queue
[2025-01-24T23:57:51.584+0000] {logging_mixin.py:190} INFO - [2025-01-24T23:57:51.584+0000] {dagbag.py:587} INFO - Filling up the DagBag from /home/airflow/.local/lib/python3.12/site-packages/airflow/example_dags/example_complex.py
[2025-01-24T23:57:51.635+0000] {processor.py:925} INFO - DAG(s) 'example_complex' retrieved from /home/airflow/.local/lib/python3.12/site-packages/airflow/example_dags/example_complex.py
[2025-01-24T23:57:51.979+0000] {logging_mixin.py:190} INFO - [2025-01-24T23:57:51.978+0000] {override.py:1858} INFO - Created Permission View: can delete on DAG:example_complex
[2025-01-24T23:57:52.001+0000] {logging_mixin.py:190} INFO - [2025-01-24T23:57:52.000+0000] {override.py:1858} INFO - Created Permission View: can edit on DAG:example_complex
[2025-01-24T23:57:52.014+0000] {logging_mixin.py:190} INFO - [2025-01-24T23:57:52.014+0000] {override.py:1858} INFO - Created Permission View: can read on DAG:example_complex
[2025-01-24T23:57:52.016+0000] {logging_mixin.py:190} INFO - [2025-01-24T23:57:52.015+0000] {dag.py:3211} INFO - Sync 1 DAGs
[2025-01-24T23:57:52.051+0000] {logging_mixin.py:190} INFO - [2025-01-24T23:57:52.047+0000] {dag.py:3234} INFO - Creating ORM DAG for example_complex
[2025-01-24T23:57:52.053+0000] {logging_mixin.py:190} INFO - [2025-01-24T23:57:52.053+0000] {dag.py:4138} INFO - Setting next_dagrun for example_complex to None, run_after=None
[2025-01-24T23:57:52.106+0000] {processor.py:208} INFO - Processing /home/airflow/.local/lib/python3.12/site-packages/airflow/example_dags/example_complex.py took 0.558 seconds
[2025-01-24T23:58:22.482+0000] {processor.py:186} INFO - Started process (PID=154) to work on /home/airflow/.local/lib/python3.12/site-packages/airflow/example_dags/example_complex.py
[2025-01-24T23:58:22.483+0000] {processor.py:914} INFO - Processing file /home/airflow/.local/lib/python3.12/site-packages/airflow/example_dags/example_complex.py for tasks to queue
[2025-01-24T23:58:22.486+0000] {logging_mixin.py:190} INFO - [2025-01-24T23:58:22.486+0000] {dagbag.py:587} INFO - Filling up the DagBag from /home/airflow/.local/lib/python3.12/site-packages/airflow/example_dags/example_complex.py
[2025-01-24T23:58:22.500+0000] {processor.py:925} INFO - DAG(s) 'example_complex' retrieved from /home/airflow/.local/lib/python3.12/site-packages/airflow/example_dags/example_complex.py
[2025-01-24T23:58:22.540+0000] {logging_mixin.py:190} INFO - [2025-01-24T23:58:22.540+0000] {dag.py:3211} INFO - Sync 1 DAGs
[2025-01-24T23:58:22.561+0000] {logging_mixin.py:190} INFO - [2025-01-24T23:58:22.561+0000] {dag.py:4138} INFO - Setting next_dagrun for example_complex to None, run_after=None
[2025-01-24T23:58:22.585+0000] {processor.py:208} INFO - Processing /home/airflow/.local/lib/python3.12/site-packages/airflow/example_dags/example_complex.py took 0.110 seconds
[2025-01-24T23:58:53.108+0000] {processor.py:186} INFO - Started process (PID=217) to work on /home/airflow/.local/lib/python3.12/site-packages/airflow/example_dags/example_complex.py
[2025-01-24T23:58:53.110+0000] {processor.py:914} INFO - Processing file /home/airflow/.local/lib/python3.12/site-packages/airflow/example_dags/example_complex.py for tasks to queue
[2025-01-24T23:58:53.113+0000] {logging_mixin.py:190} INFO - [2025-01-24T23:58:53.112+0000] {dagbag.py:587} INFO - Filling up the DagBag from /home/airflow/.local/lib/python3.12/site-packages/airflow/example_dags/example_complex.py
[2025-01-24T23:58:53.133+0000] {processor.py:925} INFO - DAG(s) 'example_complex' retrieved from /home/airflow/.local/lib/python3.12/site-packages/airflow/example_dags/example_complex.py
[2025-01-24T23:58:53.187+0000] {logging_mixin.py:190} INFO - [2025-01-24T23:58:53.187+0000] {dag.py:3211} INFO - Sync 1 DAGs
[2025-01-24T23:58:53.224+0000] {logging_mixin.py:190} INFO - [2025-01-24T23:58:53.223+0000] {dag.py:4138} INFO - Setting next_dagrun for example_complex to None, run_after=None
[2025-01-24T23:58:53.284+0000] {processor.py:208} INFO - Processing /home/airflow/.local/lib/python3.12/site-packages/airflow/example_dags/example_complex.py took 0.187 seconds
