[2025-01-24T23:57:48.013+0000] {processor.py:186} INFO - Started process (PID=86) to work on /home/airflow/.local/lib/python3.12/site-packages/airflow/example_dags/example_setup_teardown_taskflow.py
[2025-01-24T23:57:48.015+0000] {processor.py:914} INFO - Processing file /home/airflow/.local/lib/python3.12/site-packages/airflow/example_dags/example_setup_teardown_taskflow.py for tasks to queue
[2025-01-24T23:57:48.018+0000] {logging_mixin.py:190} INFO - [2025-01-24T23:57:48.018+0000] {dagbag.py:587} INFO - Filling up the DagBag from /home/airflow/.local/lib/python3.12/site-packages/airflow/example_dags/example_setup_teardown_taskflow.py
[2025-01-24T23:57:48.036+0000] {processor.py:925} INFO - DAG(s) 'example_setup_teardown_taskflow' retrieved from /home/airflow/.local/lib/python3.12/site-packages/airflow/example_dags/example_setup_teardown_taskflow.py
[2025-01-24T23:57:48.246+0000] {logging_mixin.py:190} INFO - [2025-01-24T23:57:48.245+0000] {override.py:1858} INFO - Created Permission View: can delete on DAG:example_setup_teardown_taskflow
[2025-01-24T23:57:48.262+0000] {logging_mixin.py:190} INFO - [2025-01-24T23:57:48.262+0000] {override.py:1858} INFO - Created Permission View: can edit on DAG:example_setup_teardown_taskflow
[2025-01-24T23:57:48.271+0000] {logging_mixin.py:190} INFO - [2025-01-24T23:57:48.271+0000] {override.py:1858} INFO - Created Permission View: can read on DAG:example_setup_teardown_taskflow
[2025-01-24T23:57:48.272+0000] {logging_mixin.py:190} INFO - [2025-01-24T23:57:48.272+0000] {dag.py:3211} INFO - Sync 1 DAGs
[2025-01-24T23:57:48.289+0000] {logging_mixin.py:190} INFO - [2025-01-24T23:57:48.289+0000] {dag.py:3234} INFO - Creating ORM DAG for example_setup_teardown_taskflow
[2025-01-24T23:57:48.304+0000] {logging_mixin.py:190} INFO - [2025-01-24T23:57:48.304+0000] {dag.py:4138} INFO - Setting next_dagrun for example_setup_teardown_taskflow to 2025-01-23 00:00:00+00:00, run_after=2025-01-24 00:00:00+00:00
[2025-01-24T23:57:48.332+0000] {processor.py:208} INFO - Processing /home/airflow/.local/lib/python3.12/site-packages/airflow/example_dags/example_setup_teardown_taskflow.py took 0.326 seconds
[2025-01-24T23:58:19.128+0000] {processor.py:186} INFO - Started process (PID=147) to work on /home/airflow/.local/lib/python3.12/site-packages/airflow/example_dags/example_setup_teardown_taskflow.py
[2025-01-24T23:58:19.130+0000] {processor.py:914} INFO - Processing file /home/airflow/.local/lib/python3.12/site-packages/airflow/example_dags/example_setup_teardown_taskflow.py for tasks to queue
[2025-01-24T23:58:19.136+0000] {logging_mixin.py:190} INFO - [2025-01-24T23:58:19.135+0000] {dagbag.py:587} INFO - Filling up the DagBag from /home/airflow/.local/lib/python3.12/site-packages/airflow/example_dags/example_setup_teardown_taskflow.py
[2025-01-24T23:58:19.166+0000] {processor.py:925} INFO - DAG(s) 'example_setup_teardown_taskflow' retrieved from /home/airflow/.local/lib/python3.12/site-packages/airflow/example_dags/example_setup_teardown_taskflow.py
[2025-01-24T23:58:19.273+0000] {logging_mixin.py:190} INFO - [2025-01-24T23:58:19.272+0000] {dag.py:3211} INFO - Sync 1 DAGs
[2025-01-24T23:58:19.326+0000] {logging_mixin.py:190} INFO - [2025-01-24T23:58:19.325+0000] {dag.py:4138} INFO - Setting next_dagrun for example_setup_teardown_taskflow to 2025-01-23 00:00:00+00:00, run_after=2025-01-24 00:00:00+00:00
[2025-01-24T23:58:19.373+0000] {processor.py:208} INFO - Processing /home/airflow/.local/lib/python3.12/site-packages/airflow/example_dags/example_setup_teardown_taskflow.py took 0.260 seconds
[2025-01-24T23:58:50.149+0000] {processor.py:186} INFO - Started process (PID=210) to work on /home/airflow/.local/lib/python3.12/site-packages/airflow/example_dags/example_setup_teardown_taskflow.py
[2025-01-24T23:58:50.150+0000] {processor.py:914} INFO - Processing file /home/airflow/.local/lib/python3.12/site-packages/airflow/example_dags/example_setup_teardown_taskflow.py for tasks to queue
[2025-01-24T23:58:50.153+0000] {logging_mixin.py:190} INFO - [2025-01-24T23:58:50.153+0000] {dagbag.py:587} INFO - Filling up the DagBag from /home/airflow/.local/lib/python3.12/site-packages/airflow/example_dags/example_setup_teardown_taskflow.py
[2025-01-24T23:58:50.164+0000] {processor.py:925} INFO - DAG(s) 'example_setup_teardown_taskflow' retrieved from /home/airflow/.local/lib/python3.12/site-packages/airflow/example_dags/example_setup_teardown_taskflow.py
[2025-01-24T23:58:50.188+0000] {logging_mixin.py:190} INFO - [2025-01-24T23:58:50.188+0000] {dag.py:3211} INFO - Sync 1 DAGs
[2025-01-24T23:58:50.212+0000] {logging_mixin.py:190} INFO - [2025-01-24T23:58:50.212+0000] {dag.py:4138} INFO - Setting next_dagrun for example_setup_teardown_taskflow to 2025-01-23 00:00:00+00:00, run_after=2025-01-24 00:00:00+00:00
[2025-01-24T23:58:50.231+0000] {processor.py:208} INFO - Processing /home/airflow/.local/lib/python3.12/site-packages/airflow/example_dags/example_setup_teardown_taskflow.py took 0.088 seconds
