[2025-01-24T23:57:53.207+0000] {processor.py:186} INFO - Started process (PID=99) to work on /home/airflow/.local/lib/python3.12/site-packages/airflow/example_dags/example_task_group_decorator.py
[2025-01-24T23:57:53.209+0000] {processor.py:914} INFO - Processing file /home/airflow/.local/lib/python3.12/site-packages/airflow/example_dags/example_task_group_decorator.py for tasks to queue
[2025-01-24T23:57:53.212+0000] {logging_mixin.py:190} INFO - [2025-01-24T23:57:53.212+0000] {dagbag.py:587} INFO - Filling up the DagBag from /home/airflow/.local/lib/python3.12/site-packages/airflow/example_dags/example_task_group_decorator.py
[2025-01-24T23:57:53.251+0000] {processor.py:925} INFO - DAG(s) 'example_task_group_decorator' retrieved from /home/airflow/.local/lib/python3.12/site-packages/airflow/example_dags/example_task_group_decorator.py
[2025-01-24T23:57:53.481+0000] {logging_mixin.py:190} INFO - [2025-01-24T23:57:53.480+0000] {override.py:1858} INFO - Created Permission View: can delete on DAG:example_task_group_decorator
[2025-01-24T23:57:53.515+0000] {logging_mixin.py:190} INFO - [2025-01-24T23:57:53.514+0000] {override.py:1858} INFO - Created Permission View: can edit on DAG:example_task_group_decorator
[2025-01-24T23:57:53.526+0000] {logging_mixin.py:190} INFO - [2025-01-24T23:57:53.526+0000] {override.py:1858} INFO - Created Permission View: can read on DAG:example_task_group_decorator
[2025-01-24T23:57:53.528+0000] {logging_mixin.py:190} INFO - [2025-01-24T23:57:53.527+0000] {dag.py:3211} INFO - Sync 1 DAGs
[2025-01-24T23:57:53.556+0000] {logging_mixin.py:190} INFO - [2025-01-24T23:57:53.555+0000] {dag.py:3234} INFO - Creating ORM DAG for example_task_group_decorator
[2025-01-24T23:57:53.585+0000] {logging_mixin.py:190} INFO - [2025-01-24T23:57:53.584+0000] {dag.py:4138} INFO - Setting next_dagrun for example_task_group_decorator to 2025-01-23 00:00:00+00:00, run_after=2025-01-24 00:00:00+00:00
[2025-01-24T23:57:53.639+0000] {processor.py:208} INFO - Processing /home/airflow/.local/lib/python3.12/site-packages/airflow/example_dags/example_task_group_decorator.py took 0.441 seconds
[2025-01-24T23:58:24.065+0000] {processor.py:186} INFO - Started process (PID=161) to work on /home/airflow/.local/lib/python3.12/site-packages/airflow/example_dags/example_task_group_decorator.py
[2025-01-24T23:58:24.067+0000] {processor.py:914} INFO - Processing file /home/airflow/.local/lib/python3.12/site-packages/airflow/example_dags/example_task_group_decorator.py for tasks to queue
[2025-01-24T23:58:24.070+0000] {logging_mixin.py:190} INFO - [2025-01-24T23:58:24.070+0000] {dagbag.py:587} INFO - Filling up the DagBag from /home/airflow/.local/lib/python3.12/site-packages/airflow/example_dags/example_task_group_decorator.py
[2025-01-24T23:58:24.096+0000] {processor.py:925} INFO - DAG(s) 'example_task_group_decorator' retrieved from /home/airflow/.local/lib/python3.12/site-packages/airflow/example_dags/example_task_group_decorator.py
[2025-01-24T23:58:24.133+0000] {logging_mixin.py:190} INFO - [2025-01-24T23:58:24.133+0000] {dag.py:3211} INFO - Sync 1 DAGs
[2025-01-24T23:58:24.163+0000] {logging_mixin.py:190} INFO - [2025-01-24T23:58:24.163+0000] {dag.py:4138} INFO - Setting next_dagrun for example_task_group_decorator to 2025-01-23 00:00:00+00:00, run_after=2025-01-24 00:00:00+00:00
[2025-01-24T23:58:24.184+0000] {processor.py:208} INFO - Processing /home/airflow/.local/lib/python3.12/site-packages/airflow/example_dags/example_task_group_decorator.py took 0.127 seconds
[2025-01-24T23:58:54.818+0000] {processor.py:186} INFO - Started process (PID=224) to work on /home/airflow/.local/lib/python3.12/site-packages/airflow/example_dags/example_task_group_decorator.py
[2025-01-24T23:58:54.819+0000] {processor.py:914} INFO - Processing file /home/airflow/.local/lib/python3.12/site-packages/airflow/example_dags/example_task_group_decorator.py for tasks to queue
[2025-01-24T23:58:54.823+0000] {logging_mixin.py:190} INFO - [2025-01-24T23:58:54.823+0000] {dagbag.py:587} INFO - Filling up the DagBag from /home/airflow/.local/lib/python3.12/site-packages/airflow/example_dags/example_task_group_decorator.py
[2025-01-24T23:58:54.854+0000] {processor.py:925} INFO - DAG(s) 'example_task_group_decorator' retrieved from /home/airflow/.local/lib/python3.12/site-packages/airflow/example_dags/example_task_group_decorator.py
[2025-01-24T23:58:54.893+0000] {logging_mixin.py:190} INFO - [2025-01-24T23:58:54.893+0000] {dag.py:3211} INFO - Sync 1 DAGs
[2025-01-24T23:58:54.947+0000] {logging_mixin.py:190} INFO - [2025-01-24T23:58:54.947+0000] {dag.py:4138} INFO - Setting next_dagrun for example_task_group_decorator to 2025-01-23 00:00:00+00:00, run_after=2025-01-24 00:00:00+00:00
[2025-01-24T23:58:54.995+0000] {processor.py:208} INFO - Processing /home/airflow/.local/lib/python3.12/site-packages/airflow/example_dags/example_task_group_decorator.py took 0.189 seconds
