[2025-01-24T23:57:46.609+0000] {processor.py:186} INFO - Started process (PID=79) to work on /home/airflow/.local/lib/python3.12/site-packages/airflow/example_dags/example_trigger_target_dag.py
[2025-01-24T23:57:46.611+0000] {processor.py:914} INFO - Processing file /home/airflow/.local/lib/python3.12/site-packages/airflow/example_dags/example_trigger_target_dag.py for tasks to queue
[2025-01-24T23:57:46.614+0000] {logging_mixin.py:190} INFO - [2025-01-24T23:57:46.614+0000] {dagbag.py:587} INFO - Filling up the DagBag from /home/airflow/.local/lib/python3.12/site-packages/airflow/example_dags/example_trigger_target_dag.py
[2025-01-24T23:57:46.631+0000] {processor.py:925} INFO - DAG(s) 'example_trigger_target_dag' retrieved from /home/airflow/.local/lib/python3.12/site-packages/airflow/example_dags/example_trigger_target_dag.py
[2025-01-24T23:57:46.916+0000] {logging_mixin.py:190} INFO - [2025-01-24T23:57:46.915+0000] {override.py:1858} INFO - Created Permission View: can delete on DAG:example_trigger_target_dag
[2025-01-24T23:57:46.938+0000] {logging_mixin.py:190} INFO - [2025-01-24T23:57:46.937+0000] {override.py:1858} INFO - Created Permission View: can edit on DAG:example_trigger_target_dag
[2025-01-24T23:57:46.957+0000] {logging_mixin.py:190} INFO - [2025-01-24T23:57:46.957+0000] {override.py:1858} INFO - Created Permission View: can read on DAG:example_trigger_target_dag
[2025-01-24T23:57:46.959+0000] {logging_mixin.py:190} INFO - [2025-01-24T23:57:46.958+0000] {dag.py:3211} INFO - Sync 1 DAGs
[2025-01-24T23:57:46.988+0000] {logging_mixin.py:190} INFO - [2025-01-24T23:57:46.988+0000] {dag.py:3234} INFO - Creating ORM DAG for example_trigger_target_dag
[2025-01-24T23:57:46.991+0000] {logging_mixin.py:190} INFO - [2025-01-24T23:57:46.991+0000] {dag.py:4138} INFO - Setting next_dagrun for example_trigger_target_dag to None, run_after=None
[2025-01-24T23:57:47.020+0000] {processor.py:208} INFO - Processing /home/airflow/.local/lib/python3.12/site-packages/airflow/example_dags/example_trigger_target_dag.py took 0.422 seconds
[2025-01-24T23:58:18.277+0000] {processor.py:186} INFO - Started process (PID=141) to work on /home/airflow/.local/lib/python3.12/site-packages/airflow/example_dags/example_trigger_target_dag.py
[2025-01-24T23:58:18.282+0000] {processor.py:914} INFO - Processing file /home/airflow/.local/lib/python3.12/site-packages/airflow/example_dags/example_trigger_target_dag.py for tasks to queue
[2025-01-24T23:58:18.290+0000] {logging_mixin.py:190} INFO - [2025-01-24T23:58:18.289+0000] {dagbag.py:587} INFO - Filling up the DagBag from /home/airflow/.local/lib/python3.12/site-packages/airflow/example_dags/example_trigger_target_dag.py
[2025-01-24T23:58:18.313+0000] {processor.py:925} INFO - DAG(s) 'example_trigger_target_dag' retrieved from /home/airflow/.local/lib/python3.12/site-packages/airflow/example_dags/example_trigger_target_dag.py
[2025-01-24T23:58:18.360+0000] {logging_mixin.py:190} INFO - [2025-01-24T23:58:18.360+0000] {dag.py:3211} INFO - Sync 1 DAGs
[2025-01-24T23:58:18.390+0000] {logging_mixin.py:190} INFO - [2025-01-24T23:58:18.390+0000] {dag.py:4138} INFO - Setting next_dagrun for example_trigger_target_dag to None, run_after=None
[2025-01-24T23:58:18.432+0000] {processor.py:208} INFO - Processing /home/airflow/.local/lib/python3.12/site-packages/airflow/example_dags/example_trigger_target_dag.py took 0.171 seconds
[2025-01-24T23:58:49.726+0000] {processor.py:186} INFO - Started process (PID=204) to work on /home/airflow/.local/lib/python3.12/site-packages/airflow/example_dags/example_trigger_target_dag.py
[2025-01-24T23:58:49.727+0000] {processor.py:914} INFO - Processing file /home/airflow/.local/lib/python3.12/site-packages/airflow/example_dags/example_trigger_target_dag.py for tasks to queue
[2025-01-24T23:58:49.729+0000] {logging_mixin.py:190} INFO - [2025-01-24T23:58:49.729+0000] {dagbag.py:587} INFO - Filling up the DagBag from /home/airflow/.local/lib/python3.12/site-packages/airflow/example_dags/example_trigger_target_dag.py
[2025-01-24T23:58:49.736+0000] {processor.py:925} INFO - DAG(s) 'example_trigger_target_dag' retrieved from /home/airflow/.local/lib/python3.12/site-packages/airflow/example_dags/example_trigger_target_dag.py
[2025-01-24T23:58:49.762+0000] {logging_mixin.py:190} INFO - [2025-01-24T23:58:49.762+0000] {dag.py:3211} INFO - Sync 1 DAGs
[2025-01-24T23:58:49.794+0000] {logging_mixin.py:190} INFO - [2025-01-24T23:58:49.794+0000] {dag.py:4138} INFO - Setting next_dagrun for example_trigger_target_dag to None, run_after=None
[2025-01-24T23:58:49.815+0000] {processor.py:208} INFO - Processing /home/airflow/.local/lib/python3.12/site-packages/airflow/example_dags/example_trigger_target_dag.py took 0.095 seconds
