[2025-01-24T23:57:57.180+0000] {processor.py:186} INFO - Started process (PID=117) to work on /home/airflow/.local/lib/python3.12/site-packages/airflow/example_dags/example_local_kubernetes_executor.py
[2025-01-24T23:57:57.184+0000] {processor.py:914} INFO - Processing file /home/airflow/.local/lib/python3.12/site-packages/airflow/example_dags/example_local_kubernetes_executor.py for tasks to queue
[2025-01-24T23:57:57.187+0000] {logging_mixin.py:190} INFO - [2025-01-24T23:57:57.187+0000] {dagbag.py:587} INFO - Filling up the DagBag from /home/airflow/.local/lib/python3.12/site-packages/airflow/example_dags/example_local_kubernetes_executor.py
[2025-01-24T23:57:57.206+0000] {processor.py:925} INFO - DAG(s) 'example_local_kubernetes_executor' retrieved from /home/airflow/.local/lib/python3.12/site-packages/airflow/example_dags/example_local_kubernetes_executor.py
[2025-01-24T23:57:57.474+0000] {logging_mixin.py:190} INFO - [2025-01-24T23:57:57.473+0000] {override.py:1858} INFO - Created Permission View: can delete on DAG:example_local_kubernetes_executor
[2025-01-24T23:57:57.489+0000] {logging_mixin.py:190} INFO - [2025-01-24T23:57:57.489+0000] {override.py:1858} INFO - Created Permission View: can edit on DAG:example_local_kubernetes_executor
[2025-01-24T23:57:57.500+0000] {logging_mixin.py:190} INFO - [2025-01-24T23:57:57.499+0000] {override.py:1858} INFO - Created Permission View: can read on DAG:example_local_kubernetes_executor
[2025-01-24T23:57:57.501+0000] {logging_mixin.py:190} INFO - [2025-01-24T23:57:57.501+0000] {dag.py:3211} INFO - Sync 1 DAGs
[2025-01-24T23:57:57.529+0000] {logging_mixin.py:190} INFO - [2025-01-24T23:57:57.528+0000] {dag.py:3234} INFO - Creating ORM DAG for example_local_kubernetes_executor
[2025-01-24T23:57:57.530+0000] {logging_mixin.py:190} INFO - [2025-01-24T23:57:57.530+0000] {dag.py:4138} INFO - Setting next_dagrun for example_local_kubernetes_executor to None, run_after=None
[2025-01-24T23:57:57.561+0000] {processor.py:208} INFO - Processing /home/airflow/.local/lib/python3.12/site-packages/airflow/example_dags/example_local_kubernetes_executor.py took 0.392 seconds
[2025-01-24T23:58:27.963+0000] {processor.py:186} INFO - Started process (PID=174) to work on /home/airflow/.local/lib/python3.12/site-packages/airflow/example_dags/example_local_kubernetes_executor.py
[2025-01-24T23:58:27.978+0000] {processor.py:914} INFO - Processing file /home/airflow/.local/lib/python3.12/site-packages/airflow/example_dags/example_local_kubernetes_executor.py for tasks to queue
[2025-01-24T23:58:27.982+0000] {logging_mixin.py:190} INFO - [2025-01-24T23:58:27.981+0000] {dagbag.py:587} INFO - Filling up the DagBag from /home/airflow/.local/lib/python3.12/site-packages/airflow/example_dags/example_local_kubernetes_executor.py
[2025-01-24T23:58:28.006+0000] {processor.py:925} INFO - DAG(s) 'example_local_kubernetes_executor' retrieved from /home/airflow/.local/lib/python3.12/site-packages/airflow/example_dags/example_local_kubernetes_executor.py
[2025-01-24T23:58:28.081+0000] {logging_mixin.py:190} INFO - [2025-01-24T23:58:28.081+0000] {dag.py:3211} INFO - Sync 1 DAGs
[2025-01-24T23:58:28.115+0000] {logging_mixin.py:190} INFO - [2025-01-24T23:58:28.115+0000] {dag.py:4138} INFO - Setting next_dagrun for example_local_kubernetes_executor to None, run_after=None
[2025-01-24T23:58:28.154+0000] {processor.py:208} INFO - Processing /home/airflow/.local/lib/python3.12/site-packages/airflow/example_dags/example_local_kubernetes_executor.py took 0.204 seconds
[2025-01-24T23:58:59.949+0000] {processor.py:186} INFO - Started process (PID=237) to work on /home/airflow/.local/lib/python3.12/site-packages/airflow/example_dags/example_local_kubernetes_executor.py
[2025-01-24T23:58:59.951+0000] {processor.py:914} INFO - Processing file /home/airflow/.local/lib/python3.12/site-packages/airflow/example_dags/example_local_kubernetes_executor.py for tasks to queue
[2025-01-24T23:58:59.963+0000] {logging_mixin.py:190} INFO - [2025-01-24T23:58:59.962+0000] {dagbag.py:587} INFO - Filling up the DagBag from /home/airflow/.local/lib/python3.12/site-packages/airflow/example_dags/example_local_kubernetes_executor.py
[2025-01-24T23:59:00.010+0000] {processor.py:925} INFO - DAG(s) 'example_local_kubernetes_executor' retrieved from /home/airflow/.local/lib/python3.12/site-packages/airflow/example_dags/example_local_kubernetes_executor.py
[2025-01-24T23:59:00.151+0000] {logging_mixin.py:190} INFO - [2025-01-24T23:59:00.144+0000] {dag.py:3211} INFO - Sync 1 DAGs
[2025-01-24T23:59:00.253+0000] {logging_mixin.py:190} INFO - [2025-01-24T23:59:00.253+0000] {dag.py:4138} INFO - Setting next_dagrun for example_local_kubernetes_executor to None, run_after=None
[2025-01-24T23:59:00.366+0000] {processor.py:208} INFO - Processing /home/airflow/.local/lib/python3.12/site-packages/airflow/example_dags/example_local_kubernetes_executor.py took 0.435 seconds
