[2025-01-24T23:57:47.609+0000] {processor.py:186} INFO - Started process (PID=84) to work on /home/airflow/.local/lib/python3.12/site-packages/airflow/example_dags/example_branch_python_dop_operator_3.py
[2025-01-24T23:57:47.611+0000] {processor.py:914} INFO - Processing file /home/airflow/.local/lib/python3.12/site-packages/airflow/example_dags/example_branch_python_dop_operator_3.py for tasks to queue
[2025-01-24T23:57:47.615+0000] {logging_mixin.py:190} INFO - [2025-01-24T23:57:47.615+0000] {dagbag.py:587} INFO - Filling up the DagBag from /home/airflow/.local/lib/python3.12/site-packages/airflow/example_dags/example_branch_python_dop_operator_3.py
[2025-01-24T23:57:47.634+0000] {processor.py:925} INFO - DAG(s) 'example_branch_dop_operator_v3' retrieved from /home/airflow/.local/lib/python3.12/site-packages/airflow/example_dags/example_branch_python_dop_operator_3.py
[2025-01-24T23:57:47.868+0000] {logging_mixin.py:190} INFO - [2025-01-24T23:57:47.867+0000] {override.py:1858} INFO - Created Permission View: can delete on DAG:example_branch_dop_operator_v3
[2025-01-24T23:57:47.889+0000] {logging_mixin.py:190} INFO - [2025-01-24T23:57:47.888+0000] {override.py:1858} INFO - Created Permission View: can edit on DAG:example_branch_dop_operator_v3
[2025-01-24T23:57:47.904+0000] {logging_mixin.py:190} INFO - [2025-01-24T23:57:47.904+0000] {override.py:1858} INFO - Created Permission View: can read on DAG:example_branch_dop_operator_v3
[2025-01-24T23:57:47.905+0000] {logging_mixin.py:190} INFO - [2025-01-24T23:57:47.905+0000] {dag.py:3211} INFO - Sync 1 DAGs
[2025-01-24T23:57:47.927+0000] {logging_mixin.py:190} INFO - [2025-01-24T23:57:47.926+0000] {dag.py:3234} INFO - Creating ORM DAG for example_branch_dop_operator_v3
[2025-01-24T23:57:47.946+0000] {logging_mixin.py:190} INFO - [2025-01-24T23:57:47.945+0000] {dag.py:4138} INFO - Setting next_dagrun for example_branch_dop_operator_v3 to 2025-01-24 23:56:00+00:00, run_after=2025-01-24 23:57:00+00:00
[2025-01-24T23:57:47.969+0000] {processor.py:208} INFO - Processing /home/airflow/.local/lib/python3.12/site-packages/airflow/example_dags/example_branch_python_dop_operator_3.py took 0.370 seconds
[2025-01-24T23:58:18.999+0000] {processor.py:186} INFO - Started process (PID=146) to work on /home/airflow/.local/lib/python3.12/site-packages/airflow/example_dags/example_branch_python_dop_operator_3.py
[2025-01-24T23:58:19.001+0000] {processor.py:914} INFO - Processing file /home/airflow/.local/lib/python3.12/site-packages/airflow/example_dags/example_branch_python_dop_operator_3.py for tasks to queue
[2025-01-24T23:58:19.007+0000] {logging_mixin.py:190} INFO - [2025-01-24T23:58:19.007+0000] {dagbag.py:587} INFO - Filling up the DagBag from /home/airflow/.local/lib/python3.12/site-packages/airflow/example_dags/example_branch_python_dop_operator_3.py
[2025-01-24T23:58:19.034+0000] {processor.py:925} INFO - DAG(s) 'example_branch_dop_operator_v3' retrieved from /home/airflow/.local/lib/python3.12/site-packages/airflow/example_dags/example_branch_python_dop_operator_3.py
[2025-01-24T23:58:19.094+0000] {logging_mixin.py:190} INFO - [2025-01-24T23:58:19.094+0000] {dag.py:3211} INFO - Sync 1 DAGs
[2025-01-24T23:58:19.167+0000] {logging_mixin.py:190} INFO - [2025-01-24T23:58:19.167+0000] {dag.py:4138} INFO - Setting next_dagrun for example_branch_dop_operator_v3 to 2025-01-24 23:57:00+00:00, run_after=2025-01-24 23:58:00+00:00
[2025-01-24T23:58:19.222+0000] {processor.py:208} INFO - Processing /home/airflow/.local/lib/python3.12/site-packages/airflow/example_dags/example_branch_python_dop_operator_3.py took 0.235 seconds
[2025-01-24T23:58:50.087+0000] {processor.py:186} INFO - Started process (PID=209) to work on /home/airflow/.local/lib/python3.12/site-packages/airflow/example_dags/example_branch_python_dop_operator_3.py
[2025-01-24T23:58:50.088+0000] {processor.py:914} INFO - Processing file /home/airflow/.local/lib/python3.12/site-packages/airflow/example_dags/example_branch_python_dop_operator_3.py for tasks to queue
[2025-01-24T23:58:50.091+0000] {logging_mixin.py:190} INFO - [2025-01-24T23:58:50.091+0000] {dagbag.py:587} INFO - Filling up the DagBag from /home/airflow/.local/lib/python3.12/site-packages/airflow/example_dags/example_branch_python_dop_operator_3.py
[2025-01-24T23:58:50.103+0000] {processor.py:925} INFO - DAG(s) 'example_branch_dop_operator_v3' retrieved from /home/airflow/.local/lib/python3.12/site-packages/airflow/example_dags/example_branch_python_dop_operator_3.py
[2025-01-24T23:58:50.126+0000] {logging_mixin.py:190} INFO - [2025-01-24T23:58:50.126+0000] {dag.py:3211} INFO - Sync 1 DAGs
[2025-01-24T23:58:50.154+0000] {logging_mixin.py:190} INFO - [2025-01-24T23:58:50.154+0000] {dag.py:4138} INFO - Setting next_dagrun for example_branch_dop_operator_v3 to 2025-01-24 23:57:00+00:00, run_after=2025-01-24 23:58:00+00:00
[2025-01-24T23:58:50.173+0000] {processor.py:208} INFO - Processing /home/airflow/.local/lib/python3.12/site-packages/airflow/example_dags/example_branch_python_dop_operator_3.py took 0.096 seconds
