[2025-01-24T23:57:48.842+0000] {processor.py:186} INFO - Started process (PID=88) to work on /home/airflow/.local/lib/python3.12/site-packages/airflow/example_dags/example_dataset_alias_with_no_taskflow.py
[2025-01-24T23:57:48.844+0000] {processor.py:914} INFO - Processing file /home/airflow/.local/lib/python3.12/site-packages/airflow/example_dags/example_dataset_alias_with_no_taskflow.py for tasks to queue
[2025-01-24T23:57:48.847+0000] {logging_mixin.py:190} INFO - [2025-01-24T23:57:48.847+0000] {dagbag.py:587} INFO - Filling up the DagBag from /home/airflow/.local/lib/python3.12/site-packages/airflow/example_dags/example_dataset_alias_with_no_taskflow.py
[2025-01-24T23:57:49.225+0000] {processor.py:925} INFO - DAG(s) 'dataset_s3_bucket_producer_with_no_taskflow', 'dataset_alias_example_alias_producer_with_no_taskflow', 'dataset_s3_bucket_consumer_with_no_taskflow', 'dataset_alias_example_alias_consumer_with_no_taskflow' retrieved from /home/airflow/.local/lib/python3.12/site-packages/airflow/example_dags/example_dataset_alias_with_no_taskflow.py
[2025-01-24T23:57:49.374+0000] {logging_mixin.py:190} INFO - [2025-01-24T23:57:49.373+0000] {override.py:1858} INFO - Created Permission View: can delete on DAG:dataset_s3_bucket_producer_with_no_taskflow
[2025-01-24T23:57:49.395+0000] {logging_mixin.py:190} INFO - [2025-01-24T23:57:49.394+0000] {override.py:1858} INFO - Created Permission View: can edit on DAG:dataset_s3_bucket_producer_with_no_taskflow
[2025-01-24T23:57:49.404+0000] {logging_mixin.py:190} INFO - [2025-01-24T23:57:49.404+0000] {override.py:1858} INFO - Created Permission View: can read on DAG:dataset_s3_bucket_producer_with_no_taskflow
[2025-01-24T23:57:49.427+0000] {logging_mixin.py:190} INFO - [2025-01-24T23:57:49.426+0000] {override.py:1858} INFO - Created Permission View: can delete on DAG:dataset_alias_example_alias_producer_with_no_taskflow
[2025-01-24T23:57:49.437+0000] {logging_mixin.py:190} INFO - [2025-01-24T23:57:49.436+0000] {override.py:1858} INFO - Created Permission View: can edit on DAG:dataset_alias_example_alias_producer_with_no_taskflow
[2025-01-24T23:57:49.447+0000] {logging_mixin.py:190} INFO - [2025-01-24T23:57:49.447+0000] {override.py:1858} INFO - Created Permission View: can read on DAG:dataset_alias_example_alias_producer_with_no_taskflow
[2025-01-24T23:57:49.473+0000] {logging_mixin.py:190} INFO - [2025-01-24T23:57:49.472+0000] {override.py:1858} INFO - Created Permission View: can delete on DAG:dataset_s3_bucket_consumer_with_no_taskflow
[2025-01-24T23:57:49.503+0000] {logging_mixin.py:190} INFO - [2025-01-24T23:57:49.502+0000] {override.py:1858} INFO - Created Permission View: can edit on DAG:dataset_s3_bucket_consumer_with_no_taskflow
[2025-01-24T23:57:49.524+0000] {logging_mixin.py:190} INFO - [2025-01-24T23:57:49.522+0000] {override.py:1858} INFO - Created Permission View: can read on DAG:dataset_s3_bucket_consumer_with_no_taskflow
[2025-01-24T23:57:49.579+0000] {logging_mixin.py:190} INFO - [2025-01-24T23:57:49.573+0000] {override.py:1858} INFO - Created Permission View: can delete on DAG:dataset_alias_example_alias_consumer_with_no_taskflow
[2025-01-24T23:57:49.605+0000] {logging_mixin.py:190} INFO - [2025-01-24T23:57:49.604+0000] {override.py:1858} INFO - Created Permission View: can edit on DAG:dataset_alias_example_alias_consumer_with_no_taskflow
[2025-01-24T23:57:49.631+0000] {logging_mixin.py:190} INFO - [2025-01-24T23:57:49.630+0000] {override.py:1858} INFO - Created Permission View: can read on DAG:dataset_alias_example_alias_consumer_with_no_taskflow
[2025-01-24T23:57:49.633+0000] {logging_mixin.py:190} INFO - [2025-01-24T23:57:49.632+0000] {dag.py:3211} INFO - Sync 4 DAGs
[2025-01-24T23:57:49.674+0000] {logging_mixin.py:190} INFO - [2025-01-24T23:57:49.674+0000] {dag.py:3234} INFO - Creating ORM DAG for dataset_s3_bucket_consumer_with_no_taskflow
[2025-01-24T23:57:49.676+0000] {logging_mixin.py:190} INFO - [2025-01-24T23:57:49.676+0000] {dag.py:3234} INFO - Creating ORM DAG for dataset_alias_example_alias_consumer_with_no_taskflow
[2025-01-24T23:57:49.680+0000] {logging_mixin.py:190} INFO - [2025-01-24T23:57:49.679+0000] {dag.py:3234} INFO - Creating ORM DAG for dataset_alias_example_alias_producer_with_no_taskflow
[2025-01-24T23:57:49.683+0000] {logging_mixin.py:190} INFO - [2025-01-24T23:57:49.683+0000] {dag.py:3234} INFO - Creating ORM DAG for dataset_s3_bucket_producer_with_no_taskflow
[2025-01-24T23:57:49.702+0000] {logging_mixin.py:190} INFO - [2025-01-24T23:57:49.702+0000] {dag.py:4138} INFO - Setting next_dagrun for dataset_alias_example_alias_consumer_with_no_taskflow to None, run_after=None
[2025-01-24T23:57:49.704+0000] {logging_mixin.py:190} INFO - [2025-01-24T23:57:49.704+0000] {dag.py:4138} INFO - Setting next_dagrun for dataset_alias_example_alias_producer_with_no_taskflow to None, run_after=None
[2025-01-24T23:57:49.706+0000] {logging_mixin.py:190} INFO - [2025-01-24T23:57:49.705+0000] {dag.py:4138} INFO - Setting next_dagrun for dataset_s3_bucket_consumer_with_no_taskflow to None, run_after=None
[2025-01-24T23:57:49.707+0000] {logging_mixin.py:190} INFO - [2025-01-24T23:57:49.707+0000] {dag.py:4138} INFO - Setting next_dagrun for dataset_s3_bucket_producer_with_no_taskflow to None, run_after=None
[2025-01-24T23:57:49.769+0000] {processor.py:208} INFO - Processing /home/airflow/.local/lib/python3.12/site-packages/airflow/example_dags/example_dataset_alias_with_no_taskflow.py took 0.937 seconds
[2025-01-24T23:58:20.469+0000] {processor.py:186} INFO - Started process (PID=150) to work on /home/airflow/.local/lib/python3.12/site-packages/airflow/example_dags/example_dataset_alias_with_no_taskflow.py
[2025-01-24T23:58:20.471+0000] {processor.py:914} INFO - Processing file /home/airflow/.local/lib/python3.12/site-packages/airflow/example_dags/example_dataset_alias_with_no_taskflow.py for tasks to queue
[2025-01-24T23:58:20.477+0000] {logging_mixin.py:190} INFO - [2025-01-24T23:58:20.476+0000] {dagbag.py:587} INFO - Filling up the DagBag from /home/airflow/.local/lib/python3.12/site-packages/airflow/example_dags/example_dataset_alias_with_no_taskflow.py
[2025-01-24T23:58:20.927+0000] {processor.py:925} INFO - DAG(s) 'dataset_alias_example_alias_consumer_with_no_taskflow', 'dataset_alias_example_alias_producer_with_no_taskflow', 'dataset_s3_bucket_consumer_with_no_taskflow', 'dataset_s3_bucket_producer_with_no_taskflow' retrieved from /home/airflow/.local/lib/python3.12/site-packages/airflow/example_dags/example_dataset_alias_with_no_taskflow.py
[2025-01-24T23:58:20.974+0000] {logging_mixin.py:190} INFO - [2025-01-24T23:58:20.973+0000] {dag.py:3211} INFO - Sync 4 DAGs
[2025-01-24T23:58:21.039+0000] {logging_mixin.py:190} INFO - [2025-01-24T23:58:21.039+0000] {dag.py:4138} INFO - Setting next_dagrun for dataset_alias_example_alias_consumer_with_no_taskflow to None, run_after=None
[2025-01-24T23:58:21.048+0000] {logging_mixin.py:190} INFO - [2025-01-24T23:58:21.047+0000] {dag.py:4138} INFO - Setting next_dagrun for dataset_alias_example_alias_producer_with_no_taskflow to None, run_after=None
[2025-01-24T23:58:21.053+0000] {logging_mixin.py:190} INFO - [2025-01-24T23:58:21.053+0000] {dag.py:4138} INFO - Setting next_dagrun for dataset_s3_bucket_consumer_with_no_taskflow to None, run_after=None
[2025-01-24T23:58:21.063+0000] {logging_mixin.py:190} INFO - [2025-01-24T23:58:21.062+0000] {dag.py:4138} INFO - Setting next_dagrun for dataset_s3_bucket_producer_with_no_taskflow to None, run_after=None
[2025-01-24T23:58:21.131+0000] {processor.py:208} INFO - Processing /home/airflow/.local/lib/python3.12/site-packages/airflow/example_dags/example_dataset_alias_with_no_taskflow.py took 0.680 seconds
[2025-01-24T23:58:51.286+0000] {processor.py:186} INFO - Started process (PID=212) to work on /home/airflow/.local/lib/python3.12/site-packages/airflow/example_dags/example_dataset_alias_with_no_taskflow.py
[2025-01-24T23:58:51.287+0000] {processor.py:914} INFO - Processing file /home/airflow/.local/lib/python3.12/site-packages/airflow/example_dags/example_dataset_alias_with_no_taskflow.py for tasks to queue
[2025-01-24T23:58:51.290+0000] {logging_mixin.py:190} INFO - [2025-01-24T23:58:51.290+0000] {dagbag.py:587} INFO - Filling up the DagBag from /home/airflow/.local/lib/python3.12/site-packages/airflow/example_dags/example_dataset_alias_with_no_taskflow.py
[2025-01-24T23:58:51.541+0000] {processor.py:925} INFO - DAG(s) 'dataset_alias_example_alias_consumer_with_no_taskflow', 'dataset_alias_example_alias_producer_with_no_taskflow', 'dataset_s3_bucket_consumer_with_no_taskflow', 'dataset_s3_bucket_producer_with_no_taskflow' retrieved from /home/airflow/.local/lib/python3.12/site-packages/airflow/example_dags/example_dataset_alias_with_no_taskflow.py
[2025-01-24T23:58:51.586+0000] {logging_mixin.py:190} INFO - [2025-01-24T23:58:51.586+0000] {dag.py:3211} INFO - Sync 4 DAGs
[2025-01-24T23:58:51.623+0000] {logging_mixin.py:190} INFO - [2025-01-24T23:58:51.623+0000] {dag.py:4138} INFO - Setting next_dagrun for dataset_alias_example_alias_consumer_with_no_taskflow to None, run_after=None
[2025-01-24T23:58:51.627+0000] {logging_mixin.py:190} INFO - [2025-01-24T23:58:51.627+0000] {dag.py:4138} INFO - Setting next_dagrun for dataset_alias_example_alias_producer_with_no_taskflow to None, run_after=None
[2025-01-24T23:58:51.629+0000] {logging_mixin.py:190} INFO - [2025-01-24T23:58:51.629+0000] {dag.py:4138} INFO - Setting next_dagrun for dataset_s3_bucket_consumer_with_no_taskflow to None, run_after=None
[2025-01-24T23:58:51.632+0000] {logging_mixin.py:190} INFO - [2025-01-24T23:58:51.631+0000] {dag.py:4138} INFO - Setting next_dagrun for dataset_s3_bucket_producer_with_no_taskflow to None, run_after=None
[2025-01-24T23:58:51.663+0000] {processor.py:208} INFO - Processing /home/airflow/.local/lib/python3.12/site-packages/airflow/example_dags/example_dataset_alias_with_no_taskflow.py took 0.384 seconds
