[2025-01-24T23:57:44.242+0000] {processor.py:186} INFO - Started process (PID=70) to work on /home/airflow/.local/lib/python3.12/site-packages/airflow/example_dags/example_xcomargs.py
[2025-01-24T23:57:44.244+0000] {processor.py:914} INFO - Processing file /home/airflow/.local/lib/python3.12/site-packages/airflow/example_dags/example_xcomargs.py for tasks to queue
[2025-01-24T23:57:44.255+0000] {logging_mixin.py:190} INFO - [2025-01-24T23:57:44.254+0000] {dagbag.py:587} INFO - Filling up the DagBag from /home/airflow/.local/lib/python3.12/site-packages/airflow/example_dags/example_xcomargs.py
[2025-01-24T23:57:44.279+0000] {processor.py:925} INFO - DAG(s) 'example_xcom_args_with_operators', 'example_xcom_args' retrieved from /home/airflow/.local/lib/python3.12/site-packages/airflow/example_dags/example_xcomargs.py
[2025-01-24T23:57:44.550+0000] {logging_mixin.py:190} INFO - [2025-01-24T23:57:44.549+0000] {override.py:1858} INFO - Created Permission View: can delete on DAG:example_xcom_args_with_operators
[2025-01-24T23:57:44.583+0000] {logging_mixin.py:190} INFO - [2025-01-24T23:57:44.583+0000] {override.py:1858} INFO - Created Permission View: can edit on DAG:example_xcom_args_with_operators
[2025-01-24T23:57:44.609+0000] {logging_mixin.py:190} INFO - [2025-01-24T23:57:44.604+0000] {override.py:1858} INFO - Created Permission View: can read on DAG:example_xcom_args_with_operators
[2025-01-24T23:57:44.643+0000] {logging_mixin.py:190} INFO - [2025-01-24T23:57:44.643+0000] {override.py:1858} INFO - Created Permission View: can delete on DAG:example_xcom_args
[2025-01-24T23:57:44.658+0000] {logging_mixin.py:190} INFO - [2025-01-24T23:57:44.657+0000] {override.py:1858} INFO - Created Permission View: can edit on DAG:example_xcom_args
[2025-01-24T23:57:44.671+0000] {logging_mixin.py:190} INFO - [2025-01-24T23:57:44.670+0000] {override.py:1858} INFO - Created Permission View: can read on DAG:example_xcom_args
[2025-01-24T23:57:44.672+0000] {logging_mixin.py:190} INFO - [2025-01-24T23:57:44.672+0000] {dag.py:3211} INFO - Sync 2 DAGs
[2025-01-24T23:57:44.701+0000] {logging_mixin.py:190} INFO - [2025-01-24T23:57:44.701+0000] {dag.py:3234} INFO - Creating ORM DAG for example_xcom_args_with_operators
[2025-01-24T23:57:44.703+0000] {logging_mixin.py:190} INFO - [2025-01-24T23:57:44.703+0000] {dag.py:3234} INFO - Creating ORM DAG for example_xcom_args
[2025-01-24T23:57:44.705+0000] {logging_mixin.py:190} INFO - [2025-01-24T23:57:44.705+0000] {dag.py:4138} INFO - Setting next_dagrun for example_xcom_args to None, run_after=None
[2025-01-24T23:57:44.707+0000] {logging_mixin.py:190} INFO - [2025-01-24T23:57:44.707+0000] {dag.py:4138} INFO - Setting next_dagrun for example_xcom_args_with_operators to None, run_after=None
[2025-01-24T23:57:44.752+0000] {processor.py:208} INFO - Processing /home/airflow/.local/lib/python3.12/site-packages/airflow/example_dags/example_xcomargs.py took 0.526 seconds
[2025-01-24T23:58:16.751+0000] {processor.py:186} INFO - Started process (PID=132) to work on /home/airflow/.local/lib/python3.12/site-packages/airflow/example_dags/example_xcomargs.py
[2025-01-24T23:58:16.755+0000] {processor.py:914} INFO - Processing file /home/airflow/.local/lib/python3.12/site-packages/airflow/example_dags/example_xcomargs.py for tasks to queue
[2025-01-24T23:58:16.769+0000] {logging_mixin.py:190} INFO - [2025-01-24T23:58:16.768+0000] {dagbag.py:587} INFO - Filling up the DagBag from /home/airflow/.local/lib/python3.12/site-packages/airflow/example_dags/example_xcomargs.py
[2025-01-24T23:58:16.813+0000] {processor.py:925} INFO - DAG(s) 'example_xcom_args', 'example_xcom_args_with_operators' retrieved from /home/airflow/.local/lib/python3.12/site-packages/airflow/example_dags/example_xcomargs.py
[2025-01-24T23:58:16.941+0000] {logging_mixin.py:190} INFO - [2025-01-24T23:58:16.941+0000] {dag.py:3211} INFO - Sync 2 DAGs
[2025-01-24T23:58:17.044+0000] {logging_mixin.py:190} INFO - [2025-01-24T23:58:17.043+0000] {dag.py:4138} INFO - Setting next_dagrun for example_xcom_args to None, run_after=None
[2025-01-24T23:58:17.061+0000] {logging_mixin.py:190} INFO - [2025-01-24T23:58:17.060+0000] {dag.py:4138} INFO - Setting next_dagrun for example_xcom_args_with_operators to None, run_after=None
[2025-01-24T23:58:17.126+0000] {processor.py:208} INFO - Processing /home/airflow/.local/lib/python3.12/site-packages/airflow/example_dags/example_xcomargs.py took 0.405 seconds
[2025-01-24T23:58:49.168+0000] {processor.py:186} INFO - Started process (PID=195) to work on /home/airflow/.local/lib/python3.12/site-packages/airflow/example_dags/example_xcomargs.py
[2025-01-24T23:58:49.169+0000] {processor.py:914} INFO - Processing file /home/airflow/.local/lib/python3.12/site-packages/airflow/example_dags/example_xcomargs.py for tasks to queue
[2025-01-24T23:58:49.172+0000] {logging_mixin.py:190} INFO - [2025-01-24T23:58:49.171+0000] {dagbag.py:587} INFO - Filling up the DagBag from /home/airflow/.local/lib/python3.12/site-packages/airflow/example_dags/example_xcomargs.py
[2025-01-24T23:58:49.182+0000] {processor.py:925} INFO - DAG(s) 'example_xcom_args_with_operators', 'example_xcom_args' retrieved from /home/airflow/.local/lib/python3.12/site-packages/airflow/example_dags/example_xcomargs.py
[2025-01-24T23:58:49.220+0000] {logging_mixin.py:190} INFO - [2025-01-24T23:58:49.220+0000] {dag.py:3211} INFO - Sync 2 DAGs
[2025-01-24T23:58:49.238+0000] {logging_mixin.py:190} INFO - [2025-01-24T23:58:49.238+0000] {dag.py:4138} INFO - Setting next_dagrun for example_xcom_args to None, run_after=None
[2025-01-24T23:58:49.242+0000] {logging_mixin.py:190} INFO - [2025-01-24T23:58:49.242+0000] {dag.py:4138} INFO - Setting next_dagrun for example_xcom_args_with_operators to None, run_after=None
[2025-01-24T23:58:49.258+0000] {processor.py:208} INFO - Processing /home/airflow/.local/lib/python3.12/site-packages/airflow/example_dags/example_xcomargs.py took 0.097 seconds
[2025-01-24T23:59:22.644+0000] {processor.py:186} INFO - Started process (PID=258) to work on /home/airflow/.local/lib/python3.12/site-packages/airflow/example_dags/example_xcomargs.py
[2025-01-24T23:59:22.646+0000] {processor.py:914} INFO - Processing file /home/airflow/.local/lib/python3.12/site-packages/airflow/example_dags/example_xcomargs.py for tasks to queue
[2025-01-24T23:59:22.650+0000] {logging_mixin.py:190} INFO - [2025-01-24T23:59:22.650+0000] {dagbag.py:587} INFO - Filling up the DagBag from /home/airflow/.local/lib/python3.12/site-packages/airflow/example_dags/example_xcomargs.py
[2025-01-24T23:59:22.663+0000] {processor.py:925} INFO - DAG(s) 'example_xcom_args_with_operators', 'example_xcom_args' retrieved from /home/airflow/.local/lib/python3.12/site-packages/airflow/example_dags/example_xcomargs.py
[2025-01-24T23:59:22.693+0000] {logging_mixin.py:190} INFO - [2025-01-24T23:59:22.692+0000] {dag.py:3211} INFO - Sync 2 DAGs
[2025-01-24T23:59:22.713+0000] {logging_mixin.py:190} INFO - [2025-01-24T23:59:22.713+0000] {dag.py:4138} INFO - Setting next_dagrun for example_xcom_args to None, run_after=None
[2025-01-24T23:59:22.719+0000] {logging_mixin.py:190} INFO - [2025-01-24T23:59:22.718+0000] {dag.py:4138} INFO - Setting next_dagrun for example_xcom_args_with_operators to None, run_after=None
[2025-01-24T23:59:22.743+0000] {processor.py:208} INFO - Processing /home/airflow/.local/lib/python3.12/site-packages/airflow/example_dags/example_xcomargs.py took 0.106 seconds
