[2025-01-24T23:57:45.444+0000] {processor.py:186} INFO - Started process (PID=74) to work on /home/airflow/.local/lib/python3.12/site-packages/airflow/example_dags/tutorial_dag.py
[2025-01-24T23:57:45.446+0000] {processor.py:914} INFO - Processing file /home/airflow/.local/lib/python3.12/site-packages/airflow/example_dags/tutorial_dag.py for tasks to queue
[2025-01-24T23:57:45.451+0000] {logging_mixin.py:190} INFO - [2025-01-24T23:57:45.450+0000] {dagbag.py:587} INFO - Filling up the DagBag from /home/airflow/.local/lib/python3.12/site-packages/airflow/example_dags/tutorial_dag.py
[2025-01-24T23:57:45.467+0000] {processor.py:925} INFO - DAG(s) 'tutorial_dag' retrieved from /home/airflow/.local/lib/python3.12/site-packages/airflow/example_dags/tutorial_dag.py
[2025-01-24T23:57:45.711+0000] {logging_mixin.py:190} INFO - [2025-01-24T23:57:45.710+0000] {override.py:1858} INFO - Created Permission View: can delete on DAG:tutorial_dag
[2025-01-24T23:57:45.725+0000] {logging_mixin.py:190} INFO - [2025-01-24T23:57:45.724+0000] {override.py:1858} INFO - Created Permission View: can edit on DAG:tutorial_dag
[2025-01-24T23:57:45.734+0000] {logging_mixin.py:190} INFO - [2025-01-24T23:57:45.734+0000] {override.py:1858} INFO - Created Permission View: can read on DAG:tutorial_dag
[2025-01-24T23:57:45.735+0000] {logging_mixin.py:190} INFO - [2025-01-24T23:57:45.735+0000] {dag.py:3211} INFO - Sync 1 DAGs
[2025-01-24T23:57:45.758+0000] {logging_mixin.py:190} INFO - [2025-01-24T23:57:45.758+0000] {dag.py:3234} INFO - Creating ORM DAG for tutorial_dag
[2025-01-24T23:57:45.761+0000] {logging_mixin.py:190} INFO - [2025-01-24T23:57:45.760+0000] {dag.py:4138} INFO - Setting next_dagrun for tutorial_dag to None, run_after=None
[2025-01-24T23:57:45.795+0000] {processor.py:208} INFO - Processing /home/airflow/.local/lib/python3.12/site-packages/airflow/example_dags/tutorial_dag.py took 0.363 seconds
[2025-01-24T23:58:17.647+0000] {processor.py:186} INFO - Started process (PID=136) to work on /home/airflow/.local/lib/python3.12/site-packages/airflow/example_dags/tutorial_dag.py
[2025-01-24T23:58:17.649+0000] {processor.py:914} INFO - Processing file /home/airflow/.local/lib/python3.12/site-packages/airflow/example_dags/tutorial_dag.py for tasks to queue
[2025-01-24T23:58:17.655+0000] {logging_mixin.py:190} INFO - [2025-01-24T23:58:17.654+0000] {dagbag.py:587} INFO - Filling up the DagBag from /home/airflow/.local/lib/python3.12/site-packages/airflow/example_dags/tutorial_dag.py
[2025-01-24T23:58:17.673+0000] {processor.py:925} INFO - DAG(s) 'tutorial_dag' retrieved from /home/airflow/.local/lib/python3.12/site-packages/airflow/example_dags/tutorial_dag.py
[2025-01-24T23:58:17.719+0000] {logging_mixin.py:190} INFO - [2025-01-24T23:58:17.718+0000] {dag.py:3211} INFO - Sync 1 DAGs
[2025-01-24T23:58:17.759+0000] {logging_mixin.py:190} INFO - [2025-01-24T23:58:17.758+0000] {dag.py:4138} INFO - Setting next_dagrun for tutorial_dag to None, run_after=None
[2025-01-24T23:58:17.803+0000] {processor.py:208} INFO - Processing /home/airflow/.local/lib/python3.12/site-packages/airflow/example_dags/tutorial_dag.py took 0.164 seconds
[2025-01-24T23:58:49.454+0000] {processor.py:186} INFO - Started process (PID=199) to work on /home/airflow/.local/lib/python3.12/site-packages/airflow/example_dags/tutorial_dag.py
[2025-01-24T23:58:49.455+0000] {processor.py:914} INFO - Processing file /home/airflow/.local/lib/python3.12/site-packages/airflow/example_dags/tutorial_dag.py for tasks to queue
[2025-01-24T23:58:49.458+0000] {logging_mixin.py:190} INFO - [2025-01-24T23:58:49.457+0000] {dagbag.py:587} INFO - Filling up the DagBag from /home/airflow/.local/lib/python3.12/site-packages/airflow/example_dags/tutorial_dag.py
[2025-01-24T23:58:49.465+0000] {processor.py:925} INFO - DAG(s) 'tutorial_dag' retrieved from /home/airflow/.local/lib/python3.12/site-packages/airflow/example_dags/tutorial_dag.py
[2025-01-24T23:58:49.488+0000] {logging_mixin.py:190} INFO - [2025-01-24T23:58:49.488+0000] {dag.py:3211} INFO - Sync 1 DAGs
[2025-01-24T23:58:49.508+0000] {logging_mixin.py:190} INFO - [2025-01-24T23:58:49.508+0000] {dag.py:4138} INFO - Setting next_dagrun for tutorial_dag to None, run_after=None
[2025-01-24T23:58:49.528+0000] {processor.py:208} INFO - Processing /home/airflow/.local/lib/python3.12/site-packages/airflow/example_dags/tutorial_dag.py took 0.082 seconds
[2025-01-24T23:59:23.283+0000] {processor.py:186} INFO - Started process (PID=262) to work on /home/airflow/.local/lib/python3.12/site-packages/airflow/example_dags/tutorial_dag.py
[2025-01-24T23:59:23.293+0000] {processor.py:914} INFO - Processing file /home/airflow/.local/lib/python3.12/site-packages/airflow/example_dags/tutorial_dag.py for tasks to queue
[2025-01-24T23:59:23.432+0000] {logging_mixin.py:190} INFO - [2025-01-24T23:59:23.411+0000] {dagbag.py:587} INFO - Filling up the DagBag from /home/airflow/.local/lib/python3.12/site-packages/airflow/example_dags/tutorial_dag.py
[2025-01-24T23:59:23.784+0000] {processor.py:925} INFO - DAG(s) 'tutorial_dag' retrieved from /home/airflow/.local/lib/python3.12/site-packages/airflow/example_dags/tutorial_dag.py
[2025-01-24T23:59:31.545+0000] {logging_mixin.py:190} INFO - [2025-01-24T23:59:31.533+0000] {process_utils.py:266} INFO - Waiting up to 5 seconds for processes to exit...
