[2025-01-24T23:57:51.798+0000] {processor.py:186} INFO - Started process (PID=93) to work on /home/airflow/.local/lib/python3.12/site-packages/airflow/example_dags/tutorial_taskflow_api.py
[2025-01-24T23:57:51.800+0000] {processor.py:914} INFO - Processing file /home/airflow/.local/lib/python3.12/site-packages/airflow/example_dags/tutorial_taskflow_api.py for tasks to queue
[2025-01-24T23:57:51.805+0000] {logging_mixin.py:190} INFO - [2025-01-24T23:57:51.804+0000] {dagbag.py:587} INFO - Filling up the DagBag from /home/airflow/.local/lib/python3.12/site-packages/airflow/example_dags/tutorial_taskflow_api.py
[2025-01-24T23:57:51.827+0000] {processor.py:925} INFO - DAG(s) 'tutorial_taskflow_api' retrieved from /home/airflow/.local/lib/python3.12/site-packages/airflow/example_dags/tutorial_taskflow_api.py
[2025-01-24T23:57:52.090+0000] {logging_mixin.py:190} INFO - [2025-01-24T23:57:52.089+0000] {override.py:1858} INFO - Created Permission View: can delete on DAG:tutorial_taskflow_api
[2025-01-24T23:57:52.116+0000] {logging_mixin.py:190} INFO - [2025-01-24T23:57:52.115+0000] {override.py:1858} INFO - Created Permission View: can edit on DAG:tutorial_taskflow_api
[2025-01-24T23:57:52.180+0000] {logging_mixin.py:190} INFO - [2025-01-24T23:57:52.180+0000] {override.py:1858} INFO - Created Permission View: can read on DAG:tutorial_taskflow_api
[2025-01-24T23:57:52.181+0000] {logging_mixin.py:190} INFO - [2025-01-24T23:57:52.181+0000] {dag.py:3211} INFO - Sync 1 DAGs
[2025-01-24T23:57:52.204+0000] {logging_mixin.py:190} INFO - [2025-01-24T23:57:52.204+0000] {dag.py:3234} INFO - Creating ORM DAG for tutorial_taskflow_api
[2025-01-24T23:57:52.206+0000] {logging_mixin.py:190} INFO - [2025-01-24T23:57:52.206+0000] {dag.py:4138} INFO - Setting next_dagrun for tutorial_taskflow_api to None, run_after=None
[2025-01-24T23:57:52.278+0000] {processor.py:208} INFO - Processing /home/airflow/.local/lib/python3.12/site-packages/airflow/example_dags/tutorial_taskflow_api.py took 0.493 seconds
[2025-01-24T23:58:22.639+0000] {processor.py:186} INFO - Started process (PID=155) to work on /home/airflow/.local/lib/python3.12/site-packages/airflow/example_dags/tutorial_taskflow_api.py
[2025-01-24T23:58:22.641+0000] {processor.py:914} INFO - Processing file /home/airflow/.local/lib/python3.12/site-packages/airflow/example_dags/tutorial_taskflow_api.py for tasks to queue
[2025-01-24T23:58:22.644+0000] {logging_mixin.py:190} INFO - [2025-01-24T23:58:22.644+0000] {dagbag.py:587} INFO - Filling up the DagBag from /home/airflow/.local/lib/python3.12/site-packages/airflow/example_dags/tutorial_taskflow_api.py
[2025-01-24T23:58:22.656+0000] {processor.py:925} INFO - DAG(s) 'tutorial_taskflow_api' retrieved from /home/airflow/.local/lib/python3.12/site-packages/airflow/example_dags/tutorial_taskflow_api.py
[2025-01-24T23:58:22.685+0000] {logging_mixin.py:190} INFO - [2025-01-24T23:58:22.684+0000] {dag.py:3211} INFO - Sync 1 DAGs
[2025-01-24T23:58:22.704+0000] {logging_mixin.py:190} INFO - [2025-01-24T23:58:22.704+0000] {dag.py:4138} INFO - Setting next_dagrun for tutorial_taskflow_api to None, run_after=None
[2025-01-24T23:58:22.725+0000] {processor.py:208} INFO - Processing /home/airflow/.local/lib/python3.12/site-packages/airflow/example_dags/tutorial_taskflow_api.py took 0.096 seconds
[2025-01-24T23:58:53.344+0000] {processor.py:186} INFO - Started process (PID=218) to work on /home/airflow/.local/lib/python3.12/site-packages/airflow/example_dags/tutorial_taskflow_api.py
[2025-01-24T23:58:53.350+0000] {processor.py:914} INFO - Processing file /home/airflow/.local/lib/python3.12/site-packages/airflow/example_dags/tutorial_taskflow_api.py for tasks to queue
[2025-01-24T23:58:53.357+0000] {logging_mixin.py:190} INFO - [2025-01-24T23:58:53.357+0000] {dagbag.py:587} INFO - Filling up the DagBag from /home/airflow/.local/lib/python3.12/site-packages/airflow/example_dags/tutorial_taskflow_api.py
[2025-01-24T23:58:53.383+0000] {processor.py:925} INFO - DAG(s) 'tutorial_taskflow_api' retrieved from /home/airflow/.local/lib/python3.12/site-packages/airflow/example_dags/tutorial_taskflow_api.py
[2025-01-24T23:58:53.431+0000] {logging_mixin.py:190} INFO - [2025-01-24T23:58:53.431+0000] {dag.py:3211} INFO - Sync 1 DAGs
[2025-01-24T23:58:53.465+0000] {logging_mixin.py:190} INFO - [2025-01-24T23:58:53.464+0000] {dag.py:4138} INFO - Setting next_dagrun for tutorial_taskflow_api to None, run_after=None
[2025-01-24T23:58:53.508+0000] {processor.py:208} INFO - Processing /home/airflow/.local/lib/python3.12/site-packages/airflow/example_dags/tutorial_taskflow_api.py took 0.172 seconds
