[2025-01-24T23:57:47.178+0000] {processor.py:186} INFO - Started process (PID=82) to work on /home/airflow/.local/lib/python3.12/site-packages/airflow/example_dags/tutorial_objectstorage.py
[2025-01-24T23:57:47.179+0000] {processor.py:914} INFO - Processing file /home/airflow/.local/lib/python3.12/site-packages/airflow/example_dags/tutorial_objectstorage.py for tasks to queue
[2025-01-24T23:57:47.184+0000] {logging_mixin.py:190} INFO - [2025-01-24T23:57:47.183+0000] {dagbag.py:587} INFO - Filling up the DagBag from /home/airflow/.local/lib/python3.12/site-packages/airflow/example_dags/tutorial_objectstorage.py
[2025-01-24T23:57:47.211+0000] {processor.py:925} INFO - DAG(s) 'tutorial_objectstorage' retrieved from /home/airflow/.local/lib/python3.12/site-packages/airflow/example_dags/tutorial_objectstorage.py
[2025-01-24T23:57:47.439+0000] {logging_mixin.py:190} INFO - [2025-01-24T23:57:47.437+0000] {override.py:1858} INFO - Created Permission View: can delete on DAG:tutorial_objectstorage
[2025-01-24T23:57:47.472+0000] {logging_mixin.py:190} INFO - [2025-01-24T23:57:47.469+0000] {override.py:1858} INFO - Created Permission View: can edit on DAG:tutorial_objectstorage
[2025-01-24T23:57:47.492+0000] {logging_mixin.py:190} INFO - [2025-01-24T23:57:47.490+0000] {override.py:1858} INFO - Created Permission View: can read on DAG:tutorial_objectstorage
[2025-01-24T23:57:47.494+0000] {logging_mixin.py:190} INFO - [2025-01-24T23:57:47.493+0000] {dag.py:3211} INFO - Sync 1 DAGs
[2025-01-24T23:57:47.525+0000] {logging_mixin.py:190} INFO - [2025-01-24T23:57:47.524+0000] {dag.py:3234} INFO - Creating ORM DAG for tutorial_objectstorage
[2025-01-24T23:57:47.526+0000] {logging_mixin.py:190} INFO - [2025-01-24T23:57:47.526+0000] {dag.py:4138} INFO - Setting next_dagrun for tutorial_objectstorage to None, run_after=None
[2025-01-24T23:57:47.559+0000] {processor.py:208} INFO - Processing /home/airflow/.local/lib/python3.12/site-packages/airflow/example_dags/tutorial_objectstorage.py took 0.394 seconds
[2025-01-24T23:58:18.775+0000] {processor.py:186} INFO - Started process (PID=144) to work on /home/airflow/.local/lib/python3.12/site-packages/airflow/example_dags/tutorial_objectstorage.py
[2025-01-24T23:58:18.780+0000] {processor.py:914} INFO - Processing file /home/airflow/.local/lib/python3.12/site-packages/airflow/example_dags/tutorial_objectstorage.py for tasks to queue
[2025-01-24T23:58:18.787+0000] {logging_mixin.py:190} INFO - [2025-01-24T23:58:18.786+0000] {dagbag.py:587} INFO - Filling up the DagBag from /home/airflow/.local/lib/python3.12/site-packages/airflow/example_dags/tutorial_objectstorage.py
[2025-01-24T23:58:18.812+0000] {processor.py:925} INFO - DAG(s) 'tutorial_objectstorage' retrieved from /home/airflow/.local/lib/python3.12/site-packages/airflow/example_dags/tutorial_objectstorage.py
[2025-01-24T23:58:18.864+0000] {logging_mixin.py:190} INFO - [2025-01-24T23:58:18.864+0000] {dag.py:3211} INFO - Sync 1 DAGs
[2025-01-24T23:58:18.909+0000] {logging_mixin.py:190} INFO - [2025-01-24T23:58:18.908+0000] {dag.py:4138} INFO - Setting next_dagrun for tutorial_objectstorage to None, run_after=None
[2025-01-24T23:58:18.947+0000] {processor.py:208} INFO - Processing /home/airflow/.local/lib/python3.12/site-packages/airflow/example_dags/tutorial_objectstorage.py took 0.189 seconds
[2025-01-24T23:58:49.978+0000] {processor.py:186} INFO - Started process (PID=207) to work on /home/airflow/.local/lib/python3.12/site-packages/airflow/example_dags/tutorial_objectstorage.py
[2025-01-24T23:58:49.979+0000] {processor.py:914} INFO - Processing file /home/airflow/.local/lib/python3.12/site-packages/airflow/example_dags/tutorial_objectstorage.py for tasks to queue
[2025-01-24T23:58:49.983+0000] {logging_mixin.py:190} INFO - [2025-01-24T23:58:49.983+0000] {dagbag.py:587} INFO - Filling up the DagBag from /home/airflow/.local/lib/python3.12/site-packages/airflow/example_dags/tutorial_objectstorage.py
[2025-01-24T23:58:49.994+0000] {processor.py:925} INFO - DAG(s) 'tutorial_objectstorage' retrieved from /home/airflow/.local/lib/python3.12/site-packages/airflow/example_dags/tutorial_objectstorage.py
[2025-01-24T23:58:50.014+0000] {logging_mixin.py:190} INFO - [2025-01-24T23:58:50.013+0000] {dag.py:3211} INFO - Sync 1 DAGs
[2025-01-24T23:58:50.029+0000] {logging_mixin.py:190} INFO - [2025-01-24T23:58:50.028+0000] {dag.py:4138} INFO - Setting next_dagrun for tutorial_objectstorage to None, run_after=None
[2025-01-24T23:58:50.048+0000] {processor.py:208} INFO - Processing /home/airflow/.local/lib/python3.12/site-packages/airflow/example_dags/tutorial_objectstorage.py took 0.076 seconds
