[2025-01-24T23:57:55.694+0000] {processor.py:186} INFO - Started process (PID=112) to work on /home/airflow/.local/lib/python3.12/site-packages/airflow/example_dags/tutorial.py
[2025-01-24T23:57:55.698+0000] {processor.py:914} INFO - Processing file /home/airflow/.local/lib/python3.12/site-packages/airflow/example_dags/tutorial.py for tasks to queue
[2025-01-24T23:57:55.706+0000] {logging_mixin.py:190} INFO - [2025-01-24T23:57:55.705+0000] {dagbag.py:587} INFO - Filling up the DagBag from /home/airflow/.local/lib/python3.12/site-packages/airflow/example_dags/tutorial.py
[2025-01-24T23:57:55.734+0000] {processor.py:925} INFO - DAG(s) 'tutorial' retrieved from /home/airflow/.local/lib/python3.12/site-packages/airflow/example_dags/tutorial.py
[2025-01-24T23:57:56.082+0000] {logging_mixin.py:190} INFO - [2025-01-24T23:57:56.080+0000] {override.py:1858} INFO - Created Permission View: can delete on DAG:tutorial
[2025-01-24T23:57:56.102+0000] {logging_mixin.py:190} INFO - [2025-01-24T23:57:56.102+0000] {override.py:1858} INFO - Created Permission View: can edit on DAG:tutorial
[2025-01-24T23:57:56.114+0000] {logging_mixin.py:190} INFO - [2025-01-24T23:57:56.113+0000] {override.py:1858} INFO - Created Permission View: can read on DAG:tutorial
[2025-01-24T23:57:56.116+0000] {logging_mixin.py:190} INFO - [2025-01-24T23:57:56.116+0000] {dag.py:3211} INFO - Sync 1 DAGs
[2025-01-24T23:57:56.154+0000] {logging_mixin.py:190} INFO - [2025-01-24T23:57:56.154+0000] {dag.py:3234} INFO - Creating ORM DAG for tutorial
[2025-01-24T23:57:56.181+0000] {logging_mixin.py:190} INFO - [2025-01-24T23:57:56.180+0000] {dag.py:4138} INFO - Setting next_dagrun for tutorial to 2025-01-23 00:00:00+00:00, run_after=2025-01-24 00:00:00+00:00
[2025-01-24T23:57:56.260+0000] {processor.py:208} INFO - Processing /home/airflow/.local/lib/python3.12/site-packages/airflow/example_dags/tutorial.py took 0.584 seconds
[2025-01-24T23:58:26.534+0000] {processor.py:186} INFO - Started process (PID=169) to work on /home/airflow/.local/lib/python3.12/site-packages/airflow/example_dags/tutorial.py
[2025-01-24T23:58:26.536+0000] {processor.py:914} INFO - Processing file /home/airflow/.local/lib/python3.12/site-packages/airflow/example_dags/tutorial.py for tasks to queue
[2025-01-24T23:58:26.539+0000] {logging_mixin.py:190} INFO - [2025-01-24T23:58:26.538+0000] {dagbag.py:587} INFO - Filling up the DagBag from /home/airflow/.local/lib/python3.12/site-packages/airflow/example_dags/tutorial.py
[2025-01-24T23:58:26.546+0000] {processor.py:925} INFO - DAG(s) 'tutorial' retrieved from /home/airflow/.local/lib/python3.12/site-packages/airflow/example_dags/tutorial.py
[2025-01-24T23:58:26.567+0000] {logging_mixin.py:190} INFO - [2025-01-24T23:58:26.567+0000] {dag.py:3211} INFO - Sync 1 DAGs
[2025-01-24T23:58:26.593+0000] {logging_mixin.py:190} INFO - [2025-01-24T23:58:26.593+0000] {dag.py:4138} INFO - Setting next_dagrun for tutorial to 2025-01-23 00:00:00+00:00, run_after=2025-01-24 00:00:00+00:00
[2025-01-24T23:58:26.615+0000] {processor.py:208} INFO - Processing /home/airflow/.local/lib/python3.12/site-packages/airflow/example_dags/tutorial.py took 0.086 seconds
[2025-01-24T23:58:57.447+0000] {processor.py:186} INFO - Started process (PID=232) to work on /home/airflow/.local/lib/python3.12/site-packages/airflow/example_dags/tutorial.py
[2025-01-24T23:58:57.449+0000] {processor.py:914} INFO - Processing file /home/airflow/.local/lib/python3.12/site-packages/airflow/example_dags/tutorial.py for tasks to queue
[2025-01-24T23:58:57.455+0000] {logging_mixin.py:190} INFO - [2025-01-24T23:58:57.454+0000] {dagbag.py:587} INFO - Filling up the DagBag from /home/airflow/.local/lib/python3.12/site-packages/airflow/example_dags/tutorial.py
[2025-01-24T23:58:57.475+0000] {processor.py:925} INFO - DAG(s) 'tutorial' retrieved from /home/airflow/.local/lib/python3.12/site-packages/airflow/example_dags/tutorial.py
[2025-01-24T23:58:57.522+0000] {logging_mixin.py:190} INFO - [2025-01-24T23:58:57.521+0000] {dag.py:3211} INFO - Sync 1 DAGs
[2025-01-24T23:58:57.598+0000] {logging_mixin.py:190} INFO - [2025-01-24T23:58:57.597+0000] {dag.py:4138} INFO - Setting next_dagrun for tutorial to 2025-01-23 00:00:00+00:00, run_after=2025-01-24 00:00:00+00:00
[2025-01-24T23:58:57.637+0000] {processor.py:208} INFO - Processing /home/airflow/.local/lib/python3.12/site-packages/airflow/example_dags/tutorial.py took 0.202 seconds
