[2025-01-24T23:57:45.898+0000] {processor.py:186} INFO - Started process (PID=76) to work on /home/airflow/.local/lib/python3.12/site-packages/airflow/example_dags/tutorial_taskflow_api_virtualenv.py
[2025-01-24T23:57:45.900+0000] {processor.py:914} INFO - Processing file /home/airflow/.local/lib/python3.12/site-packages/airflow/example_dags/tutorial_taskflow_api_virtualenv.py for tasks to queue
[2025-01-24T23:57:45.905+0000] {logging_mixin.py:190} INFO - [2025-01-24T23:57:45.905+0000] {dagbag.py:587} INFO - Filling up the DagBag from /home/airflow/.local/lib/python3.12/site-packages/airflow/example_dags/tutorial_taskflow_api_virtualenv.py
[2025-01-24T23:57:45.929+0000] {processor.py:925} INFO - DAG(s) 'tutorial_taskflow_api_virtualenv' retrieved from /home/airflow/.local/lib/python3.12/site-packages/airflow/example_dags/tutorial_taskflow_api_virtualenv.py
[2025-01-24T23:57:46.186+0000] {logging_mixin.py:190} INFO - [2025-01-24T23:57:46.185+0000] {override.py:1858} INFO - Created Permission View: can delete on DAG:tutorial_taskflow_api_virtualenv
[2025-01-24T23:57:46.208+0000] {logging_mixin.py:190} INFO - [2025-01-24T23:57:46.207+0000] {override.py:1858} INFO - Created Permission View: can edit on DAG:tutorial_taskflow_api_virtualenv
[2025-01-24T23:57:46.222+0000] {logging_mixin.py:190} INFO - [2025-01-24T23:57:46.222+0000] {override.py:1858} INFO - Created Permission View: can read on DAG:tutorial_taskflow_api_virtualenv
[2025-01-24T23:57:46.224+0000] {logging_mixin.py:190} INFO - [2025-01-24T23:57:46.223+0000] {dag.py:3211} INFO - Sync 1 DAGs
[2025-01-24T23:57:46.250+0000] {logging_mixin.py:190} INFO - [2025-01-24T23:57:46.250+0000] {dag.py:3234} INFO - Creating ORM DAG for tutorial_taskflow_api_virtualenv
[2025-01-24T23:57:46.252+0000] {logging_mixin.py:190} INFO - [2025-01-24T23:57:46.252+0000] {dag.py:4138} INFO - Setting next_dagrun for tutorial_taskflow_api_virtualenv to None, run_after=None
[2025-01-24T23:57:46.280+0000] {processor.py:208} INFO - Processing /home/airflow/.local/lib/python3.12/site-packages/airflow/example_dags/tutorial_taskflow_api_virtualenv.py took 0.393 seconds
[2025-01-24T23:58:17.861+0000] {processor.py:186} INFO - Started process (PID=138) to work on /home/airflow/.local/lib/python3.12/site-packages/airflow/example_dags/tutorial_taskflow_api_virtualenv.py
[2025-01-24T23:58:17.862+0000] {processor.py:914} INFO - Processing file /home/airflow/.local/lib/python3.12/site-packages/airflow/example_dags/tutorial_taskflow_api_virtualenv.py for tasks to queue
[2025-01-24T23:58:17.866+0000] {logging_mixin.py:190} INFO - [2025-01-24T23:58:17.865+0000] {dagbag.py:587} INFO - Filling up the DagBag from /home/airflow/.local/lib/python3.12/site-packages/airflow/example_dags/tutorial_taskflow_api_virtualenv.py
[2025-01-24T23:58:17.888+0000] {processor.py:925} INFO - DAG(s) 'tutorial_taskflow_api_virtualenv' retrieved from /home/airflow/.local/lib/python3.12/site-packages/airflow/example_dags/tutorial_taskflow_api_virtualenv.py
[2025-01-24T23:58:17.925+0000] {logging_mixin.py:190} INFO - [2025-01-24T23:58:17.924+0000] {dag.py:3211} INFO - Sync 1 DAGs
[2025-01-24T23:58:17.958+0000] {logging_mixin.py:190} INFO - [2025-01-24T23:58:17.957+0000] {dag.py:4138} INFO - Setting next_dagrun for tutorial_taskflow_api_virtualenv to None, run_after=None
[2025-01-24T23:58:18.005+0000] {processor.py:208} INFO - Processing /home/airflow/.local/lib/python3.12/site-packages/airflow/example_dags/tutorial_taskflow_api_virtualenv.py took 0.154 seconds
[2025-01-24T23:58:49.563+0000] {processor.py:186} INFO - Started process (PID=201) to work on /home/airflow/.local/lib/python3.12/site-packages/airflow/example_dags/tutorial_taskflow_api_virtualenv.py
[2025-01-24T23:58:49.563+0000] {processor.py:914} INFO - Processing file /home/airflow/.local/lib/python3.12/site-packages/airflow/example_dags/tutorial_taskflow_api_virtualenv.py for tasks to queue
[2025-01-24T23:58:49.566+0000] {logging_mixin.py:190} INFO - [2025-01-24T23:58:49.565+0000] {dagbag.py:587} INFO - Filling up the DagBag from /home/airflow/.local/lib/python3.12/site-packages/airflow/example_dags/tutorial_taskflow_api_virtualenv.py
[2025-01-24T23:58:49.578+0000] {processor.py:925} INFO - DAG(s) 'tutorial_taskflow_api_virtualenv' retrieved from /home/airflow/.local/lib/python3.12/site-packages/airflow/example_dags/tutorial_taskflow_api_virtualenv.py
[2025-01-24T23:58:49.600+0000] {logging_mixin.py:190} INFO - [2025-01-24T23:58:49.599+0000] {dag.py:3211} INFO - Sync 1 DAGs
[2025-01-24T23:58:49.617+0000] {logging_mixin.py:190} INFO - [2025-01-24T23:58:49.616+0000] {dag.py:4138} INFO - Setting next_dagrun for tutorial_taskflow_api_virtualenv to None, run_after=None
[2025-01-24T23:58:49.636+0000] {processor.py:208} INFO - Processing /home/airflow/.local/lib/python3.12/site-packages/airflow/example_dags/tutorial_taskflow_api_virtualenv.py took 0.079 seconds
