[2025-02-01T23:16:00.661+0000] {local_task_job_runner.py:123} INFO - ::group::Pre task execution logs
[2025-02-01T23:16:00.694+0000] {taskinstance.py:2613} INFO - Dependencies all met for dep_context=non-requeueable deps ti=<TaskInstance: prim_pipelines.check_duplicates scheduled__2025-01-31T00:00:00+00:00 [queued]>
[2025-02-01T23:16:00.710+0000] {taskinstance.py:2613} INFO - Dependencies all met for dep_context=requeueable deps ti=<TaskInstance: prim_pipelines.check_duplicates scheduled__2025-01-31T00:00:00+00:00 [queued]>
[2025-02-01T23:16:00.711+0000] {taskinstance.py:2866} INFO - Starting attempt 1 of 1
[2025-02-01T23:16:00.733+0000] {taskinstance.py:2889} INFO - Executing <Task(_PythonDecoratedOperator): check_duplicates> on 2025-01-31 00:00:00+00:00
[2025-02-01T23:16:00.742+0000] {warnings.py:112} WARNING - /home/***/.local/lib/python3.12/site-packages/***/task/task_runner/standard_task_runner.py:70: DeprecationWarning: This process (pid=289) is multi-threaded, use of fork() may lead to deadlocks in the child.
  pid = os.fork()

[2025-02-01T23:16:00.748+0000] {standard_task_runner.py:72} INFO - Started process 306 to run task
[2025-02-01T23:16:00.748+0000] {standard_task_runner.py:104} INFO - Running: ['***', 'tasks', 'run', 'prim_pipelines', 'check_duplicates', 'scheduled__2025-01-31T00:00:00+00:00', '--job-id', '11', '--raw', '--subdir', 'DAGS_FOLDER/dag.py', '--cfg-path', '/tmp/tmpn8rzy70u']
[2025-02-01T23:16:00.749+0000] {standard_task_runner.py:105} INFO - Job 11: Subtask check_duplicates
[2025-02-01T23:16:00.830+0000] {task_command.py:467} INFO - Running <TaskInstance: prim_pipelines.check_duplicates scheduled__2025-01-31T00:00:00+00:00 [running]> on host 3f913d7c9c18
[2025-02-01T23:16:00.985+0000] {taskinstance.py:3132} INFO - Exporting env vars: AIRFLOW_CTX_DAG_OWNER='***' AIRFLOW_CTX_DAG_ID='prim_pipelines' AIRFLOW_CTX_TASK_ID='check_duplicates' AIRFLOW_CTX_EXECUTION_DATE='2025-01-31T00:00:00+00:00' AIRFLOW_CTX_TRY_NUMBER='1' AIRFLOW_CTX_DAG_RUN_ID='scheduled__2025-01-31T00:00:00+00:00'
[2025-02-01T23:16:00.987+0000] {taskinstance.py:731} INFO - ::endgroup::
[2025-02-01T23:16:01.052+0000] {logging_mixin.py:190} INFO - Nombre de lignes dupliquées = 1474
[2025-02-01T23:16:01.054+0000] {python.py:240} INFO - Done. Returned value was: None
[2025-02-01T23:16:01.077+0000] {taskinstance.py:340} INFO - ::group::Post task execution logs
[2025-02-01T23:16:01.078+0000] {taskinstance.py:352} INFO - Marking task as SUCCESS. dag_id=prim_pipelines, task_id=check_duplicates, run_id=scheduled__2025-01-31T00:00:00+00:00, execution_date=20250131T000000, start_date=20250201T231600, end_date=20250201T231601
[2025-02-01T23:16:01.130+0000] {local_task_job_runner.py:266} INFO - Task exited with return code 0
[2025-02-01T23:16:01.173+0000] {taskinstance.py:3895} INFO - 0 downstream tasks scheduled from follow-on schedule check
[2025-02-01T23:16:01.178+0000] {local_task_job_runner.py:245} INFO - ::endgroup::
