[2025-02-01T23:13:17.134+0000] {local_task_job_runner.py:123} INFO - ::group::Pre task execution logs
[2025-02-01T23:13:17.166+0000] {taskinstance.py:2613} INFO - Dependencies all met for dep_context=non-requeueable deps ti=<TaskInstance: prim_pipelines.check_row_numbers manual__2025-02-01T23:13:02.654769+00:00 [queued]>
[2025-02-01T23:13:17.182+0000] {taskinstance.py:2613} INFO - Dependencies all met for dep_context=requeueable deps ti=<TaskInstance: prim_pipelines.check_row_numbers manual__2025-02-01T23:13:02.654769+00:00 [queued]>
[2025-02-01T23:13:17.183+0000] {taskinstance.py:2866} INFO - Starting attempt 1 of 1
[2025-02-01T23:13:17.212+0000] {taskinstance.py:2889} INFO - Executing <Task(_PythonDecoratedOperator): check_row_numbers> on 2025-02-01 23:13:02.654769+00:00
[2025-02-01T23:13:17.223+0000] {warnings.py:112} WARNING - /home/***/.local/lib/python3.12/site-packages/***/task/task_runner/standard_task_runner.py:70: DeprecationWarning: This process (pid=181) is multi-threaded, use of fork() may lead to deadlocks in the child.
  pid = os.fork()

[2025-02-01T23:13:17.225+0000] {standard_task_runner.py:72} INFO - Started process 204 to run task
[2025-02-01T23:13:17.226+0000] {standard_task_runner.py:104} INFO - Running: ['***', 'tasks', 'run', 'prim_pipelines', 'check_row_numbers', 'manual__2025-02-01T23:13:02.654769+00:00', '--job-id', '8', '--raw', '--subdir', 'DAGS_FOLDER/dag.py', '--cfg-path', '/tmp/tmpqrw4ft00']
[2025-02-01T23:13:17.228+0000] {standard_task_runner.py:105} INFO - Job 8: Subtask check_row_numbers
[2025-02-01T23:13:17.301+0000] {task_command.py:467} INFO - Running <TaskInstance: prim_pipelines.check_row_numbers manual__2025-02-01T23:13:02.654769+00:00 [running]> on host 3f913d7c9c18
[2025-02-01T23:13:17.432+0000] {taskinstance.py:3132} INFO - Exporting env vars: AIRFLOW_CTX_DAG_OWNER='***' AIRFLOW_CTX_DAG_ID='prim_pipelines' AIRFLOW_CTX_TASK_ID='check_row_numbers' AIRFLOW_CTX_EXECUTION_DATE='2025-02-01T23:13:02.654769+00:00' AIRFLOW_CTX_TRY_NUMBER='1' AIRFLOW_CTX_DAG_RUN_ID='manual__2025-02-01T23:13:02.654769+00:00'
[2025-02-01T23:13:17.433+0000] {taskinstance.py:731} INFO - ::endgroup::
[2025-02-01T23:13:17.468+0000] {logging_mixin.py:190} INFO - le nombre de lignes = 10312
[2025-02-01T23:13:17.469+0000] {python.py:240} INFO - Done. Returned value was: None
[2025-02-01T23:13:17.490+0000] {taskinstance.py:340} INFO - ::group::Post task execution logs
[2025-02-01T23:13:17.491+0000] {taskinstance.py:352} INFO - Marking task as SUCCESS. dag_id=prim_pipelines, task_id=check_row_numbers, run_id=manual__2025-02-01T23:13:02.654769+00:00, execution_date=20250201T231302, start_date=20250201T231317, end_date=20250201T231317
[2025-02-01T23:13:17.523+0000] {local_task_job_runner.py:266} INFO - Task exited with return code 0
[2025-02-01T23:13:17.551+0000] {taskinstance.py:3895} INFO - 0 downstream tasks scheduled from follow-on schedule check
[2025-02-01T23:13:17.553+0000] {local_task_job_runner.py:245} INFO - ::endgroup::
