[2025-01-26T02:05:40.953+0000] {local_task_job_runner.py:123} INFO - ::group::Pre task execution logs
[2025-01-26T02:05:40.990+0000] {taskinstance.py:2603} INFO - Dependencies not met for <TaskInstance: prim_pipelines.check_row_numbers scheduled__2025-01-25T00:00:00+00:00 [queued]>, dependency 'Trigger Rule' FAILED: Task's trigger rule 'all_success' requires all upstream tasks to have succeeded, but found 1 non-success(es). upstream_states=_UpstreamTIStates(success=0, skipped=0, failed=0, upstream_failed=0, removed=0, done=0, success_setup=0, skipped_setup=0), upstream_task_ids={'load_from_file'}
[2025-01-26T02:05:40.993+0000] {local_task_job_runner.py:166} INFO - Task is not able to be run
[2025-01-26T02:23:27.099+0000] {local_task_job_runner.py:123} INFO - ::group::Pre task execution logs
[2025-01-26T02:23:27.118+0000] {taskinstance.py:2613} INFO - Dependencies all met for dep_context=non-requeueable deps ti=<TaskInstance: prim_pipelines.check_row_numbers scheduled__2025-01-25T00:00:00+00:00 [queued]>
[2025-01-26T02:23:27.127+0000] {taskinstance.py:2613} INFO - Dependencies all met for dep_context=requeueable deps ti=<TaskInstance: prim_pipelines.check_row_numbers scheduled__2025-01-25T00:00:00+00:00 [queued]>
[2025-01-26T02:23:27.128+0000] {taskinstance.py:2866} INFO - Starting attempt 1 of 1
[2025-01-26T02:23:27.142+0000] {taskinstance.py:2889} INFO - Executing <Task(_PythonDecoratedOperator): check_row_numbers> on 2025-01-25 00:00:00+00:00
[2025-01-26T02:23:27.148+0000] {warnings.py:112} WARNING - /home/***/.local/lib/python3.12/site-packages/***/task/task_runner/standard_task_runner.py:70: DeprecationWarning: This process (pid=858) is multi-threaded, use of fork() may lead to deadlocks in the child.
  pid = os.fork()

[2025-01-26T02:23:27.150+0000] {standard_task_runner.py:72} INFO - Started process 881 to run task
[2025-01-26T02:23:27.151+0000] {standard_task_runner.py:104} INFO - Running: ['***', 'tasks', 'run', 'prim_pipelines', 'check_row_numbers', 'scheduled__2025-01-25T00:00:00+00:00', '--job-id', '45', '--raw', '--subdir', 'DAGS_FOLDER/dag.py', '--cfg-path', '/tmp/tmpp0euby_o']
[2025-01-26T02:23:27.152+0000] {standard_task_runner.py:105} INFO - Job 45: Subtask check_row_numbers
[2025-01-26T02:23:27.212+0000] {task_command.py:467} INFO - Running <TaskInstance: prim_pipelines.check_row_numbers scheduled__2025-01-25T00:00:00+00:00 [running]> on host d9d6adeb4aac
[2025-01-26T02:23:27.340+0000] {taskinstance.py:3132} INFO - Exporting env vars: AIRFLOW_CTX_DAG_OWNER='***' AIRFLOW_CTX_DAG_ID='prim_pipelines' AIRFLOW_CTX_TASK_ID='check_row_numbers' AIRFLOW_CTX_EXECUTION_DATE='2025-01-25T00:00:00+00:00' AIRFLOW_CTX_TRY_NUMBER='1' AIRFLOW_CTX_DAG_RUN_ID='scheduled__2025-01-25T00:00:00+00:00'
[2025-01-26T02:23:27.341+0000] {taskinstance.py:731} INFO - ::endgroup::
[2025-01-26T02:23:27.387+0000] {logging_mixin.py:190} INFO - le nombre de lignes = 8838
[2025-01-26T02:23:27.388+0000] {python.py:240} INFO - Done. Returned value was: None
[2025-01-26T02:23:27.401+0000] {taskinstance.py:340} INFO - ::group::Post task execution logs
[2025-01-26T02:23:27.402+0000] {taskinstance.py:352} INFO - Marking task as SUCCESS. dag_id=prim_pipelines, task_id=check_row_numbers, run_id=scheduled__2025-01-25T00:00:00+00:00, execution_date=20250125T000000, start_date=20250126T022327, end_date=20250126T022327
[2025-01-26T02:23:27.447+0000] {local_task_job_runner.py:266} INFO - Task exited with return code 0
[2025-01-26T02:23:27.465+0000] {taskinstance.py:3895} INFO - 0 downstream tasks scheduled from follow-on schedule check
[2025-01-26T02:23:27.468+0000] {local_task_job_runner.py:245} INFO - ::endgroup::
